<?xml version="1.0" encoding="UTF-8"?>
<!-- Generated by org.testng.reporters.JUnitReportReporter -->
<testsuite hostname="mbpro-dejuan.local" name="testcases.Dev100LoginFirstTime" tests="7" failures="0" timestamp="18 Aug 2016 06:14:26 GMT" time="119.362" errors="0">
  <testcase name="step1" time="16.897" classname="testcases.Dev100LoginFirstTime"/>
  <testcase name="step1" time="17.001" classname="testcases.Dev100LoginFirstTime"/>
  <testcase name="step1" time="17.025" classname="testcases.Dev100LoginFirstTime"/>
  <testcase name="step1" time="16.981" classname="testcases.Dev100LoginFirstTime"/>
  <testcase name="step1" time="17.403" classname="testcases.Dev100LoginFirstTime"/>
  <testcase name="step1" time="17.122" classname="testcases.Dev100LoginFirstTime"/>
  <testcase name="step1" time="16.933" classname="testcases.Dev100LoginFirstTime"/>
</testsuite> <!-- testcases.Dev100LoginFirstTime -->
