<?xml version="1.0" encoding="UTF-8"?>
<!-- Generated by org.testng.reporters.JUnitReportReporter -->
<testsuite hostname="mbpro-dejuan.local" name="testcases.A3Dev999CheckExchangePricesADV" tests="60" failures="0" timestamp="23 Nov 2016 08:52:18 GMT" time="68.650" errors="0">
  <testcase name="checkLMExchangePriceM2" time="0.162" classname="testcases.A3Dev999CheckExchangePricesADV"/>
  <testcase name="checkLMExchangePrice" time="0.136" classname="testcases.A3Dev999CheckExchangePricesADV"/>
  <testcase name="checkBuyNowExchangePrice" time="0.159" classname="testcases.A3Dev999CheckExchangePricesADV"/>
  <testcase name="checkBidExchangePrice" time="0.137" classname="testcases.A3Dev999CheckExchangePricesADV"/>
  <testcase name="checkBuyNowExchangePrice" time="0.130" classname="testcases.A3Dev999CheckExchangePricesADV"/>
  <testcase name="checkBuyNowExchangePriceM2" time="0.140" classname="testcases.A3Dev999CheckExchangePricesADV"/>
  <testcase name="checkBidExchangePriceM2" time="0.161" classname="testcases.A3Dev999CheckExchangePricesADV"/>
  <testcase name="checkBidExchangePriceM2" time="0.154" classname="testcases.A3Dev999CheckExchangePricesADV"/>
  <testcase name="findLMInventoryForMedia1" time="17.803" classname="testcases.A3Dev999CheckExchangePricesADV"/>
  <testcase name="checkBuyNowExchangePriceM2" time="0.141" classname="testcases.A3Dev999CheckExchangePricesADV"/>
  <testcase name="checkBuyNowExchangePriceM2" time="0.138" classname="testcases.A3Dev999CheckExchangePricesADV"/>
  <testcase name="checkBidExchangePriceM2" time="0.187" classname="testcases.A3Dev999CheckExchangePricesADV"/>
  <testcase name="checkLMExchangePrice" time="0.176" classname="testcases.A3Dev999CheckExchangePricesADV"/>
  <testcase name="checkLMExchangePrice" time="0.135" classname="testcases.A3Dev999CheckExchangePricesADV"/>
  <testcase name="checkBuyNowExchangePriceM2" time="0.142" classname="testcases.A3Dev999CheckExchangePricesADV"/>
  <testcase name="checkBidExchangePriceM2" time="0.160" classname="testcases.A3Dev999CheckExchangePricesADV"/>
  <testcase name="checkBuyNowExchangePriceM2" time="0.169" classname="testcases.A3Dev999CheckExchangePricesADV"/>
  <testcase name="checkBuyNowExchangePriceM2" time="0.147" classname="testcases.A3Dev999CheckExchangePricesADV"/>
  <testcase name="checkBidExchangePriceM2" time="0.152" classname="testcases.A3Dev999CheckExchangePricesADV"/>
  <testcase name="checkBidExchangePrice" time="0.133" classname="testcases.A3Dev999CheckExchangePricesADV"/>
  <testcase name="checkBuyNowExchangePriceM2" time="0.139" classname="testcases.A3Dev999CheckExchangePricesADV"/>
  <testcase name="findBuyNowInventoryForMedia2" time="6.920" classname="testcases.A3Dev999CheckExchangePricesADV"/>
  <testcase name="checkLMExchangePriceM2" time="0.157" classname="testcases.A3Dev999CheckExchangePricesADV"/>
  <testcase name="checkBidExchangePriceM2" time="0.174" classname="testcases.A3Dev999CheckExchangePricesADV"/>
  <testcase name="checkLMExchangePriceM2" time="0.193" classname="testcases.A3Dev999CheckExchangePricesADV"/>
  <testcase name="checkLMExchangePrice" time="0.136" classname="testcases.A3Dev999CheckExchangePricesADV"/>
  <testcase name="checkBidExchangePriceM2" time="0.154" classname="testcases.A3Dev999CheckExchangePricesADV"/>
  <testcase name="checkLMExchangePriceM2" time="0.270" classname="testcases.A3Dev999CheckExchangePricesADV"/>
  <testcase name="checkBuyNowExchangePriceM2" time="0.143" classname="testcases.A3Dev999CheckExchangePricesADV"/>
  <testcase name="checkLMExchangePriceM2" time="0.161" classname="testcases.A3Dev999CheckExchangePricesADV"/>
  <testcase name="findBidInventoryForMedia2" time="6.842" classname="testcases.A3Dev999CheckExchangePricesADV"/>
  <testcase name="checkLMExchangePriceM2" time="0.155" classname="testcases.A3Dev999CheckExchangePricesADV"/>
  <testcase name="checkLMExchangePrice" time="0.138" classname="testcases.A3Dev999CheckExchangePricesADV"/>
  <testcase name="checkBidExchangePriceM2" time="0.155" classname="testcases.A3Dev999CheckExchangePricesADV"/>
  <testcase name="checkBidExchangePriceM2" time="0.151" classname="testcases.A3Dev999CheckExchangePricesADV"/>
  <testcase name="findBuyNowInventoryForMedia1" time="6.287" classname="testcases.A3Dev999CheckExchangePricesADV"/>
  <testcase name="checkLMExchangePriceM2" time="0.184" classname="testcases.A3Dev999CheckExchangePricesADV"/>
  <testcase name="checkLMExchangePriceM2" time="0.204" classname="testcases.A3Dev999CheckExchangePricesADV"/>
  <testcase name="checkLMExchangePriceM2" time="0.166" classname="testcases.A3Dev999CheckExchangePricesADV"/>
  <testcase name="checkLMExchangePriceM2" time="0.245" classname="testcases.A3Dev999CheckExchangePricesADV"/>
  <testcase name="findBidInventoryForMedia1" time="6.371" classname="testcases.A3Dev999CheckExchangePricesADV"/>
  <testcase name="checkBidExchangePrice" time="0.139" classname="testcases.A3Dev999CheckExchangePricesADV"/>
  <testcase name="checkBidExchangePrice" time="0.139" classname="testcases.A3Dev999CheckExchangePricesADV"/>
  <testcase name="checkLMExchangePriceM2" time="0.168" classname="testcases.A3Dev999CheckExchangePricesADV"/>
  <testcase name="checkLMExchangePrice" time="0.133" classname="testcases.A3Dev999CheckExchangePricesADV"/>
  <testcase name="checkBidExchangePrice" time="0.157" classname="testcases.A3Dev999CheckExchangePricesADV"/>
  <testcase name="checkBidExchangePriceM2" time="0.160" classname="testcases.A3Dev999CheckExchangePricesADV"/>
  <testcase name="checkLMExchangePriceM2" time="0.160" classname="testcases.A3Dev999CheckExchangePricesADV"/>
  <testcase name="checkBuyNowExchangePrice" time="0.129" classname="testcases.A3Dev999CheckExchangePricesADV"/>
  <testcase name="checkBuyNowExchangePriceM2" time="0.155" classname="testcases.A3Dev999CheckExchangePricesADV"/>
  <testcase name="checkBuyNowExchangePrice" time="0.133" classname="testcases.A3Dev999CheckExchangePricesADV"/>
  <testcase name="checkBidExchangePriceM2" time="0.153" classname="testcases.A3Dev999CheckExchangePricesADV"/>
  <testcase name="checkBuyNowExchangePrice" time="0.135" classname="testcases.A3Dev999CheckExchangePricesADV"/>
  <testcase name="checkBuyNowExchangePriceM2" time="0.143" classname="testcases.A3Dev999CheckExchangePricesADV"/>
  <testcase name="checkBuyNowExchangePriceM2" time="0.144" classname="testcases.A3Dev999CheckExchangePricesADV"/>
  <testcase name="checkBidExchangePrice" time="0.167" classname="testcases.A3Dev999CheckExchangePricesADV"/>
  <testcase name="checkBidExchangePriceM2" time="0.157" classname="testcases.A3Dev999CheckExchangePricesADV"/>
  <testcase name="checkBuyNowExchangePrice" time="0.129" classname="testcases.A3Dev999CheckExchangePricesADV"/>
  <testcase name="checkBuyNowExchangePriceM2" time="0.144" classname="testcases.A3Dev999CheckExchangePricesADV"/>
  <testcase name="findLMInventoryForMedia2" time="15.998" classname="testcases.A3Dev999CheckExchangePricesADV"/>
</testsuite> <!-- testcases.A3Dev999CheckExchangePricesADV -->
