<?xml version="1.0" encoding="UTF-8"?>
<!-- Generated by org.testng.reporters.JUnitReportReporter -->
<testsuite hostname="mbpro-dejuan.lan" name="testcases.Dev1079CheckBuyNowPricesDiffSalesOrg" tests="4" failures="0" timestamp="21 Aug 2016 07:37:49 GMT" time="241.419" errors="0">
  <testcase name="steps1" time="60.841" classname="testcases.Dev1079CheckBuyNowPricesDiffSalesOrg"/>
  <testcase name="steps1" time="59.548" classname="testcases.Dev1079CheckBuyNowPricesDiffSalesOrg"/>
  <testcase name="steps1" time="60.160" classname="testcases.Dev1079CheckBuyNowPricesDiffSalesOrg"/>
  <testcase name="steps1" time="60.870" classname="testcases.Dev1079CheckBuyNowPricesDiffSalesOrg"/>
</testsuite> <!-- testcases.Dev1079CheckBuyNowPricesDiffSalesOrg -->
