<?xml version="1.0" encoding="UTF-8"?>
<!-- Generated by org.testng.reporters.JUnitReportReporter -->
<testsuite hostname="mbpro-dejuan.local" name="testcases.A4_1Dev1101CampaignBuy" tests="2" failures="0" timestamp="11 Nov 2016 07:32:33 GMT" time="123.974" errors="0">
  <testcase name="SelectCmpBuyTwoTogether" time="68.210" classname="testcases.A4_1Dev1101CampaignBuy"/>
  <testcase name="SelectCmpBuyOne" time="55.764" classname="testcases.A4_1Dev1101CampaignBuy"/>
</testsuite> <!-- testcases.A4_1Dev1101CampaignBuy -->
