<?xml version="1.0" encoding="UTF-8"?>
<!-- Generated by org.testng.reporters.JUnitReportReporter -->
<testsuite hostname="mbpro-dejuan.local" name="testcases.B2Dev1000OptionPushADV" tests="2" failures="0" timestamp="23 Nov 2016 09:15:05 GMT" time="108.602" errors="0">
  <testcase name="optionPush" time="74.917" classname="testcases.B2Dev1000OptionPushADV"/>
  <testcase name="offerScreen" time="33.685" classname="testcases.B2Dev1000OptionPushADV"/>
</testsuite> <!-- testcases.B2Dev1000OptionPushADV -->
