<?xml version="1.0" encoding="UTF-8"?>
<!-- Generated by org.testng.reporters.JUnitReportReporter -->
<testsuite hostname="mbpro-dejuan.local" name="testcases.C1Dev1000BidOneAutobid" tests="7" failures="0" timestamp="8 Sep 2016 11:04:23 GMT" time="225.202" errors="0">
  <testcase name="AddToMyLots" time="27.303" classname="testcases.C1Dev1000BidOneAutobid"/>
  <testcase name="ADV2bidBecomeOutbid" time="37.395" classname="testcases.C1Dev1000BidOneAutobid"/>
  <testcase name="ADV2bidAgainAgainBecomeWinner" time="57.617" classname="testcases.C1Dev1000BidOneAutobid"/>
  <testcase name="ADVIsOutBidADVBidAgain" time="33.912" classname="testcases.C1Dev1000BidOneAutobid"/>
  <testcase name="AddToMyLots" time="28.961" classname="testcases.C1Dev1000BidOneAutobid"/>
  <testcase name="ADVLotStatusIsBid" time="9.335" classname="testcases.C1Dev1000BidOneAutobid"/>
  <testcase name="ADVautobid" time="30.679" classname="testcases.C1Dev1000BidOneAutobid"/>
</testsuite> <!-- testcases.C1Dev1000BidOneAutobid -->
