<?xml version="1.0" encoding="UTF-8"?>
<!-- Generated by org.testng.reporters.JUnitReportReporter -->
<testsuite hostname="mbpro-dejuan.local" name="testcases.C4Dev1132MBOptionPush" tests="9" failures="0" timestamp="25 Nov 2016 14:21:51 GMT" time="384.142" errors="0">
  <testcase name="campaignAddOne" time="8.349" classname="testcases.C4Dev1132MBOptionPush"/>
  <testcase name="CheckStatusBuyTwoDeleteOne" time="41.116" classname="testcases.C4Dev1132MBOptionPush"/>
  <testcase name="optionPush" time="69.911" classname="testcases.C4Dev1132MBOptionPush"/>
  <testcase name="optionPush" time="70.611" classname="testcases.C4Dev1132MBOptionPush"/>
  <testcase name="campaignAddAll" time="13.413" classname="testcases.C4Dev1132MBOptionPush"/>
  <testcase name="optionPush" time="75.538" classname="testcases.C4Dev1132MBOptionPush"/>
  <testcase name="notificationNoCampaignDeselect" time="25.897" classname="testcases.C4Dev1132MBOptionPush"/>
  <testcase name="optionPush" time="71.842" classname="testcases.C4Dev1132MBOptionPush"/>
  <testcase name="deletAnOffer" time="7.465" classname="testcases.C4Dev1132MBOptionPush"/>
</testsuite> <!-- testcases.C4Dev1132MBOptionPush -->
