<?xml version="1.0" encoding="UTF-8"?>
<!-- Generated by org.testng.reporters.JUnitReportReporter -->
<testsuite hostname="mbpro-dejuan.local" name="testcases.C3Dev1007OptionPushADV" tests="2" failures="0" timestamp="30 Nov 2016 09:53:13 GMT" time="101.520" errors="0">
  <testcase name="optionPush" time="66.416" classname="testcases.C3Dev1007OptionPushADV"/>
  <testcase name="offerScreen" time="35.104" classname="testcases.C3Dev1007OptionPushADV"/>
</testsuite> <!-- testcases.C3Dev1007OptionPushADV -->
