<?xml version="1.0" encoding="UTF-8"?>
<!-- Generated by org.testng.reporters.JUnitReportReporter -->
<testsuite hostname="mbpro-dejuan.local" name="testcases.C1Dev1000ADVOptionRequestAcceptReject" tests="1" failures="0" timestamp="25 Nov 2016 14:21:51 GMT" time="144.717" errors="0">
  <testcase name="optionRequestAcceptReject" time="144.717" classname="testcases.C1Dev1000ADVOptionRequestAcceptReject"/>
</testsuite> <!-- testcases.C1Dev1000ADVOptionRequestAcceptReject -->
