<?xml version="1.0" encoding="UTF-8"?>
<!-- Generated by org.testng.reporters.JUnitReportReporter -->
<testsuite hostname="mbpro-dejuan.local" name="testcases.C1Dev1000ADVBulkBid" tests="1" failures="0" timestamp="23 Nov 2016 09:48:50 GMT" time="55.521" errors="0">
  <testcase name="AddToMyLotsAndBid" time="55.521" classname="testcases.C1Dev1000ADVBulkBid"/>
</testsuite> <!-- testcases.C1Dev1000ADVBulkBid -->
