<?xml version="1.0" encoding="UTF-8"?>
<!-- Generated by org.testng.reporters.JUnitReportReporter -->
<testsuite hostname="mbpro-dejuan.local" name="testcases.B5Dev1079CheckPricesForADV2" tests="6" failures="0" timestamp="30 Nov 2016 08:02:59 GMT" time="100.172" errors="0">
  <testcase name="checkPrices" time="14.905" classname="testcases.B5Dev1079CheckPricesForADV2"/>
  <testcase name="checkPrices" time="14.770" classname="testcases.B5Dev1079CheckPricesForADV2"/>
  <testcase name="deleteLots" time="7.937" classname="testcases.B5Dev1079CheckPricesForADV2"/>
  <testcase name="checkPrices" time="10.122" classname="testcases.B5Dev1079CheckPricesForADV2"/>
  <testcase name="addToMyLots" time="42.355" classname="testcases.B5Dev1079CheckPricesForADV2"/>
  <testcase name="checkPrices" time="10.083" classname="testcases.B5Dev1079CheckPricesForADV2"/>
</testsuite> <!-- testcases.B5Dev1079CheckPricesForADV2 -->
