<?xml version="1.0" encoding="UTF-8"?>
<!-- Generated by org.testng.reporters.JUnitReportReporter -->
<testsuite hostname="mbpro-dejuan.local" name="testcases.D2Dev986BuyADV" tests="3" failures="0" timestamp="30 Nov 2016 09:59:58 GMT" time="70.782" errors="0">
  <testcase name="ADBuyOne" time="11.165" classname="testcases.D2Dev986BuyADV"/>
  <testcase name="ADBuyMultiple" time="21.109" classname="testcases.D2Dev986BuyADV"/>
  <testcase name="AddToMyLots" time="38.508" classname="testcases.D2Dev986BuyADV"/>
</testsuite> <!-- testcases.D2Dev986BuyADV -->
