<?xml version="1.0" encoding="UTF-8"?>
<!-- Generated by org.testng.reporters.JUnitReportReporter -->
<testsuite hostname="mbpro-dejuan.local" name="testcases.A4Dev1101CampaignBuy" tests="2" failures="0" timestamp="7 Nov 2016 09:56:37 GMT" time="132.754" errors="0">
  <testcase name="SelectCmpBuyOne" time="62.910" classname="testcases.A4Dev1101CampaignBuy"/>
  <testcase name="SelectCmpBuyTwoTogether" time="69.844" classname="testcases.A4Dev1101CampaignBuy"/>
</testsuite> <!-- testcases.A4Dev1101CampaignBuy -->
