<?xml version="1.0" encoding="UTF-8"?>
<!-- Generated by org.testng.reporters.JUnitReportReporter -->
<testsuite hostname="mbpro-dejuan.local" name="testcases.A3Dev1077CheckAllPricesForADV" tests="11" failures="0" timestamp="23 Nov 2016 08:52:18 GMT" time="500.814" errors="0">
  <testcase name="checkAllPrices" time="46.003" classname="testcases.A3Dev1077CheckAllPricesForADV"/>
  <testcase name="checkAllPrices" time="43.620" classname="testcases.A3Dev1077CheckAllPricesForADV"/>
  <testcase name="checkAllPrices" time="48.984" classname="testcases.A3Dev1077CheckAllPricesForADV"/>
  <testcase name="checkAllPrices" time="44.139" classname="testcases.A3Dev1077CheckAllPricesForADV"/>
  <testcase name="checkAllPrices" time="44.273" classname="testcases.A3Dev1077CheckAllPricesForADV"/>
  <testcase name="checkAllPrices" time="46.091" classname="testcases.A3Dev1077CheckAllPricesForADV"/>
  <testcase name="checkAllPrices" time="44.967" classname="testcases.A3Dev1077CheckAllPricesForADV"/>
  <testcase name="checkAllPrices" time="43.804" classname="testcases.A3Dev1077CheckAllPricesForADV"/>
  <testcase name="checkAllPrices" time="46.788" classname="testcases.A3Dev1077CheckAllPricesForADV"/>
  <testcase name="checkAllPrices" time="48.610" classname="testcases.A3Dev1077CheckAllPricesForADV"/>
  <testcase name="checkAllPrices" time="43.535" classname="testcases.A3Dev1077CheckAllPricesForADV"/>
</testsuite> <!-- testcases.A3Dev1077CheckAllPricesForADV -->
