<?xml version="1.0" encoding="UTF-8"?>
<!-- Generated by org.testng.reporters.JUnitReportReporter -->
<testsuite hostname="mbpro-dejuan.local" name="testcases.A6Dev1002CheckPrivateSeatOrdersMB" tests="3" failures="0" timestamp="9 Nov 2016 10:30:47 GMT" time="25.113" errors="0">
  <testcase name="checkOrderResults" time="0.004" classname="testcases.A6Dev1002CheckPrivateSeatOrdersMB"/>
  <testcase name="checkOrderResults" time="0.001" classname="testcases.A6Dev1002CheckPrivateSeatOrdersMB"/>
  <testcase name="campaignMultipleBuyGetOrderOverview" time="25.108" classname="testcases.A6Dev1002CheckPrivateSeatOrdersMB"/>
</testsuite> <!-- testcases.A6Dev1002CheckPrivateSeatOrdersMB -->
