<?xml version="1.0" encoding="UTF-8"?>
<!-- Generated by org.testng.reporters.JUnitReportReporter -->
<testsuite hostname="mbpro-dejuan.local" name="testcases.E6Dev1139ADVMBUnderBid" tests="8" failures="0" timestamp="25 Nov 2016 15:15:44 GMT" time="310.240" errors="0">
  <testcase name="AddToMyLots" time="54.017" classname="testcases.E6Dev1139ADVMBUnderBid"/>
  <testcase name="ADVLotStatusIsUnderBid" time="22.318" classname="testcases.E6Dev1139ADVMBUnderBid"/>
  <testcase name="ADVunderBidautobid" time="48.666" classname="testcases.E6Dev1139ADVMBUnderBid"/>
  <testcase name="ResAcceptMBUnderBid" time="25.977" classname="testcases.E6Dev1139ADVMBUnderBid"/>
  <testcase name="AddToMyLots" time="62.201" classname="testcases.E6Dev1139ADVMBUnderBid"/>
  <testcase name="ADVLotStatusIsOutbid" time="26.863" classname="testcases.E6Dev1139ADVMBUnderBid"/>
  <testcase name="MBunderBid" time="41.218" classname="testcases.E6Dev1139ADVMBUnderBid"/>
  <testcase name="ResRejectADVUnderBid" time="28.980" classname="testcases.E6Dev1139ADVMBUnderBid"/>
</testsuite> <!-- testcases.E6Dev1139ADVMBUnderBid -->
