<?xml version="1.0" encoding="UTF-8"?>
<!-- Generated by org.testng.reporters.JUnitReportReporter -->
<testsuite hostname="mbpro-dejuan.local" name="testcases.A5Dev1102ADV2BuyDealIDAndBulkDealID" tests="3" failures="0" timestamp="23 Nov 2016 09:01:54 GMT" time="106.225" errors="0">
  <testcase name="SetBulkDealIdAndBuy" time="37.362" classname="testcases.A5Dev1102ADV2BuyDealIDAndBulkDealID"/>
  <testcase name="SetSingleDealIdAndBuy" time="21.485" classname="testcases.A5Dev1102ADV2BuyDealIDAndBulkDealID"/>
  <testcase name="AddInventoriesToMyLots" time="47.378" classname="testcases.A5Dev1102ADV2BuyDealIDAndBulkDealID"/>
</testsuite> <!-- testcases.A5Dev1102ADV2BuyDealIDAndBulkDealID -->
