<?xml version="1.0" encoding="UTF-8"?>
<!-- Generated by org.testng.reporters.JUnitReportReporter -->
<testsuite hostname="mbpro-dejuan.local" name="testcases.D1Dev1101MBBuyCheckOrders" tests="7" failures="0" timestamp="25 Nov 2016 14:44:46 GMT" time="162.282" errors="0">
  <testcase name="checkOrderValue" time="0.000" classname="testcases.D1Dev1101MBBuyCheckOrders"/>
  <testcase name="checkOrderValue" time="0.003" classname="testcases.D1Dev1101MBBuyCheckOrders"/>
  <testcase name="fatchOrders" time="42.073" classname="testcases.D1Dev1101MBBuyCheckOrders"/>
  <testcase name="compareOrdersPubSideAndMBSide" time="0.000" classname="testcases.D1Dev1101MBBuyCheckOrders"/>
  <testcase name="SelectCmpBuyOne" time="52.915" classname="testcases.D1Dev1101MBBuyCheckOrders"/>
  <testcase name="SelectCmpBuyTwoTogether" time="67.291" classname="testcases.D1Dev1101MBBuyCheckOrders"/>
  <testcase name="checkOrderValue" time="0.000" classname="testcases.D1Dev1101MBBuyCheckOrders"/>
</testsuite> <!-- testcases.D1Dev1101MBBuyCheckOrders -->
