<?xml version="1.0" encoding="UTF-8"?>
<!-- Generated by org.testng.reporters.JUnitReportReporter -->
<testsuite hostname="mbpro-dejuan.local" name="testcases.A3Dev1080CheckPricesForDiffCampaign" tests="6" failures="0" timestamp="23 Nov 2016 08:52:18 GMT" time="114.520" errors="0">
  <testcase name="checkPrices" time="18.258" classname="testcases.A3Dev1080CheckPricesForDiffCampaign"/>
  <testcase name="checkPrices" time="18.211" classname="testcases.A3Dev1080CheckPricesForDiffCampaign"/>
  <testcase name="checkPrices" time="20.235" classname="testcases.A3Dev1080CheckPricesForDiffCampaign"/>
  <testcase name="deleteLots" time="5.737" classname="testcases.A3Dev1080CheckPricesForDiffCampaign"/>
  <testcase name="checkPrices" time="18.855" classname="testcases.A3Dev1080CheckPricesForDiffCampaign"/>
  <testcase name="addToMyLots" time="33.224" classname="testcases.A3Dev1080CheckPricesForDiffCampaign"/>
</testsuite> <!-- testcases.A3Dev1080CheckPricesForDiffCampaign -->
