<?xml version="1.0" encoding="UTF-8"?>
<!-- Generated by org.testng.reporters.JUnitReportReporter -->
<testsuite hostname="mbpro-dejuan.local" name="testcases.A1Dev1028UnitCreate" tests="1" failures="0" timestamp="7 Nov 2016 09:31:58 GMT" time="128.866" errors="0">
  <testcase name="CreateData" time="128.866" classname="testcases.A1Dev1028UnitCreate"/>
</testsuite> <!-- testcases.A1Dev1028UnitCreate -->
