<?xml version="1.0" encoding="UTF-8"?>
<!-- Generated by org.testng.reporters.JUnitReportReporter -->
<testsuite hostname="mbpro-dejuan.lan" name="testcases.Dev1080CheckLastMinutePrices" tests="4" failures="0" timestamp="21 Aug 2016 07:45:01 GMT" time="266.328" errors="0">
  <testcase name="steps1" time="59.981" classname="testcases.Dev1080CheckLastMinutePrices"/>
  <testcase name="steps1" time="77.093" classname="testcases.Dev1080CheckLastMinutePrices"/>
  <testcase name="steps1" time="66.573" classname="testcases.Dev1080CheckLastMinutePrices"/>
  <testcase name="steps1" time="62.681" classname="testcases.Dev1080CheckLastMinutePrices"/>
</testsuite> <!-- testcases.Dev1080CheckLastMinutePrices -->
