<?xml version="1.0" encoding="UTF-8"?>
<!-- Generated by org.testng.reporters.JUnitReportReporter -->
<testsuite hostname="mbpro-dejuan.lan" name="testcases.Dev1000" tests="4" failures="0" timestamp="20 Aug 2016 13:02:25 GMT" time="263.120" errors="0">
  <testcase name="steps1" time="66.384" classname="testcases.Dev1000"/>
  <testcase name="steps1" time="65.255" classname="testcases.Dev1000"/>
  <testcase name="steps1" time="66.069" classname="testcases.Dev1000"/>
  <testcase name="steps1" time="65.412" classname="testcases.Dev1000"/>
</testsuite> <!-- testcases.Dev1000 -->
