<?xml version="1.0" encoding="UTF-8"?>
<!-- Generated by org.testng.reporters.JUnitReportReporter -->
<testsuite hostname="mbpro-dejuan.local" name="testcases.B1Dev1121OptionRequestAcceptReject" tests="2" failures="0" timestamp="23 Nov 2016 09:12:35 GMT" time="226.919" errors="0">
  <testcase name="optionRequestAcceptReject" time="111.397" classname="testcases.B1Dev1121OptionRequestAcceptReject"/>
  <testcase name="optionRequestAcceptReject" time="115.522" classname="testcases.B1Dev1121OptionRequestAcceptReject"/>
</testsuite> <!-- testcases.B1Dev1121OptionRequestAcceptReject -->
