<?xml version="1.0" encoding="UTF-8"?>
<!-- Generated by org.testng.reporters.JUnitReportReporter -->
<testsuite hostname="mbpro-dejuan.local" name="testcases.C1Dev1137MBAutoBidADV2Bid" tests="8" failures="0" timestamp="23 Nov 2016 09:47:34 GMT" time="267.570" errors="0">
  <testcase name="AddToMyLots" time="39.756" classname="testcases.C1Dev1137MBAutoBidADV2Bid"/>
  <testcase name="ADV2bidBecomeOutbid" time="29.736" classname="testcases.C1Dev1137MBAutoBidADV2Bid"/>
  <testcase name="MBIsOutBidADVBidAgain" time="30.552" classname="testcases.C1Dev1137MBAutoBidADV2Bid"/>
  <testcase name="ADV2bidAgainAgainBecomeWinner" time="43.556" classname="testcases.C1Dev1137MBAutoBidADV2Bid"/>
  <testcase name="AddToMyLots" time="42.957" classname="testcases.C1Dev1137MBAutoBidADV2Bid"/>
  <testcase name="MBautobid" time="40.648" classname="testcases.C1Dev1137MBAutoBidADV2Bid"/>
  <testcase name="ADV2IsOutBid" time="22.000" classname="testcases.C1Dev1137MBAutoBidADV2Bid"/>
  <testcase name="MBLotStatusIsBid" time="18.365" classname="testcases.C1Dev1137MBAutoBidADV2Bid"/>
</testsuite> <!-- testcases.C1Dev1137MBAutoBidADV2Bid -->
