<?xml version="1.0" encoding="UTF-8"?>
<!-- Generated by org.testng.reporters.JUnitReportReporter -->
<testsuite hostname="mbpro-dejuan.local" name="testcases.C2Dev1121MBOptionRequestAcceptReject" tests="2" failures="0" timestamp="25 Nov 2016 14:21:51 GMT" time="236.036" errors="0">
  <testcase name="optionRequestAcceptReject" time="121.840" classname="testcases.C2Dev1121MBOptionRequestAcceptReject"/>
  <testcase name="optionRequestAcceptReject" time="114.196" classname="testcases.C2Dev1121MBOptionRequestAcceptReject"/>
</testsuite> <!-- testcases.C2Dev1121MBOptionRequestAcceptReject -->
