<?xml version="1.0" encoding="UTF-8"?>
<!-- Generated by org.testng.reporters.JUnitReportReporter -->
<testsuite hostname="mbpro-dejuan.local" name="testcases.E1Dev1523AutoBidADVBidMB" tests="8" failures="0" timestamp="30 Nov 2016 10:36:09 GMT" time="282.135" errors="0">
  <testcase name="MBIsOutBid" time="24.375" classname="testcases.E1Dev1523AutoBidADVBidMB"/>
  <testcase name="AddToMyLots" time="40.735" classname="testcases.E1Dev1523AutoBidADVBidMB"/>
  <testcase name="ADVautobid" time="42.168" classname="testcases.E1Dev1523AutoBidADVBidMB"/>
  <testcase name="ADVIsOutBidADVBidAgain" time="35.228" classname="testcases.E1Dev1523AutoBidADVBidMB"/>
  <testcase name="AddToMyLots" time="40.748" classname="testcases.E1Dev1523AutoBidADVBidMB"/>
  <testcase name="MBbidBecomeOutbid" time="33.386" classname="testcases.E1Dev1523AutoBidADVBidMB"/>
  <testcase name="MBbidAgainAgainBecomeWinner" time="46.415" classname="testcases.E1Dev1523AutoBidADVBidMB"/>
  <testcase name="ADVLotStatusIsBid" time="19.080" classname="testcases.E1Dev1523AutoBidADVBidMB"/>
</testsuite> <!-- testcases.E1Dev1523AutoBidADVBidMB -->
