<?xml version="1.0" encoding="UTF-8"?>
<!-- Generated by org.testng.reporters.JUnitReportReporter -->
<testsuite hostname="mbpro-dejuan.local" name="testcases.C6Dev986ADVBuy" tests="3" failures="0" timestamp="24 Nov 2016 08:36:10 GMT" time="72.827" errors="0">
  <testcase name="AddToMyLots" time="37.639" classname="testcases.C6Dev986ADVBuy"/>
  <testcase name="ADBuyOne" time="13.420" classname="testcases.C6Dev986ADVBuy"/>
  <testcase name="ADBuyMultiple" time="21.768" classname="testcases.C6Dev986ADVBuy"/>
</testsuite> <!-- testcases.C6Dev986ADVBuy -->
