<?xml version="1.0" encoding="UTF-8"?>
<!-- Generated by org.testng.reporters.JUnitReportReporter -->
<testsuite hostname="mbpro-dejuan.local" name="testcases.C4Dev1132OptionPushMB" tests="9" failures="0" timestamp="30 Nov 2016 09:53:13 GMT" time="393.250" errors="0">
  <testcase name="optionPush" time="73.356" classname="testcases.C4Dev1132OptionPushMB"/>
  <testcase name="CheckStatusBuyTwoDeleteOne" time="42.755" classname="testcases.C4Dev1132OptionPushMB"/>
  <testcase name="notificationNoCampaignDeselect" time="26.458" classname="testcases.C4Dev1132OptionPushMB"/>
  <testcase name="deletAnOffer" time="7.575" classname="testcases.C4Dev1132OptionPushMB"/>
  <testcase name="campaignAddAll" time="13.211" classname="testcases.C4Dev1132OptionPushMB"/>
  <testcase name="optionPush" time="73.359" classname="testcases.C4Dev1132OptionPushMB"/>
  <testcase name="campaignAddOne" time="8.762" classname="testcases.C4Dev1132OptionPushMB"/>
  <testcase name="optionPush" time="74.468" classname="testcases.C4Dev1132OptionPushMB"/>
  <testcase name="optionPush" time="73.306" classname="testcases.C4Dev1132OptionPushMB"/>
</testsuite> <!-- testcases.C4Dev1132OptionPushMB -->
