<?xml version="1.0" encoding="UTF-8"?>
<!-- Generated by org.testng.reporters.JUnitReportReporter -->
<testsuite hostname="mbpro-dejuan.lan" name="testcases.TestCaseTemplate" tests="1" failures="0" timestamp="11 Sep 2016 08:31:50 GMT" time="5.892" errors="0">
  <testcase name="step1" time="5.892" classname="testcases.TestCaseTemplate"/>
</testsuite> <!-- testcases.TestCaseTemplate -->
