<?xml version="1.0" encoding="UTF-8"?>
<!-- Generated by org.testng.reporters.JUnitReportReporter -->
<testsuite hostname="mbpro-dejuan.local" name="testcases.C1Dev1000ADVAutoBidMBBid" tests="8" failures="0" timestamp="23 Nov 2016 09:33:00 GMT" time="266.533" errors="0">
  <testcase name="ADVautobid" time="40.670" classname="testcases.C1Dev1000ADVAutoBidMBBid"/>
  <testcase name="AddToMyLots" time="39.820" classname="testcases.C1Dev1000ADVAutoBidMBBid"/>
  <testcase name="AddToMyLots" time="42.168" classname="testcases.C1Dev1000ADVAutoBidMBBid"/>
  <testcase name="MBbidAgainAgainBecomeWinner" time="44.009" classname="testcases.C1Dev1000ADVAutoBidMBBid"/>
  <testcase name="MBIsOutBid" time="21.267" classname="testcases.C1Dev1000ADVAutoBidMBBid"/>
  <testcase name="MBbidBecomeOutbid" time="30.748" classname="testcases.C1Dev1000ADVAutoBidMBBid"/>
  <testcase name="ADVLotStatusIsBid" time="18.023" classname="testcases.C1Dev1000ADVAutoBidMBBid"/>
  <testcase name="ADVIsOutBidADVBidAgain" time="29.828" classname="testcases.C1Dev1000ADVAutoBidMBBid"/>
</testsuite> <!-- testcases.C1Dev1000ADVAutoBidMBBid -->
