<?xml version="1.0" encoding="UTF-8"?>
<!-- Generated by org.testng.reporters.JUnitReportReporter -->
<testsuite hostname="mbpro-dejuan.local" name="testcases.C2Dev1139UnderBidAutoBid" tests="8" failures="0" timestamp="14 Nov 2016 08:23:47 GMT" time="241.152" errors="0">
  <testcase name="ADVLotStatusIsOutbid" time="20.500" classname="testcases.C2Dev1139UnderBidAutoBid"/>
  <testcase name="ADV2underBid" time="35.381" classname="testcases.C2Dev1139UnderBidAutoBid"/>
  <testcase name="ADVunderBidautobid" time="44.414" classname="testcases.C2Dev1139UnderBidAutoBid"/>
  <testcase name="AddToMyLots" time="36.912" classname="testcases.C2Dev1139UnderBidAutoBid"/>
  <testcase name="ADVLotStatusIsUnderBid" time="18.098" classname="testcases.C2Dev1139UnderBidAutoBid"/>
  <testcase name="ResAcceptADV2UnderBid" time="24.975" classname="testcases.C2Dev1139UnderBidAutoBid"/>
  <testcase name="AddToMyLots" time="37.064" classname="testcases.C2Dev1139UnderBidAutoBid"/>
  <testcase name="ResRejectADVUnderBid" time="23.808" classname="testcases.C2Dev1139UnderBidAutoBid"/>
</testsuite> <!-- testcases.C2Dev1139UnderBidAutoBid -->
