<?xml version="1.0" encoding="UTF-8"?>
<!-- Generated by org.testng.reporters.JUnitReportReporter -->
<testsuite hostname="mbpro-dejuan.local" name="testcases.A0Dev1000ForgorPassword" tests="1" failures="0" timestamp="17 Nov 2016 10:25:34 GMT" time="8.959" errors="0">
  <testcase name="forgotPassword" time="8.959" classname="testcases.A0Dev1000ForgorPassword"/>
</testsuite> <!-- testcases.A0Dev1000ForgorPassword -->
