<?xml version="1.0" encoding="UTF-8"?>
<!-- Generated by org.testng.reporters.JUnitReportReporter -->
<testsuite hostname="mbpro-dejuan.local" name="testcases.B6Dev1080CheckPricesForMB" tests="6" failures="0" timestamp="30 Nov 2016 08:02:59 GMT" time="115.421" errors="0">
  <testcase name="addToMyLots" time="33.725" classname="testcases.B6Dev1080CheckPricesForMB"/>
  <testcase name="deleteLots" time="5.827" classname="testcases.B6Dev1080CheckPricesForMB"/>
  <testcase name="checkPrices" time="18.525" classname="testcases.B6Dev1080CheckPricesForMB"/>
  <testcase name="checkPrices" time="18.460" classname="testcases.B6Dev1080CheckPricesForMB"/>
  <testcase name="checkPrices" time="18.355" classname="testcases.B6Dev1080CheckPricesForMB"/>
  <testcase name="checkPrices" time="20.529" classname="testcases.B6Dev1080CheckPricesForMB"/>
</testsuite> <!-- testcases.B6Dev1080CheckPricesForMB -->
