<?xml version="1.0" encoding="UTF-8"?>
<!-- Generated by org.testng.reporters.JUnitReportReporter -->
<testsuite hostname="mbpro-dejuan.local" name="testcases.T0Dev000Emails" tests="1" failures="0" timestamp="30 Nov 2016 10:59:14 GMT" time="85.927" errors="0">
  <testcase name="email" time="85.927" classname="testcases.T0Dev000Emails"/>
</testsuite> <!-- testcases.T0Dev000Emails -->
