<?xml version="1.0" encoding="UTF-8"?>
<!-- Generated by org.testng.reporters.JUnitReportReporter -->
<testsuite hostname="mbpro-dejuan.local" name="testcases.D3Dev1102ADV2BuyDealIDAndBulkDealID" tests="3" failures="0" timestamp="25 Nov 2016 14:44:46 GMT" time="103.012" errors="0">
  <testcase name="SetSingleDealIdAndBuy" time="20.518" classname="testcases.D3Dev1102ADV2BuyDealIDAndBulkDealID"/>
  <testcase name="AddInventoriesToMyLots" time="46.820" classname="testcases.D3Dev1102ADV2BuyDealIDAndBulkDealID"/>
  <testcase name="SetBulkDealIdAndBuy" time="35.674" classname="testcases.D3Dev1102ADV2BuyDealIDAndBulkDealID"/>
</testsuite> <!-- testcases.D3Dev1102ADV2BuyDealIDAndBulkDealID -->
