<?xml version="1.0" encoding="UTF-8"?>
<!-- Generated by org.testng.reporters.JUnitReportReporter -->
<testsuite hostname="mbpro-dejuan.local" name="testcases.D1Dev1101BuyCheckOrdersMB" tests="7" failures="0" timestamp="30 Nov 2016 09:57:34 GMT" time="168.170" errors="0">
  <testcase name="fatchOrders" time="41.392" classname="testcases.D1Dev1101BuyCheckOrdersMB"/>
  <testcase name="checkOrderValue" time="0.003" classname="testcases.D1Dev1101BuyCheckOrdersMB"/>
  <testcase name="compareOrdersPubSideAndMBSide" time="0.000" classname="testcases.D1Dev1101BuyCheckOrdersMB"/>
  <testcase name="checkOrderValue" time="0.001" classname="testcases.D1Dev1101BuyCheckOrdersMB"/>
  <testcase name="checkOrderValue" time="0.000" classname="testcases.D1Dev1101BuyCheckOrdersMB"/>
  <testcase name="SelectCmpBuyTwoTogether" time="69.499" classname="testcases.D1Dev1101BuyCheckOrdersMB"/>
  <testcase name="SelectCmpBuyOne" time="57.275" classname="testcases.D1Dev1101BuyCheckOrdersMB"/>
</testsuite> <!-- testcases.D1Dev1101BuyCheckOrdersMB -->
