<?xml version="1.0" encoding="UTF-8"?>
<!-- Generated by org.testng.reporters.JUnitReportReporter -->
<testsuite hostname="mbpro-dejuan.local" name="testcases.E2Dev1137AutoBidMBBidADV2" tests="8" failures="0" timestamp="30 Nov 2016 10:36:09 GMT" time="284.996" errors="0">
  <testcase name="ADV2bidBecomeOutbid" time="31.287" classname="testcases.E2Dev1137AutoBidMBBidADV2"/>
  <testcase name="MBLotStatusIsBid" time="19.749" classname="testcases.E2Dev1137AutoBidMBBidADV2"/>
  <testcase name="MBautobid" time="44.168" classname="testcases.E2Dev1137AutoBidMBBidADV2"/>
  <testcase name="AddToMyLots" time="44.570" classname="testcases.E2Dev1137AutoBidMBBidADV2"/>
  <testcase name="ADV2IsOutBid" time="23.260" classname="testcases.E2Dev1137AutoBidMBBidADV2"/>
  <testcase name="MBIsOutBidADVBidAgain" time="33.767" classname="testcases.E2Dev1137AutoBidMBBidADV2"/>
  <testcase name="ADV2bidAgainAgainBecomeWinner" time="45.953" classname="testcases.E2Dev1137AutoBidMBBidADV2"/>
  <testcase name="AddToMyLots" time="42.242" classname="testcases.E2Dev1137AutoBidMBBidADV2"/>
</testsuite> <!-- testcases.E2Dev1137AutoBidMBBidADV2 -->
