<?xml version="1.0" encoding="UTF-8"?>
<!-- Generated by org.testng.reporters.JUnitReportReporter -->
<testsuite hostname="mbpro-dejuan.local" name="testcases.C2Dev987UnderBidModifyDelete" tests="1" failures="0" timestamp="23 Nov 2016 10:03:03 GMT" time="91.466" errors="0">
  <testcase name="UnderbidsAndModify" time="91.466" classname="testcases.C2Dev987UnderBidModifyDelete"/>
</testsuite> <!-- testcases.C2Dev987UnderBidModifyDelete -->
