<?xml version="1.0" encoding="UTF-8"?>
<!-- Generated by org.testng.reporters.JUnitReportReporter -->
<testsuite hostname="mbpro-dejuan.local" name="testcases.B2Dev999CheckExchangePricesADV" tests="60" failures="0" timestamp="30 Nov 2016 08:02:59 GMT" time="70.062" errors="0">
  <testcase name="checkBuyNowExchangePriceM2" time="0.144" classname="testcases.B2Dev999CheckExchangePricesADV"/>
  <testcase name="checkBuyNowExchangePriceM2" time="0.152" classname="testcases.B2Dev999CheckExchangePricesADV"/>
  <testcase name="checkLMExchangePriceM2" time="0.151" classname="testcases.B2Dev999CheckExchangePricesADV"/>
  <testcase name="checkBidExchangePriceM2" time="0.161" classname="testcases.B2Dev999CheckExchangePricesADV"/>
  <testcase name="checkLMExchangePriceM2" time="0.165" classname="testcases.B2Dev999CheckExchangePricesADV"/>
  <testcase name="checkBuyNowExchangePriceM2" time="0.150" classname="testcases.B2Dev999CheckExchangePricesADV"/>
  <testcase name="checkBuyNowExchangePriceM2" time="0.147" classname="testcases.B2Dev999CheckExchangePricesADV"/>
  <testcase name="checkLMExchangePrice" time="0.141" classname="testcases.B2Dev999CheckExchangePricesADV"/>
  <testcase name="checkBuyNowExchangePriceM2" time="0.145" classname="testcases.B2Dev999CheckExchangePricesADV"/>
  <testcase name="checkLMExchangePriceM2" time="0.164" classname="testcases.B2Dev999CheckExchangePricesADV"/>
  <testcase name="checkBidExchangePriceM2" time="0.159" classname="testcases.B2Dev999CheckExchangePricesADV"/>
  <testcase name="checkLMExchangePriceM2" time="0.167" classname="testcases.B2Dev999CheckExchangePricesADV"/>
  <testcase name="findBuyNowInventoryForMedia2" time="6.725" classname="testcases.B2Dev999CheckExchangePricesADV"/>
  <testcase name="checkLMExchangePriceM2" time="0.159" classname="testcases.B2Dev999CheckExchangePricesADV"/>
  <testcase name="checkLMExchangePriceM2" time="0.162" classname="testcases.B2Dev999CheckExchangePricesADV"/>
  <testcase name="checkBuyNowExchangePriceM2" time="0.155" classname="testcases.B2Dev999CheckExchangePricesADV"/>
  <testcase name="checkBidExchangePrice" time="0.142" classname="testcases.B2Dev999CheckExchangePricesADV"/>
  <testcase name="checkBidExchangePriceM2" time="0.163" classname="testcases.B2Dev999CheckExchangePricesADV"/>
  <testcase name="checkLMExchangePriceM2" time="0.163" classname="testcases.B2Dev999CheckExchangePricesADV"/>
  <testcase name="checkBidExchangePrice" time="0.173" classname="testcases.B2Dev999CheckExchangePricesADV"/>
  <testcase name="checkLMExchangePriceM2" time="0.164" classname="testcases.B2Dev999CheckExchangePricesADV"/>
  <testcase name="checkBidExchangePrice" time="0.149" classname="testcases.B2Dev999CheckExchangePricesADV"/>
  <testcase name="checkLMExchangePrice" time="0.148" classname="testcases.B2Dev999CheckExchangePricesADV"/>
  <testcase name="checkBidExchangePrice" time="0.133" classname="testcases.B2Dev999CheckExchangePricesADV"/>
  <testcase name="checkBidExchangePriceM2" time="0.158" classname="testcases.B2Dev999CheckExchangePricesADV"/>
  <testcase name="checkBidExchangePriceM2" time="0.168" classname="testcases.B2Dev999CheckExchangePricesADV"/>
  <testcase name="checkBidExchangePriceM2" time="0.165" classname="testcases.B2Dev999CheckExchangePricesADV"/>
  <testcase name="checkLMExchangePriceM2" time="0.229" classname="testcases.B2Dev999CheckExchangePricesADV"/>
  <testcase name="checkBuyNowExchangePriceM2" time="0.155" classname="testcases.B2Dev999CheckExchangePricesADV"/>
  <testcase name="checkBidExchangePriceM2" time="0.205" classname="testcases.B2Dev999CheckExchangePricesADV"/>
  <testcase name="checkBidExchangePriceM2" time="0.156" classname="testcases.B2Dev999CheckExchangePricesADV"/>
  <testcase name="findBidInventoryForMedia1" time="6.754" classname="testcases.B2Dev999CheckExchangePricesADV"/>
  <testcase name="checkBidExchangePriceM2" time="0.156" classname="testcases.B2Dev999CheckExchangePricesADV"/>
  <testcase name="checkBuyNowExchangePrice" time="0.125" classname="testcases.B2Dev999CheckExchangePricesADV"/>
  <testcase name="checkBuyNowExchangePrice" time="0.128" classname="testcases.B2Dev999CheckExchangePricesADV"/>
  <testcase name="checkBuyNowExchangePriceM2" time="0.156" classname="testcases.B2Dev999CheckExchangePricesADV"/>
  <testcase name="checkBuyNowExchangePrice" time="0.126" classname="testcases.B2Dev999CheckExchangePricesADV"/>
  <testcase name="checkBidExchangePriceM2" time="0.170" classname="testcases.B2Dev999CheckExchangePricesADV"/>
  <testcase name="findLMInventoryForMedia1" time="18.091" classname="testcases.B2Dev999CheckExchangePricesADV"/>
  <testcase name="checkBidExchangePrice" time="0.142" classname="testcases.B2Dev999CheckExchangePricesADV"/>
  <testcase name="findLMInventoryForMedia2" time="16.519" classname="testcases.B2Dev999CheckExchangePricesADV"/>
  <testcase name="checkLMExchangePrice" time="0.217" classname="testcases.B2Dev999CheckExchangePricesADV"/>
  <testcase name="checkLMExchangePriceM2" time="0.183" classname="testcases.B2Dev999CheckExchangePricesADV"/>
  <testcase name="checkBuyNowExchangePriceM2" time="0.143" classname="testcases.B2Dev999CheckExchangePricesADV"/>
  <testcase name="checkBuyNowExchangePriceM2" time="0.141" classname="testcases.B2Dev999CheckExchangePricesADV"/>
  <testcase name="checkLMExchangePrice" time="0.228" classname="testcases.B2Dev999CheckExchangePricesADV"/>
  <testcase name="checkBuyNowExchangePrice" time="0.156" classname="testcases.B2Dev999CheckExchangePricesADV"/>
  <testcase name="checkBuyNowExchangePrice" time="0.127" classname="testcases.B2Dev999CheckExchangePricesADV"/>
  <testcase name="checkLMExchangePriceM2" time="0.184" classname="testcases.B2Dev999CheckExchangePricesADV"/>
  <testcase name="checkLMExchangePrice" time="0.138" classname="testcases.B2Dev999CheckExchangePricesADV"/>
  <testcase name="findBuyNowInventoryForMedia1" time="6.395" classname="testcases.B2Dev999CheckExchangePricesADV"/>
  <testcase name="checkBidExchangePriceM2" time="0.182" classname="testcases.B2Dev999CheckExchangePricesADV"/>
  <testcase name="checkBuyNowExchangePriceM2" time="0.155" classname="testcases.B2Dev999CheckExchangePricesADV"/>
  <testcase name="checkBidExchangePrice" time="0.144" classname="testcases.B2Dev999CheckExchangePricesADV"/>
  <testcase name="findBidInventoryForMedia2" time="6.998" classname="testcases.B2Dev999CheckExchangePricesADV"/>
  <testcase name="checkLMExchangePriceM2" time="0.167" classname="testcases.B2Dev999CheckExchangePricesADV"/>
  <testcase name="checkLMExchangePrice" time="0.138" classname="testcases.B2Dev999CheckExchangePricesADV"/>
  <testcase name="checkBuyNowExchangePriceM2" time="0.180" classname="testcases.B2Dev999CheckExchangePricesADV"/>
  <testcase name="checkBuyNowExchangePrice" time="0.148" classname="testcases.B2Dev999CheckExchangePricesADV"/>
  <testcase name="checkBidExchangePriceM2" time="0.153" classname="testcases.B2Dev999CheckExchangePricesADV"/>
</testsuite> <!-- testcases.B2Dev999CheckExchangePricesADV -->
