<?xml version="1.0" encoding="UTF-8"?>
<!-- Generated by org.testng.reporters.JUnitReportReporter -->
<testsuite hostname="mbpro-dejuan.lan" name="testcases.DevLMPriceCheck" tests="1" failures="0" timestamp="20 Aug 2016 14:29:24 GMT" time="64.736" errors="0">
  <testcase name="steps1" time="64.736" classname="testcases.DevLMPriceCheck"/>
</testsuite> <!-- testcases.DevLMPriceCheck -->
