<?xml version="1.0" encoding="UTF-8"?>
<!-- Generated by org.testng.reporters.JUnitReportReporter -->
<testsuite hostname="mbpro-dejuan.local" name="testcases.A4Dev1101CampaignCheckPricesAndBuy" tests="3" failures="0" timestamp="20 Sep 2016 10:48:26 GMT" time="186.645" errors="0">
  <testcase name="checkCmpPricesBuy" time="61.482" classname="testcases.A4Dev1101CampaignCheckPricesAndBuy"/>
  <testcase name="checkCmpPricesBuy" time="57.655" classname="testcases.A4Dev1101CampaignCheckPricesAndBuy"/>
  <testcase name="checkCmpPricesBuy" time="67.508" classname="testcases.A4Dev1101CampaignCheckPricesAndBuy"/>
</testsuite> <!-- testcases.A4Dev1101CampaignCheckPricesAndBuy -->
