<?xml version="1.0" encoding="UTF-8"?>
<!-- Generated by org.testng.reporters.JUnitReportReporter -->
<testsuite hostname="mbpro-dejuan.local" name="testcases.E4Dev1000MBBulkBid" tests="1" failures="0" timestamp="25 Nov 2016 15:15:44 GMT" time="66.261" errors="0">
  <testcase name="AddToMyLotsAndBid" time="66.261" classname="testcases.E4Dev1000MBBulkBid"/>
</testsuite> <!-- testcases.E4Dev1000MBBulkBid -->
