<?xml version="1.0" encoding="UTF-8"?>
<!-- Generated by org.testng.reporters.JUnitReportReporter -->
<testsuite hostname="mbpro-dejuan.local" name="testcases.C2Dev1000MBADV2UnderBid" tests="8" failures="0" timestamp="23 Nov 2016 09:56:09 GMT" time="259.702" errors="0">
  <testcase name="MBLotStatusIsUnderBid" time="19.141" classname="testcases.C2Dev1000MBADV2UnderBid"/>
  <testcase name="Res2AcceptADV2UnderBid" time="27.037" classname="testcases.C2Dev1000MBADV2UnderBid"/>
  <testcase name="MBLotStatusIsOutbid" time="22.783" classname="testcases.C2Dev1000MBADV2UnderBid"/>
  <testcase name="AddToMyLots" time="39.730" classname="testcases.C2Dev1000MBADV2UnderBid"/>
  <testcase name="Res2RejectMBUnderBid" time="29.574" classname="testcases.C2Dev1000MBADV2UnderBid"/>
  <testcase name="AddToMyLots" time="43.663" classname="testcases.C2Dev1000MBADV2UnderBid"/>
  <testcase name="MBunderBidautobid" time="42.902" classname="testcases.C2Dev1000MBADV2UnderBid"/>
  <testcase name="ADV2underBid" time="34.872" classname="testcases.C2Dev1000MBADV2UnderBid"/>
</testsuite> <!-- testcases.C2Dev1000MBADV2UnderBid -->
