<?xml version="1.0" encoding="UTF-8"?>
<!-- Generated by org.testng.reporters.JUnitReportReporter -->
<testsuite hostname="mbpro-dejuan.lan" name="testcases.Dev1072LoginFirstTime" tests="7" failures="0" timestamp="21 Aug 2016 07:20:28 GMT" time="94.570" errors="0">
  <testcase name="step1" time="13.427" classname="testcases.Dev1072LoginFirstTime"/>
  <testcase name="step1" time="13.588" classname="testcases.Dev1072LoginFirstTime"/>
  <testcase name="step1" time="13.409" classname="testcases.Dev1072LoginFirstTime"/>
  <testcase name="step1" time="13.439" classname="testcases.Dev1072LoginFirstTime"/>
  <testcase name="step1" time="13.884" classname="testcases.Dev1072LoginFirstTime"/>
  <testcase name="step1" time="13.425" classname="testcases.Dev1072LoginFirstTime"/>
  <testcase name="step1" time="13.398" classname="testcases.Dev1072LoginFirstTime"/>
</testsuite> <!-- testcases.Dev1072LoginFirstTime -->
