<?xml version="1.0" encoding="UTF-8"?>
<!-- Generated by org.testng.reporters.JUnitReportReporter -->
<testsuite hostname="mbpro-dejuan.local" name="testcases.A5Dev1102CheckOrders" tests="4" failures="0" timestamp="11 Nov 2016 07:39:25 GMT" time="0.015" errors="0">
  <testcase name="checkOrderValue" time="0.011" classname="testcases.A5Dev1102CheckOrders"/>
  <testcase name="compareOrdersPubSideAndMBSide" time="0.001" classname="testcases.A5Dev1102CheckOrders"/>
  <testcase name="checkOrderValue" time="0.002" classname="testcases.A5Dev1102CheckOrders"/>
  <testcase name="checkOrderValue" time="0.001" classname="testcases.A5Dev1102CheckOrders"/>
</testsuite> <!-- testcases.A5Dev1102CheckOrders -->
