<?xml version="1.0" encoding="UTF-8"?>
<!-- Generated by org.testng.reporters.JUnitReportReporter -->
<testsuite hostname="mbpro-dejuan.local" name="testcases.A4Dev1101CampaignBuy" tests="2" failures="0" timestamp="10 Nov 2016 12:07:08 GMT" time="128.517" errors="0">
  <testcase name="SelectCmpBuyOne" time="58.913" classname="testcases.A4Dev1101CampaignBuy"/>
  <testcase name="SelectCmpBuyTwoTogether" time="69.604" classname="testcases.A4Dev1101CampaignBuy"/>
</testsuite> <!-- testcases.A4Dev1101CampaignBuy -->
