<?xml version="1.0" encoding="UTF-8"?>
<!-- Generated by org.testng.reporters.JUnitReportReporter -->
<testsuite hostname="mbpro-dejuan.local" name="testcases.E2Dev1137MBAutoBidADV2Bid" tests="8" failures="0" timestamp="25 Nov 2016 15:15:44 GMT" time="274.291" errors="0">
  <testcase name="AddToMyLots" time="45.710" classname="testcases.E2Dev1137MBAutoBidADV2Bid"/>
  <testcase name="ADV2IsOutBid" time="21.538" classname="testcases.E2Dev1137MBAutoBidADV2Bid"/>
  <testcase name="ADV2bidBecomeOutbid" time="30.434" classname="testcases.E2Dev1137MBAutoBidADV2Bid"/>
  <testcase name="MBautobid" time="41.785" classname="testcases.E2Dev1137MBAutoBidADV2Bid"/>
  <testcase name="MBIsOutBidADVBidAgain" time="32.085" classname="testcases.E2Dev1137MBAutoBidADV2Bid"/>
  <testcase name="AddToMyLots" time="39.152" classname="testcases.E2Dev1137MBAutoBidADV2Bid"/>
  <testcase name="ADV2bidAgainAgainBecomeWinner" time="44.753" classname="testcases.E2Dev1137MBAutoBidADV2Bid"/>
  <testcase name="MBLotStatusIsBid" time="18.834" classname="testcases.E2Dev1137MBAutoBidADV2Bid"/>
</testsuite> <!-- testcases.E2Dev1137MBAutoBidADV2Bid -->
