<?xml version="1.0" encoding="UTF-8"?>
<!-- Generated by org.testng.reporters.JUnitReportReporter -->
<testsuite hostname="mbpro-dejuan.local" name="testcases.C3Dev1000ADVOptionPush" tests="2" failures="0" timestamp="25 Nov 2016 14:21:51 GMT" time="110.129" errors="0">
  <testcase name="offerScreen" time="34.587" classname="testcases.C3Dev1000ADVOptionPush"/>
  <testcase name="optionPush" time="75.542" classname="testcases.C3Dev1000ADVOptionPush"/>
</testsuite> <!-- testcases.C3Dev1000ADVOptionPush -->
