<?xml version="1.0" encoding="UTF-8"?>
<!-- Generated by org.testng.reporters.JUnitReportReporter -->
<testsuite hostname="mbpro-dejuan.local" name="testcases.A6Dev1000PublisherSetPrivatePrices" tests="1" failures="0" timestamp="2 Nov 2016 14:23:07 GMT" time="54.425" errors="0">
  <testcase name="setPrices" time="54.425" classname="testcases.A6Dev1000PublisherSetPrivatePrices"/>
</testsuite> <!-- testcases.A6Dev1000PublisherSetPrivatePrices -->
