<?xml version="1.0" encoding="UTF-8"?>
<!-- Generated by org.testng.reporters.JUnitReportReporter -->
<testsuite hostname="mbpro-dejuan.local" name="testcases.E1Dev1000ADVAutoBidMBBid" tests="8" failures="0" timestamp="25 Nov 2016 15:15:44 GMT" time="284.117" errors="0">
  <testcase name="AddToMyLots" time="42.787" classname="testcases.E1Dev1000ADVAutoBidMBBid"/>
  <testcase name="ADVLotStatusIsBid" time="18.543" classname="testcases.E1Dev1000ADVAutoBidMBBid"/>
  <testcase name="AddToMyLots" time="40.141" classname="testcases.E1Dev1000ADVAutoBidMBBid"/>
  <testcase name="MBbidAgainAgainBecomeWinner" time="49.346" classname="testcases.E1Dev1000ADVAutoBidMBBid"/>
  <testcase name="MBIsOutBid" time="27.702" classname="testcases.E1Dev1000ADVAutoBidMBBid"/>
  <testcase name="ADVIsOutBidADVBidAgain" time="31.322" classname="testcases.E1Dev1000ADVAutoBidMBBid"/>
  <testcase name="ADVautobid" time="39.710" classname="testcases.E1Dev1000ADVAutoBidMBBid"/>
  <testcase name="MBbidBecomeOutbid" time="34.566" classname="testcases.E1Dev1000ADVAutoBidMBBid"/>
</testsuite> <!-- testcases.E1Dev1000ADVAutoBidMBBid -->
