<?xml version="1.0" encoding="UTF-8"?>
<!-- Generated by org.testng.reporters.JUnitReportReporter -->
<testsuite hostname="mbpro-dejuan.local" name="testcases.B6Dev1080CheckPricesForDiffCampaign" tests="6" failures="0" timestamp="25 Nov 2016 08:47:45 GMT" time="115.589" errors="0">
  <testcase name="checkPrices" time="18.447" classname="testcases.B6Dev1080CheckPricesForDiffCampaign"/>
  <testcase name="checkPrices" time="20.452" classname="testcases.B6Dev1080CheckPricesForDiffCampaign"/>
  <testcase name="checkPrices" time="18.612" classname="testcases.B6Dev1080CheckPricesForDiffCampaign"/>
  <testcase name="deleteLots" time="5.864" classname="testcases.B6Dev1080CheckPricesForDiffCampaign"/>
  <testcase name="addToMyLots" time="33.616" classname="testcases.B6Dev1080CheckPricesForDiffCampaign"/>
  <testcase name="checkPrices" time="18.598" classname="testcases.B6Dev1080CheckPricesForDiffCampaign"/>
</testsuite> <!-- testcases.B6Dev1080CheckPricesForDiffCampaign -->
