<?xml version="1.0" encoding="UTF-8"?>
<!-- Generated by org.testng.reporters.JUnitReportReporter -->
<testsuite hostname="mbpro-dejuan.local" name="testcases.A4_1Dev1101MBBuyCheckOrders" tests="7" failures="0" timestamp="23 Nov 2016 08:57:16 GMT" time="172.400" errors="0">
  <testcase name="checkOrderValue" time="0.000" classname="testcases.A4_1Dev1101MBBuyCheckOrders"/>
  <testcase name="checkOrderValue" time="0.003" classname="testcases.A4_1Dev1101MBBuyCheckOrders"/>
  <testcase name="SelectCmpBuyOne" time="55.268" classname="testcases.A4_1Dev1101MBBuyCheckOrders"/>
  <testcase name="checkOrderValue" time="0.000" classname="testcases.A4_1Dev1101MBBuyCheckOrders"/>
  <testcase name="fatchOrders" time="47.215" classname="testcases.A4_1Dev1101MBBuyCheckOrders"/>
  <testcase name="compareOrdersPubSideAndMBSide" time="0.001" classname="testcases.A4_1Dev1101MBBuyCheckOrders"/>
  <testcase name="SelectCmpBuyTwoTogether" time="69.913" classname="testcases.A4_1Dev1101MBBuyCheckOrders"/>
</testsuite> <!-- testcases.A4_1Dev1101MBBuyCheckOrders -->
