<?xml version="1.0" encoding="UTF-8"?>
<!-- Generated by org.testng.reporters.JUnitReportReporter -->
<testsuite hostname="mbpro-dejuan.local" name="testcases.D4Dev1194MBBuyDealIDAndBulkDealID" tests="10" failures="0" timestamp="25 Nov 2016 14:44:46 GMT" time="189.924" errors="0">
  <testcase name="checkOrderResults" time="0.001" classname="testcases.D4Dev1194MBBuyDealIDAndBulkDealID"/>
  <testcase name="campaignMultipleBuyGetOrderOverview" time="22.076" classname="testcases.D4Dev1194MBBuyDealIDAndBulkDealID"/>
  <testcase name="setPricesByPublisher" time="44.154" classname="testcases.D4Dev1194MBBuyDealIDAndBulkDealID"/>
  <testcase name="checkFinalOrderResults" time="0.001" classname="testcases.D4Dev1194MBBuyDealIDAndBulkDealID"/>
  <testcase name="checkOrderResults" time="0.001" classname="testcases.D4Dev1194MBBuyDealIDAndBulkDealID"/>
  <testcase name="SetSingleDealIdAndBuy" time="23.800" classname="testcases.D4Dev1194MBBuyDealIDAndBulkDealID"/>
  <testcase name="SetBulkDealIdAndBuyAndGetOrderOverview" time="51.531" classname="testcases.D4Dev1194MBBuyDealIDAndBulkDealID"/>
  <testcase name="checkOrderResults" time="0.000" classname="testcases.D4Dev1194MBBuyDealIDAndBulkDealID"/>
  <testcase name="checkFinalOrderResults" time="0.001" classname="testcases.D4Dev1194MBBuyDealIDAndBulkDealID"/>
  <testcase name="AddInventoriesToMyLots" time="48.359" classname="testcases.D4Dev1194MBBuyDealIDAndBulkDealID"/>
</testsuite> <!-- testcases.D4Dev1194MBBuyDealIDAndBulkDealID -->
