<?xml version="1.0" encoding="UTF-8"?>
<!-- Generated by org.testng.reporters.JUnitReportReporter -->
<testsuite hostname="mbpro-dejuan.local" name="testcases.D3Dev1102BuyDealIDBulkDealIDADV2" tests="3" failures="0" timestamp="30 Nov 2016 10:02:00 GMT" time="107.756" errors="0">
  <testcase name="SetBulkDealIdAndBuy" time="37.012" classname="testcases.D3Dev1102BuyDealIDBulkDealIDADV2"/>
  <testcase name="SetSingleDealIdAndBuy" time="21.419" classname="testcases.D3Dev1102BuyDealIDBulkDealIDADV2"/>
  <testcase name="AddInventoriesToMyLots" time="49.325" classname="testcases.D3Dev1102BuyDealIDBulkDealIDADV2"/>
</testsuite> <!-- testcases.D3Dev1102BuyDealIDBulkDealIDADV2 -->
