<?xml version="1.0" encoding="UTF-8"?>
<!-- Generated by org.testng.reporters.JUnitReportReporter -->
<testsuite hostname="mbpro-dejuan.local" name="testcases.A1Dev1028UnitCreate" tests="1" failures="0" timestamp="30 Nov 2016 09:36:26 GMT" time="138.412" errors="0">
  <testcase name="CreateData" time="138.412" classname="testcases.A1Dev1028UnitCreate"/>
</testsuite> <!-- testcases.A1Dev1028UnitCreate -->
