<?xml version="1.0" encoding="UTF-8"?>
<!-- Generated by org.testng.reporters.JUnitReportReporter -->
<testsuite hostname="mbpro-dejuan.local" name="testcases.C2Dev1000MBUnderBid" tests="5" failures="0" timestamp="15 Nov 2016 09:41:35 GMT" time="123.974" errors="0">
  <testcase name="ADV2underBid" time="33.412" classname="testcases.C2Dev1000MBUnderBid"/>
  <testcase name="MBLotStatusIsUnderBid" time="19.189" classname="testcases.C2Dev1000MBUnderBid"/>
  <testcase name="MBLotStatusIsOutbid" time="22.735" classname="testcases.C2Dev1000MBUnderBid"/>
  <testcase name="Res2AcceptADV2UnderBid" time="25.231" classname="testcases.C2Dev1000MBUnderBid"/>
  <testcase name="Res2RejectMBUnderBid" time="23.407" classname="testcases.C2Dev1000MBUnderBid"/>
</testsuite> <!-- testcases.C2Dev1000MBUnderBid -->
