<?xml version="1.0" encoding="UTF-8"?>
<!-- Generated by org.testng.reporters.JUnitReportReporter -->
<testsuite hostname="mbpro-dejuan.local" name="testcases.C1Dev1137BidAutoBid" tests="8" failures="0" timestamp="14 Nov 2016 08:19:25 GMT" time="264.528" errors="0">
  <testcase name="AddToMyLots" time="40.027" classname="testcases.C1Dev1137BidAutoBid"/>
  <testcase name="ADV2bidBecomeOutbid" time="29.162" classname="testcases.C1Dev1137BidAutoBid"/>
  <testcase name="MBIsOutBidADVBidAgain" time="28.786" classname="testcases.C1Dev1137BidAutoBid"/>
  <testcase name="ADV2bidAgainAgainBecomeWinner" time="42.143" classname="testcases.C1Dev1137BidAutoBid"/>
  <testcase name="AddToMyLots" time="44.778" classname="testcases.C1Dev1137BidAutoBid"/>
  <testcase name="MBautobid" time="41.358" classname="testcases.C1Dev1137BidAutoBid"/>
  <testcase name="ADV2IsOutBid" time="20.700" classname="testcases.C1Dev1137BidAutoBid"/>
  <testcase name="MBLotStatusIsBid" time="17.574" classname="testcases.C1Dev1137BidAutoBid"/>
</testsuite> <!-- testcases.C1Dev1137BidAutoBid -->
