<?xml version="1.0" encoding="UTF-8"?>
<!-- Generated by org.testng.reporters.JUnitReportReporter -->
<testsuite hostname="mbpro-dejuan.local" name="testcases.Temp" tests="1" failures="0" timestamp="22 Nov 2016 13:06:48 GMT" time="71.564" errors="0">
  <testcase name="email" time="71.564" classname="testcases.Temp"/>
</testsuite> <!-- testcases.Temp -->
