<?xml version="1.0" encoding="UTF-8"?>
<!-- Generated by org.testng.reporters.JUnitReportReporter -->
<testsuite hostname="mbpro-dejuan.local" name="testcases.E4Dev1525BulkBidMB" tests="1" failures="0" timestamp="30 Nov 2016 10:36:09 GMT" time="66.177" errors="0">
  <testcase name="AddToMyLotsAndBid" time="66.177" classname="testcases.E4Dev1525BulkBidMB"/>
</testsuite> <!-- testcases.E4Dev1525BulkBidMB -->
