<?xml version="1.0" encoding="UTF-8"?>
<!-- Generated by org.testng.reporters.JUnitReportReporter -->
<testsuite hostname="mbpro-dejuan.local" name="testcases.T0Dev000CaptureEmailsToFile" tests="1" failures="0" timestamp="30 Nov 2016 13:17:28 GMT" time="9.043" errors="0">
  <testcase name="email" time="9.043" classname="testcases.T0Dev000CaptureEmailsToFile"/>
</testsuite> <!-- testcases.T0Dev000CaptureEmailsToFile -->
