<?xml version="1.0" encoding="UTF-8"?>
<!-- Generated by org.testng.reporters.JUnitReportReporter -->
<testsuite hostname="mbpro-dejuan.local" name="testcases.B1Dev1121OptionRequestAcceptReject" tests="2" failures="0" timestamp="7 Nov 2016 10:12:25 GMT" time="217.552" errors="0">
  <testcase name="optionRequestAcceptReject" time="116.256" classname="testcases.B1Dev1121OptionRequestAcceptReject"/>
  <testcase name="optionRequestAcceptReject" time="101.296" classname="testcases.B1Dev1121OptionRequestAcceptReject"/>
</testsuite> <!-- testcases.B1Dev1121OptionRequestAcceptReject -->
