<?xml version="1.0" encoding="UTF-8"?>
<!-- Generated by org.testng.reporters.JUnitReportReporter -->
<testsuite hostname="mbpro-dejuan.local" name="testcases.A6Dev1194CampaignBuyBulkDealID" tests="4" failures="0" timestamp="10 Nov 2016 12:11:18 GMT" time="102.863" errors="0">
  <testcase name="checkOrderResults" time="0.005" classname="testcases.A6Dev1194CampaignBuyBulkDealID"/>
  <testcase name="campaignMultipleBuyGetOrderOverview" time="102.857" classname="testcases.A6Dev1194CampaignBuyBulkDealID"/>
  <testcase name="checkOrderResults" time="0.000" classname="testcases.A6Dev1194CampaignBuyBulkDealID"/>
  <testcase name="checkOrderResults" time="0.001" classname="testcases.A6Dev1194CampaignBuyBulkDealID"/>
</testsuite> <!-- testcases.A6Dev1194CampaignBuyBulkDealID -->
