<?xml version="1.0" encoding="UTF-8"?>
<!-- Generated by org.testng.reporters.JUnitReportReporter -->
<testsuite hostname="mbpro-dejuan.local" name="testcases.A4_2Dev1000ADVBuy" tests="1" failures="0" timestamp="10 Nov 2016 13:31:50 GMT" time="73.015" errors="0">
  <testcase name="AddToMyLots" time="73.015" classname="testcases.A4_2Dev1000ADVBuy"/>
</testsuite> <!-- testcases.A4_2Dev1000ADVBuy -->
