<?xml version="1.0" encoding="UTF-8"?>
<!-- Generated by org.testng.reporters.JUnitReportReporter -->
<testsuite hostname="mbpro-dejuan.local" name="testcases.Dev100UnitCreate" tests="1" failures="0" timestamp="18 Aug 2016 06:10:23 GMT" time="424.756" errors="0">
  <testcase name="steps1" time="424.756" classname="testcases.Dev100UnitCreate"/>
</testsuite> <!-- testcases.Dev100UnitCreate -->
