<?xml version="1.0" encoding="UTF-8"?>
<!-- Generated by org.testng.reporters.JUnitReportReporter -->
<testsuite hostname="mbpro-dejuan.local" name="testcases.A3Dev1080CheckPricesForDiffCampaign" tests="6" failures="0" timestamp="4 Nov 2016 08:17:42 GMT" time="113.455" errors="0">
  <testcase name="checkPrices" time="18.218" classname="testcases.A3Dev1080CheckPricesForDiffCampaign"/>
  <testcase name="checkPrices" time="18.387" classname="testcases.A3Dev1080CheckPricesForDiffCampaign"/>
  <testcase name="checkPrices" time="18.171" classname="testcases.A3Dev1080CheckPricesForDiffCampaign"/>
  <testcase name="checkPrices" time="20.116" classname="testcases.A3Dev1080CheckPricesForDiffCampaign"/>
  <testcase name="deleteLots" time="5.780" classname="testcases.A3Dev1080CheckPricesForDiffCampaign"/>
  <testcase name="addToMyLots" time="32.783" classname="testcases.A3Dev1080CheckPricesForDiffCampaign"/>
</testsuite> <!-- testcases.A3Dev1080CheckPricesForDiffCampaign -->
