<?xml version="1.0" encoding="UTF-8"?>
<!-- Generated by org.testng.reporters.JUnitReportReporter -->
<testsuite hostname="mbpro-dejuan.local" name="testcases.Testing1" tests="1" failures="0" timestamp="30 Nov 2016 13:12:57 GMT" time="9.641" errors="0">
  <testcase name="checkEmails" time="9.641" classname="testcases.Testing1"/>
</testsuite> <!-- testcases.Testing1 -->
