<?xml version="1.0" encoding="UTF-8"?>
<!-- Generated by org.testng.reporters.JUnitReportReporter -->
<testsuite hostname="mbpro-dejuan.local" name="testcases.C2Dev1139ADVMBUnderBid" tests="8" failures="0" timestamp="23 Nov 2016 10:00:50 GMT" time="262.346" errors="0">
  <testcase name="AddToMyLots" time="42.809" classname="testcases.C2Dev1139ADVMBUnderBid"/>
  <testcase name="ADVLotStatusIsUnderBid" time="19.637" classname="testcases.C2Dev1139ADVMBUnderBid"/>
  <testcase name="ADVunderBidautobid" time="46.205" classname="testcases.C2Dev1139ADVMBUnderBid"/>
  <testcase name="ResRejectADVUnderBid" time="28.922" classname="testcases.C2Dev1139ADVMBUnderBid"/>
  <testcase name="ResAcceptMBUnderBid" time="25.033" classname="testcases.C2Dev1139ADVMBUnderBid"/>
  <testcase name="ADVLotStatusIsOutbid" time="23.755" classname="testcases.C2Dev1139ADVMBUnderBid"/>
  <testcase name="MBunderBid" time="36.361" classname="testcases.C2Dev1139ADVMBUnderBid"/>
  <testcase name="AddToMyLots" time="39.624" classname="testcases.C2Dev1139ADVMBUnderBid"/>
</testsuite> <!-- testcases.C2Dev1139ADVMBUnderBid -->
