<?xml version="1.0" encoding="UTF-8"?>
<!-- Generated by org.testng.reporters.JUnitReportReporter -->
<testsuite hostname="mbpro-dejuan.local" name="testcases.C3Dev1000MBADVBidAutoBid" tests="5" failures="0" timestamp="11 Nov 2016 14:48:04 GMT" time="173.885" errors="0">
  <testcase name="MBautobid" time="40.539" classname="testcases.C3Dev1000MBADVBidAutoBid"/>
  <testcase name="ADV2bidBecomeOutbid" time="29.498" classname="testcases.C3Dev1000MBADVBidAutoBid"/>
  <testcase name="MBLotStatusIsBid" time="17.841" classname="testcases.C3Dev1000MBADVBidAutoBid"/>
  <testcase name="AddToMyLots" time="41.664" classname="testcases.C3Dev1000MBADVBidAutoBid"/>
  <testcase name="AddToMyLots" time="44.343" classname="testcases.C3Dev1000MBADVBidAutoBid"/>
</testsuite> <!-- testcases.C3Dev1000MBADVBidAutoBid -->
