<?xml version="1.0" encoding="UTF-8"?>
<!-- Generated by org.testng.reporters.JUnitReportReporter -->
<testsuite hostname="mbpro-dejuan.local" name="testcases.B1Dev1000ADVOptionRequestAcceptReject" tests="1" failures="0" timestamp="23 Nov 2016 09:08:04 GMT" time="125.862" errors="0">
  <testcase name="optionRequestAcceptReject" time="125.862" classname="testcases.B1Dev1000ADVOptionRequestAcceptReject"/>
</testsuite> <!-- testcases.B1Dev1000ADVOptionRequestAcceptReject -->
