<?xml version="1.0" encoding="UTF-8"?>
<!-- Generated by org.testng.reporters.JUnitReportReporter -->
<testsuite hostname="mbpro-dejuan.local" name="testcases.A2Dev1072LoginFirstTime" tests="7" failures="0" timestamp="7 Nov 2016 09:31:58 GMT" time="152.014" errors="0">
  <testcase name="logInChangePass" time="21.665" classname="testcases.A2Dev1072LoginFirstTime"/>
  <testcase name="logInChangePass" time="21.274" classname="testcases.A2Dev1072LoginFirstTime"/>
  <testcase name="logInChangePass" time="22.219" classname="testcases.A2Dev1072LoginFirstTime"/>
  <testcase name="logInChangePass" time="21.883" classname="testcases.A2Dev1072LoginFirstTime"/>
  <testcase name="logInChangePass" time="21.802" classname="testcases.A2Dev1072LoginFirstTime"/>
  <testcase name="logInChangePass" time="21.357" classname="testcases.A2Dev1072LoginFirstTime"/>
  <testcase name="logInChangePass" time="21.814" classname="testcases.A2Dev1072LoginFirstTime"/>
</testsuite> <!-- testcases.A2Dev1072LoginFirstTime -->
