<?xml version="1.0" encoding="UTF-8"?>
<!-- Generated by org.testng.reporters.JUnitReportReporter -->
<testsuite hostname="mbpro-dejuan.local" name="testcases.Dev101" tests="1" failures="0" timestamp="17 Aug 2016 13:32:31 GMT" time="53.935" errors="0">
  <testcase name="steps1" time="53.935" classname="testcases.Dev101"/>
</testsuite> <!-- testcases.Dev101 -->
