<?xml version="1.0" encoding="UTF-8"?>
<!-- Generated by org.testng.reporters.JUnitReportReporter -->
<testsuite hostname="mbpro-dejuan.local" name="testcases.A3Dev999CheckExchangePricesADV" tests="60" failures="0" timestamp="4 Nov 2016 08:02:17 GMT" time="72.610" errors="0">
  <testcase name="checkLMExchangePrice" time="0.147" classname="testcases.A3Dev999CheckExchangePricesADV"/>
  <testcase name="checkBidExchangePriceM2" time="0.168" classname="testcases.A3Dev999CheckExchangePricesADV"/>
  <testcase name="findBidInventoryForMedia2" time="7.515" classname="testcases.A3Dev999CheckExchangePricesADV"/>
  <testcase name="findBuyNowInventoryForMedia2" time="7.111" classname="testcases.A3Dev999CheckExchangePricesADV"/>
  <testcase name="checkBuyNowExchangePriceM2" time="0.277" classname="testcases.A3Dev999CheckExchangePricesADV"/>
  <testcase name="checkBidExchangePriceM2" time="0.170" classname="testcases.A3Dev999CheckExchangePricesADV"/>
  <testcase name="checkLMExchangePriceM2" time="0.223" classname="testcases.A3Dev999CheckExchangePricesADV"/>
  <testcase name="checkLMExchangePriceM2" time="0.164" classname="testcases.A3Dev999CheckExchangePricesADV"/>
  <testcase name="findBidInventoryForMedia1" time="6.887" classname="testcases.A3Dev999CheckExchangePricesADV"/>
  <testcase name="checkBuyNowExchangePriceM2" time="0.167" classname="testcases.A3Dev999CheckExchangePricesADV"/>
  <testcase name="checkBidExchangePrice" time="0.150" classname="testcases.A3Dev999CheckExchangePricesADV"/>
  <testcase name="checkBidExchangePriceM2" time="0.164" classname="testcases.A3Dev999CheckExchangePricesADV"/>
  <testcase name="checkLMExchangePriceM2" time="0.222" classname="testcases.A3Dev999CheckExchangePricesADV"/>
  <testcase name="checkLMExchangePrice" time="0.153" classname="testcases.A3Dev999CheckExchangePricesADV"/>
  <testcase name="checkBidExchangePrice" time="0.175" classname="testcases.A3Dev999CheckExchangePricesADV"/>
  <testcase name="checkLMExchangePrice" time="0.140" classname="testcases.A3Dev999CheckExchangePricesADV"/>
  <testcase name="checkBidExchangePriceM2" time="0.160" classname="testcases.A3Dev999CheckExchangePricesADV"/>
  <testcase name="checkBuyNowExchangePriceM2" time="0.148" classname="testcases.A3Dev999CheckExchangePricesADV"/>
  <testcase name="checkBidExchangePrice" time="0.143" classname="testcases.A3Dev999CheckExchangePricesADV"/>
  <testcase name="findLMInventoryForMedia1" time="18.491" classname="testcases.A3Dev999CheckExchangePricesADV"/>
  <testcase name="checkBuyNowExchangePrice" time="0.135" classname="testcases.A3Dev999CheckExchangePricesADV"/>
  <testcase name="checkBidExchangePriceM2" time="0.202" classname="testcases.A3Dev999CheckExchangePricesADV"/>
  <testcase name="checkLMExchangePriceM2" time="0.205" classname="testcases.A3Dev999CheckExchangePricesADV"/>
  <testcase name="checkLMExchangePrice" time="0.166" classname="testcases.A3Dev999CheckExchangePricesADV"/>
  <testcase name="checkBuyNowExchangePriceM2" time="0.143" classname="testcases.A3Dev999CheckExchangePricesADV"/>
  <testcase name="findBuyNowInventoryForMedia1" time="7.000" classname="testcases.A3Dev999CheckExchangePricesADV"/>
  <testcase name="checkLMExchangePriceM2" time="0.341" classname="testcases.A3Dev999CheckExchangePricesADV"/>
  <testcase name="checkLMExchangePriceM2" time="0.245" classname="testcases.A3Dev999CheckExchangePricesADV"/>
  <testcase name="checkBuyNowExchangePrice" time="0.134" classname="testcases.A3Dev999CheckExchangePricesADV"/>
  <testcase name="checkBuyNowExchangePrice" time="0.135" classname="testcases.A3Dev999CheckExchangePricesADV"/>
  <testcase name="checkBidExchangePriceM2" time="0.174" classname="testcases.A3Dev999CheckExchangePricesADV"/>
  <testcase name="checkBuyNowExchangePrice" time="0.163" classname="testcases.A3Dev999CheckExchangePricesADV"/>
  <testcase name="checkBuyNowExchangePrice" time="0.132" classname="testcases.A3Dev999CheckExchangePricesADV"/>
  <testcase name="checkBidExchangePrice" time="0.152" classname="testcases.A3Dev999CheckExchangePricesADV"/>
  <testcase name="findLMInventoryForMedia2" time="16.356" classname="testcases.A3Dev999CheckExchangePricesADV"/>
  <testcase name="checkBidExchangePriceM2" time="0.160" classname="testcases.A3Dev999CheckExchangePricesADV"/>
  <testcase name="checkBidExchangePrice" time="0.148" classname="testcases.A3Dev999CheckExchangePricesADV"/>
  <testcase name="checkLMExchangePrice" time="0.197" classname="testcases.A3Dev999CheckExchangePricesADV"/>
  <testcase name="checkBidExchangePriceM2" time="0.177" classname="testcases.A3Dev999CheckExchangePricesADV"/>
  <testcase name="checkBidExchangePriceM2" time="0.171" classname="testcases.A3Dev999CheckExchangePricesADV"/>
  <testcase name="checkBuyNowExchangePriceM2" time="0.236" classname="testcases.A3Dev999CheckExchangePricesADV"/>
  <testcase name="checkLMExchangePriceM2" time="0.196" classname="testcases.A3Dev999CheckExchangePricesADV"/>
  <testcase name="checkBidExchangePriceM2" time="0.162" classname="testcases.A3Dev999CheckExchangePricesADV"/>
  <testcase name="checkLMExchangePrice" time="0.159" classname="testcases.A3Dev999CheckExchangePricesADV"/>
  <testcase name="checkBidExchangePrice" time="0.144" classname="testcases.A3Dev999CheckExchangePricesADV"/>
  <testcase name="checkBuyNowExchangePrice" time="0.130" classname="testcases.A3Dev999CheckExchangePricesADV"/>
  <testcase name="checkLMExchangePriceM2" time="0.178" classname="testcases.A3Dev999CheckExchangePricesADV"/>
  <testcase name="checkBidExchangePriceM2" time="0.166" classname="testcases.A3Dev999CheckExchangePricesADV"/>
  <testcase name="checkBuyNowExchangePriceM2" time="0.148" classname="testcases.A3Dev999CheckExchangePricesADV"/>
  <testcase name="checkBuyNowExchangePriceM2" time="0.152" classname="testcases.A3Dev999CheckExchangePricesADV"/>
  <testcase name="checkBidExchangePriceM2" time="0.167" classname="testcases.A3Dev999CheckExchangePricesADV"/>
  <testcase name="checkLMExchangePriceM2" time="0.163" classname="testcases.A3Dev999CheckExchangePricesADV"/>
  <testcase name="checkBuyNowExchangePriceM2" time="0.153" classname="testcases.A3Dev999CheckExchangePricesADV"/>
  <testcase name="checkBuyNowExchangePriceM2" time="0.143" classname="testcases.A3Dev999CheckExchangePricesADV"/>
  <testcase name="checkBuyNowExchangePriceM2" time="0.150" classname="testcases.A3Dev999CheckExchangePricesADV"/>
  <testcase name="checkLMExchangePriceM2" time="0.202" classname="testcases.A3Dev999CheckExchangePricesADV"/>
  <testcase name="checkLMExchangePriceM2" time="0.185" classname="testcases.A3Dev999CheckExchangePricesADV"/>
  <testcase name="checkBuyNowExchangePriceM2" time="0.145" classname="testcases.A3Dev999CheckExchangePricesADV"/>
  <testcase name="checkLMExchangePriceM2" time="0.174" classname="testcases.A3Dev999CheckExchangePricesADV"/>
  <testcase name="checkBuyNowExchangePriceM2" time="0.146" classname="testcases.A3Dev999CheckExchangePricesADV"/>
</testsuite> <!-- testcases.A3Dev999CheckExchangePricesADV -->
