<?xml version="1.0" encoding="UTF-8"?>
<!-- Generated by org.testng.reporters.JUnitReportReporter -->
<testsuite hostname="mbpro-dejuan.local" name="testcases.A6Dev1000CheckPrivateSeatOrdersMB" tests="3" failures="0" timestamp="2 Nov 2016 14:23:59 GMT" time="25.117" errors="0">
  <testcase name="checkOrderResults" time="0.005" classname="testcases.A6Dev1000CheckPrivateSeatOrdersMB"/>
  <testcase name="checkOrderResults" time="0.000" classname="testcases.A6Dev1000CheckPrivateSeatOrdersMB"/>
  <testcase name="campaignMultipleBuyGetOrderOverview" time="25.112" classname="testcases.A6Dev1000CheckPrivateSeatOrdersMB"/>
</testsuite> <!-- testcases.A6Dev1000CheckPrivateSeatOrdersMB -->
