<?xml version="1.0" encoding="UTF-8"?>
<!-- Generated by org.testng.reporters.JUnitReportReporter -->
<testsuite hostname="mbpro-dejuan.local" name="testcases.A3Dev1079CheckPricesForADV2" tests="6" failures="0" timestamp="4 Nov 2016 08:15:16 GMT" time="95.292" errors="0">
  <testcase name="checkPrices" time="13.591" classname="testcases.A3Dev1079CheckPricesForADV2"/>
  <testcase name="checkPrices" time="10.063" classname="testcases.A3Dev1079CheckPricesForADV2"/>
  <testcase name="checkPrices" time="10.098" classname="testcases.A3Dev1079CheckPricesForADV2"/>
  <testcase name="addToMyLots" time="39.960" classname="testcases.A3Dev1079CheckPricesForADV2"/>
  <testcase name="deleteLots" time="7.920" classname="testcases.A3Dev1079CheckPricesForADV2"/>
  <testcase name="checkPrices" time="13.660" classname="testcases.A3Dev1079CheckPricesForADV2"/>
</testsuite> <!-- testcases.A3Dev1079CheckPricesForADV2 -->
