<?xml version="1.0" encoding="UTF-8"?>
<!-- Generated by org.testng.reporters.JUnitReportReporter -->
<testsuite hostname="mbpro-dejuan.local" name="testcases.E3Dev1524BulkBidADV" tests="1" failures="0" timestamp="30 Nov 2016 10:36:09 GMT" time="59.914" errors="0">
  <testcase name="AddToMyLotsAndBid" time="59.914" classname="testcases.E3Dev1524BulkBidADV"/>
</testsuite> <!-- testcases.E3Dev1524BulkBidADV -->
