<?xml version="1.0" encoding="UTF-8"?>
<!-- Generated by org.testng.reporters.JUnitReportReporter -->
<testsuite hostname="mbpro-dejuan.local" name="testcases.A6Dev1007PublisherSetPrivatePrices" tests="1" failures="0" timestamp="7 Nov 2016 10:07:42 GMT" time="53.565" errors="0">
  <testcase name="setPrices" time="53.565" classname="testcases.A6Dev1007PublisherSetPrivatePrices"/>
</testsuite> <!-- testcases.A6Dev1007PublisherSetPrivatePrices -->
