<?xml version="1.0" encoding="UTF-8"?>
<!-- Generated by org.testng.reporters.JUnitReportReporter -->
<testsuite hostname="mbpro-dejuan.local" name="testcases.A6Dev1000CampaignBuyBulkDealID" tests="4" failures="0" timestamp="2 Nov 2016 14:20:00 GMT" time="99.196" errors="0">
  <testcase name="campaignMultipleBuyGetOrderOverview" time="99.189" classname="testcases.A6Dev1000CampaignBuyBulkDealID"/>
  <testcase name="checkOrderResults" time="0.001" classname="testcases.A6Dev1000CampaignBuyBulkDealID"/>
  <testcase name="checkOrderResults" time="0.001" classname="testcases.A6Dev1000CampaignBuyBulkDealID"/>
  <testcase name="checkOrderResults" time="0.005" classname="testcases.A6Dev1000CampaignBuyBulkDealID"/>
</testsuite> <!-- testcases.A6Dev1000CampaignBuyBulkDealID -->
