<?xml version="1.0" encoding="UTF-8"?>
<!-- Generated by org.testng.reporters.JUnitReportReporter -->
<testsuite hostname="mbpro-dejuan.local" name="testcases.B2Dev1132OptionPush" tests="9" failures="0" timestamp="15 Nov 2016 13:11:46 GMT" time="375.472" errors="0">
  <testcase name="CheckStatusBuyTwoDeleteOne" time="45.077" classname="testcases.B2Dev1132OptionPush"/>
  <testcase name="notificationNoCampaignDeselect" time="23.940" classname="testcases.B2Dev1132OptionPush"/>
  <testcase name="deletAnOffer" time="8.358" classname="testcases.B2Dev1132OptionPush"/>
  <testcase name="optionPush" time="67.680" classname="testcases.B2Dev1132OptionPush"/>
  <testcase name="optionPush" time="66.600" classname="testcases.B2Dev1132OptionPush"/>
  <testcase name="optionPush" time="67.111" classname="testcases.B2Dev1132OptionPush"/>
  <testcase name="campaignAddAll" time="12.071" classname="testcases.B2Dev1132OptionPush"/>
  <testcase name="campaignAddOne" time="8.324" classname="testcases.B2Dev1132OptionPush"/>
  <testcase name="optionPush" time="76.311" classname="testcases.B2Dev1132OptionPush"/>
</testsuite> <!-- testcases.B2Dev1132OptionPush -->
