<?xml version="1.0" encoding="UTF-8"?>
<!-- Generated by org.testng.reporters.JUnitReportReporter -->
<testsuite hostname="mbpro-dejuan.local" name="testcases.C2Dev1121OptionRequestAcceptRejectMB" tests="2" failures="0" timestamp="30 Nov 2016 09:53:13 GMT" time="238.400" errors="0">
  <testcase name="optionRequestAcceptReject" time="114.253" classname="testcases.C2Dev1121OptionRequestAcceptRejectMB"/>
  <testcase name="optionRequestAcceptReject" time="124.147" classname="testcases.C2Dev1121OptionRequestAcceptRejectMB"/>
</testsuite> <!-- testcases.C2Dev1121OptionRequestAcceptRejectMB -->
