<?xml version="1.0" encoding="UTF-8"?>
<!-- Generated by org.testng.reporters.JUnitReportReporter -->
<testsuite hostname="mbpro-dejuan.local" name="testcases.A3Dev1082CheckBidPrices" tests="2" failures="0" timestamp="7 Sep 2016 08:57:30 GMT" time="76.343" errors="0">
  <testcase name="checkBidPrices" time="37.684" classname="testcases.A3Dev1082CheckBidPrices"/>
  <testcase name="checkBidPrices" time="38.659" classname="testcases.A3Dev1082CheckBidPrices"/>
</testsuite> <!-- testcases.A3Dev1082CheckBidPrices -->
