<?xml version="1.0" encoding="UTF-8"?>
<!-- Generated by org.testng.reporters.JUnitReportReporter -->
<testsuite hostname="mbpro-dejuan.local" name="testcases.C2Dev1139UnderBidAutoBid" tests="7" failures="0" timestamp="7 Nov 2016 10:28:21 GMT" time="232.912" errors="0">
  <testcase name="ADV2underBid" time="36.383" classname="testcases.C2Dev1139UnderBidAutoBid"/>
  <testcase name="ADVCanBid" time="31.182" classname="testcases.C2Dev1139UnderBidAutoBid"/>
  <testcase name="ResAcceptADV2UnderBid" time="25.173" classname="testcases.C2Dev1139UnderBidAutoBid"/>
  <testcase name="AddToMyLots" time="36.389" classname="testcases.C2Dev1139UnderBidAutoBid"/>
  <testcase name="ADV2LotStatusIsOutbid" time="22.690" classname="testcases.C2Dev1139UnderBidAutoBid"/>
  <testcase name="AddToMyLots" time="35.294" classname="testcases.C2Dev1139UnderBidAutoBid"/>
  <testcase name="ADVunderBidautobid" time="45.801" classname="testcases.C2Dev1139UnderBidAutoBid"/>
</testsuite> <!-- testcases.C2Dev1139UnderBidAutoBid -->
