<?xml version="1.0" encoding="UTF-8"?>
<!-- Generated by org.testng.reporters.JUnitReportReporter -->
<testsuite hostname="mbpro-dejuan.local" name="testcases.E5Dev1000MBADV2UnderBid" tests="8" failures="0" timestamp="25 Nov 2016 15:15:44 GMT" time="267.650" errors="0">
  <testcase name="AddToMyLots" time="44.476" classname="testcases.E5Dev1000MBADV2UnderBid"/>
  <testcase name="MBLotStatusIsOutbid" time="23.685" classname="testcases.E5Dev1000MBADV2UnderBid"/>
  <testcase name="Res2AcceptADV2UnderBid" time="27.208" classname="testcases.E5Dev1000MBADV2UnderBid"/>
  <testcase name="ADV2underBid" time="36.321" classname="testcases.E5Dev1000MBADV2UnderBid"/>
  <testcase name="MBLotStatusIsUnderBid" time="19.977" classname="testcases.E5Dev1000MBADV2UnderBid"/>
  <testcase name="MBunderBidautobid" time="45.514" classname="testcases.E5Dev1000MBADV2UnderBid"/>
  <testcase name="Res2RejectMBUnderBid" time="30.501" classname="testcases.E5Dev1000MBADV2UnderBid"/>
  <testcase name="AddToMyLots" time="39.968" classname="testcases.E5Dev1000MBADV2UnderBid"/>
</testsuite> <!-- testcases.E5Dev1000MBADV2UnderBid -->
