<?xml version="1.0" encoding="UTF-8"?>
<!-- Generated by org.testng.reporters.JUnitReportReporter -->
<testsuite hostname="mbpro-dejuan.local" name="testcases.C2Dev1139UnderBidModifyDelete" tests="1" failures="0" timestamp="7 Nov 2016 12:41:32 GMT" time="88.939" errors="0">
  <testcase name="UnderbidsAndModify" time="88.939" classname="testcases.C2Dev1139UnderBidModifyDelete"/>
</testsuite> <!-- testcases.C2Dev1139UnderBidModifyDelete -->
