<?xml version="1.0" encoding="UTF-8"?>
<!-- Generated by org.testng.reporters.JUnitReportReporter -->
<testsuite hostname="mbpro-dejuan.local" name="testcases.A6_1Dev1194CampaignBuyBulkDealID" tests="10" failures="0" timestamp="23 Nov 2016 09:05:29 GMT" time="186.772" errors="0">
  <testcase name="checkOrderResults" time="0.005" classname="testcases.A6_1Dev1194CampaignBuyBulkDealID"/>
  <testcase name="checkOrderResults" time="0.001" classname="testcases.A6_1Dev1194CampaignBuyBulkDealID"/>
  <testcase name="SetBulkDealIdAndBuyAndGetOrderOverview" time="48.875" classname="testcases.A6_1Dev1194CampaignBuyBulkDealID"/>
  <testcase name="checkFinalOrderResults" time="0.000" classname="testcases.A6_1Dev1194CampaignBuyBulkDealID"/>
  <testcase name="AddInventoriesToMyLots" time="50.224" classname="testcases.A6_1Dev1194CampaignBuyBulkDealID"/>
  <testcase name="setPricesByPublisher" time="42.748" classname="testcases.A6_1Dev1194CampaignBuyBulkDealID"/>
  <testcase name="SetSingleDealIdAndBuy" time="23.626" classname="testcases.A6_1Dev1194CampaignBuyBulkDealID"/>
  <testcase name="checkOrderResults" time="0.000" classname="testcases.A6_1Dev1194CampaignBuyBulkDealID"/>
  <testcase name="checkFinalOrderResults" time="0.001" classname="testcases.A6_1Dev1194CampaignBuyBulkDealID"/>
  <testcase name="campaignMultipleBuyGetOrderOverview" time="21.292" classname="testcases.A6_1Dev1194CampaignBuyBulkDealID"/>
</testsuite> <!-- testcases.A6_1Dev1194CampaignBuyBulkDealID -->
