<?xml version="1.0" encoding="UTF-8"?>
<!-- Generated by org.testng.reporters.JUnitReportReporter -->
<testsuite hostname="mbpro-dejuan.local" name="testcases.A0GuiCheckExchange" tests="2" failures="0" timestamp="14 Oct 2016 11:49:16 GMT" time="87.228" errors="0">
  <testcase name="ExchangePageGUICheck1" time="63.016" classname="testcases.A0GuiCheckExchange"/>
  <testcase name="MediaSearchGUICheck" time="24.212" classname="testcases.A0GuiCheckExchange"/>
</testsuite> <!-- testcases.A0GuiCheckExchange -->
