<?xml version="1.0" encoding="UTF-8"?>
<!-- Generated by org.testng.reporters.JUnitReportReporter -->
<testsuite hostname="mbpro-dejuan.local" name="testcases.A6_2Dev1007PublisherSetPrivatePrices" tests="1" failures="0" timestamp="22 Nov 2016 09:41:39 GMT" time="55.631" errors="0">
  <testcase name="setPrices" time="55.631" classname="testcases.A6_2Dev1007PublisherSetPrivatePrices"/>
</testsuite> <!-- testcases.A6_2Dev1007PublisherSetPrivatePrices -->
