<?xml version="1.0" encoding="UTF-8"?>
<!-- Generated by org.testng.reporters.JUnitReportReporter -->
<testsuite hostname="mbpro-dejuan.local" name="testcases.B4Dev1077CheckAllPricesForADV" tests="11" failures="0" timestamp="30 Nov 2016 08:02:59 GMT" time="510.245" errors="0">
  <testcase name="checkAllPrices" time="44.430" classname="testcases.B4Dev1077CheckAllPricesForADV"/>
  <testcase name="checkAllPrices" time="44.833" classname="testcases.B4Dev1077CheckAllPricesForADV"/>
  <testcase name="checkAllPrices" time="44.494" classname="testcases.B4Dev1077CheckAllPricesForADV"/>
  <testcase name="checkAllPrices" time="47.069" classname="testcases.B4Dev1077CheckAllPricesForADV"/>
  <testcase name="checkAllPrices" time="46.506" classname="testcases.B4Dev1077CheckAllPricesForADV"/>
  <testcase name="checkAllPrices" time="51.733" classname="testcases.B4Dev1077CheckAllPricesForADV"/>
  <testcase name="checkAllPrices" time="47.561" classname="testcases.B4Dev1077CheckAllPricesForADV"/>
  <testcase name="checkAllPrices" time="45.584" classname="testcases.B4Dev1077CheckAllPricesForADV"/>
  <testcase name="checkAllPrices" time="49.198" classname="testcases.B4Dev1077CheckAllPricesForADV"/>
  <testcase name="checkAllPrices" time="44.462" classname="testcases.B4Dev1077CheckAllPricesForADV"/>
  <testcase name="checkAllPrices" time="44.375" classname="testcases.B4Dev1077CheckAllPricesForADV"/>
</testsuite> <!-- testcases.B4Dev1077CheckAllPricesForADV -->
