<?xml version="1.0" encoding="UTF-8"?>
<!-- Generated by org.testng.reporters.JUnitReportReporter -->
<testsuite hostname="mbpro-dejuan.local" name="testcases.C1Dev1000MBBidAutoBid" tests="8" failures="0" timestamp="14 Nov 2016 09:27:44 GMT" time="261.872" errors="0">
  <testcase name="ADVautobid" time="37.516" classname="testcases.C1Dev1000MBBidAutoBid"/>
  <testcase name="MBIsOutBid" time="20.613" classname="testcases.C1Dev1000MBBidAutoBid"/>
  <testcase name="MBbidAgainAgainBecomeWinner" time="42.955" classname="testcases.C1Dev1000MBBidAutoBid"/>
  <testcase name="ADVIsOutBidADVBidAgain" time="29.090" classname="testcases.C1Dev1000MBBidAutoBid"/>
  <testcase name="AddToMyLots" time="39.818" classname="testcases.C1Dev1000MBBidAutoBid"/>
  <testcase name="AddToMyLots" time="43.159" classname="testcases.C1Dev1000MBBidAutoBid"/>
  <testcase name="MBbidBecomeOutbid" time="31.639" classname="testcases.C1Dev1000MBBidAutoBid"/>
  <testcase name="ADVLotStatusIsBid" time="17.082" classname="testcases.C1Dev1000MBBidAutoBid"/>
</testsuite> <!-- testcases.C1Dev1000MBBidAutoBid -->
