<?xml version="1.0" encoding="UTF-8"?>
<!-- Generated by org.testng.reporters.JUnitReportReporter -->
<testsuite hostname="mbpro-dejuan.lan" name="testcases.Dev1000Buy" tests="1" failures="0" timestamp="21 Aug 2016 12:42:37 GMT" time="51.841" errors="0">
  <testcase name="steps1" time="51.841" classname="testcases.Dev1000Buy"/>
</testsuite> <!-- testcases.Dev1000Buy -->
