<?xml version="1.0" encoding="UTF-8"?>
<!-- Generated by org.testng.reporters.JUnitReportReporter -->
<testsuite hostname="mbpro-dejuan.local" name="testcases.A3Dev1079CheckBuyNowPricesMB" tests="1" failures="0" timestamp="26 Aug 2016 12:04:48 GMT" time="61.564" errors="0">
  <testcase name="steps1" time="61.564" classname="testcases.A3Dev1079CheckBuyNowPricesMB"/>
</testsuite> <!-- testcases.A3Dev1079CheckBuyNowPricesMB -->
