<?xml version="1.0" encoding="UTF-8"?>
<!-- Generated by org.testng.reporters.JUnitReportReporter -->
<testsuite hostname="mbpro-dejuan.local" name="testcases.A3Dev1077CheckAllPricesForADV" tests="11" failures="0" timestamp="4 Nov 2016 08:13:03 GMT" time="489.789" errors="0">
  <testcase name="checkAllPrices" time="44.218" classname="testcases.A3Dev1077CheckAllPricesForADV"/>
  <testcase name="checkAllPrices" time="46.324" classname="testcases.A3Dev1077CheckAllPricesForADV"/>
  <testcase name="checkAllPrices" time="43.131" classname="testcases.A3Dev1077CheckAllPricesForADV"/>
  <testcase name="checkAllPrices" time="44.731" classname="testcases.A3Dev1077CheckAllPricesForADV"/>
  <testcase name="checkAllPrices" time="42.949" classname="testcases.A3Dev1077CheckAllPricesForADV"/>
  <testcase name="checkAllPrices" time="45.860" classname="testcases.A3Dev1077CheckAllPricesForADV"/>
  <testcase name="checkAllPrices" time="43.437" classname="testcases.A3Dev1077CheckAllPricesForADV"/>
  <testcase name="checkAllPrices" time="48.007" classname="testcases.A3Dev1077CheckAllPricesForADV"/>
  <testcase name="checkAllPrices" time="45.284" classname="testcases.A3Dev1077CheckAllPricesForADV"/>
  <testcase name="checkAllPrices" time="43.090" classname="testcases.A3Dev1077CheckAllPricesForADV"/>
  <testcase name="checkAllPrices" time="42.758" classname="testcases.A3Dev1077CheckAllPricesForADV"/>
</testsuite> <!-- testcases.A3Dev1077CheckAllPricesForADV -->
