<?xml version="1.0" encoding="UTF-8"?>
<!-- Generated by org.testng.reporters.JUnitReportReporter -->
<testsuite hostname="mbpro-dejuan.local" name="testcases.B1Dev1015CheckExchangePricesMB" tests="107" failures="0" timestamp="30 Nov 2016 08:02:59 GMT" time="185.961" errors="0">
  <testcase name="findLMInventoryForMedia2" time="22.989" classname="testcases.B1Dev1015CheckExchangePricesMB"/>
  <testcase name="checkLMExchangePriceM2" time="0.153" classname="testcases.B1Dev1015CheckExchangePricesMB"/>
  <testcase name="findBidInventoryForMedia2" time="7.001" classname="testcases.B1Dev1015CheckExchangePricesMB"/>
  <testcase name="checkLMExchangePrice" time="0.157" classname="testcases.B1Dev1015CheckExchangePricesMB"/>
  <testcase name="checkLMExchangePrice" time="0.162" classname="testcases.B1Dev1015CheckExchangePricesMB"/>
  <testcase name="checkTuesdayExchangePriceM1" time="0.136" classname="testcases.B1Dev1015CheckExchangePricesMB"/>
  <testcase name="checkBidExchangePriceM2" time="0.159" classname="testcases.B1Dev1015CheckExchangePricesMB"/>
  <testcase name="checkBuyNowExchangePriceM2" time="0.139" classname="testcases.B1Dev1015CheckExchangePricesMB"/>
  <testcase name="checkBuyNowExchangePriceM2Campaign1" time="0.149" classname="testcases.B1Dev1015CheckExchangePricesMB"/>
  <testcase name="checkBuyNowExchangePriceM2Campaign2" time="0.145" classname="testcases.B1Dev1015CheckExchangePricesMB"/>
  <testcase name="checkBuyNowExchangePriceM2Campaign1" time="0.180" classname="testcases.B1Dev1015CheckExchangePricesMB"/>
  <testcase name="checkBuyNowExchangePriceCampaign2" time="0.164" classname="testcases.B1Dev1015CheckExchangePricesMB"/>
  <testcase name="checkBuyNowExchangePriceM2Campaign2" time="0.142" classname="testcases.B1Dev1015CheckExchangePricesMB"/>
  <testcase name="checkBuyNowExchangePriceM2Campaign2" time="0.176" classname="testcases.B1Dev1015CheckExchangePricesMB"/>
  <testcase name="findBuyNowInventoryForMedia2Campaign1" time="18.296" classname="testcases.B1Dev1015CheckExchangePricesMB"/>
  <testcase name="checkBuyNowExchangePriceM2Campaign2" time="0.154" classname="testcases.B1Dev1015CheckExchangePricesMB"/>
  <testcase name="checkBuyNowExchangePriceM2Campaign2" time="0.139" classname="testcases.B1Dev1015CheckExchangePricesMB"/>
  <testcase name="checkBuyNowExchangePriceM2Campaign2" time="0.140" classname="testcases.B1Dev1015CheckExchangePricesMB"/>
  <testcase name="checkBuyNowExchangePriceWithCampaign1" time="0.164" classname="testcases.B1Dev1015CheckExchangePricesMB"/>
  <testcase name="checkBidExchangePriceM2" time="0.164" classname="testcases.B1Dev1015CheckExchangePricesMB"/>
  <testcase name="checkBuyNowExchangePriceM2" time="0.161" classname="testcases.B1Dev1015CheckExchangePricesMB"/>
  <testcase name="checkBuyNowExchangePriceCampaign2" time="0.141" classname="testcases.B1Dev1015CheckExchangePricesMB"/>
  <testcase name="findBuyNowInventoryForMedia2Campaign2" time="18.422" classname="testcases.B1Dev1015CheckExchangePricesMB"/>
  <testcase name="checkTuesdayExchangePriceM1" time="0.131" classname="testcases.B1Dev1015CheckExchangePricesMB"/>
  <testcase name="checkBuyNowExchangePriceM2" time="0.148" classname="testcases.B1Dev1015CheckExchangePricesMB"/>
  <testcase name="checkBuyNowExchangePrice" time="0.136" classname="testcases.B1Dev1015CheckExchangePricesMB"/>
  <testcase name="checkBuyNowExchangePriceWithCampaign1" time="0.133" classname="testcases.B1Dev1015CheckExchangePricesMB"/>
  <testcase name="checkBidExchangePrice" time="0.149" classname="testcases.B1Dev1015CheckExchangePricesMB"/>
  <testcase name="checkBuyNowExchangePriceM2Campaign1" time="0.150" classname="testcases.B1Dev1015CheckExchangePricesMB"/>
  <testcase name="checkBuyNowExchangePriceM2" time="0.147" classname="testcases.B1Dev1015CheckExchangePricesMB"/>
  <testcase name="checkBuyNowExchangePriceM2Campaign1" time="0.153" classname="testcases.B1Dev1015CheckExchangePricesMB"/>
  <testcase name="checkTuesdayExchangePriceM1" time="0.137" classname="testcases.B1Dev1015CheckExchangePricesMB"/>
  <testcase name="checkLMExchangePriceM2" time="0.161" classname="testcases.B1Dev1015CheckExchangePricesMB"/>
  <testcase name="checkBidExchangePrice" time="0.137" classname="testcases.B1Dev1015CheckExchangePricesMB"/>
  <testcase name="checkBuyNowExchangePriceM2Campaign1" time="0.146" classname="testcases.B1Dev1015CheckExchangePricesMB"/>
  <testcase name="checkBuyNowExchangePrice" time="0.132" classname="testcases.B1Dev1015CheckExchangePricesMB"/>
  <testcase name="checkTuesdayExchangePriceM1" time="0.131" classname="testcases.B1Dev1015CheckExchangePricesMB"/>
  <testcase name="checkBuyNowExchangePriceM2Campaign2" time="0.137" classname="testcases.B1Dev1015CheckExchangePricesMB"/>
  <testcase name="checkLMExchangePrice" time="0.216" classname="testcases.B1Dev1015CheckExchangePricesMB"/>
  <testcase name="checkBuyNowExchangePriceM2Campaign1" time="0.176" classname="testcases.B1Dev1015CheckExchangePricesMB"/>
  <testcase name="findBuyNowInventoryForMedia1WithCampaign2" time="17.651" classname="testcases.B1Dev1015CheckExchangePricesMB"/>
  <testcase name="checkBidExchangePrice" time="0.145" classname="testcases.B1Dev1015CheckExchangePricesMB"/>
  <testcase name="checkBidExchangePriceM2" time="0.160" classname="testcases.B1Dev1015CheckExchangePricesMB"/>
  <testcase name="checkBidExchangePriceM2" time="0.151" classname="testcases.B1Dev1015CheckExchangePricesMB"/>
  <testcase name="checkLMExchangePriceM2" time="0.159" classname="testcases.B1Dev1015CheckExchangePricesMB"/>
  <testcase name="checkBidExchangePriceM2" time="0.160" classname="testcases.B1Dev1015CheckExchangePricesMB"/>
  <testcase name="checkBuyNowExchangePriceM2Campaign1" time="0.154" classname="testcases.B1Dev1015CheckExchangePricesMB"/>
  <testcase name="checkLMExchangePriceM2" time="0.155" classname="testcases.B1Dev1015CheckExchangePricesMB"/>
  <testcase name="checkBidExchangePriceM2" time="0.163" classname="testcases.B1Dev1015CheckExchangePricesMB"/>
  <testcase name="checkLMExchangePriceM2" time="0.158" classname="testcases.B1Dev1015CheckExchangePricesMB"/>
  <testcase name="checkBuyNowExchangePriceM2Campaign1" time="0.163" classname="testcases.B1Dev1015CheckExchangePricesMB"/>
  <testcase name="checkTuesdayExchangePriceM1" time="0.178" classname="testcases.B1Dev1015CheckExchangePricesMB"/>
  <testcase name="checkBidExchangePriceM2" time="0.161" classname="testcases.B1Dev1015CheckExchangePricesMB"/>
  <testcase name="checkBuyNowExchangePrice" time="0.132" classname="testcases.B1Dev1015CheckExchangePricesMB"/>
  <testcase name="checkBuyNowExchangePriceCampaign2" time="0.124" classname="testcases.B1Dev1015CheckExchangePricesMB"/>
  <testcase name="checkLMExchangePriceM2" time="0.154" classname="testcases.B1Dev1015CheckExchangePricesMB"/>
  <testcase name="checkBidExchangePriceM2" time="0.171" classname="testcases.B1Dev1015CheckExchangePricesMB"/>
  <testcase name="checkBuyNowExchangePriceM2" time="0.150" classname="testcases.B1Dev1015CheckExchangePricesMB"/>
  <testcase name="checkBidExchangePrice" time="0.185" classname="testcases.B1Dev1015CheckExchangePricesMB"/>
  <testcase name="checkBuyNowExchangePriceM2" time="0.148" classname="testcases.B1Dev1015CheckExchangePricesMB"/>
  <testcase name="checkBuyNowExchangePriceM2" time="0.171" classname="testcases.B1Dev1015CheckExchangePricesMB"/>
  <testcase name="checkBidExchangePrice" time="0.138" classname="testcases.B1Dev1015CheckExchangePricesMB"/>
  <testcase name="checkBuyNowExchangePriceCampaign2" time="0.127" classname="testcases.B1Dev1015CheckExchangePricesMB"/>
  <testcase name="checkLMExchangePrice" time="0.149" classname="testcases.B1Dev1015CheckExchangePricesMB"/>
  <testcase name="checkBidExchangePrice" time="0.137" classname="testcases.B1Dev1015CheckExchangePricesMB"/>
  <testcase name="checkLMExchangePriceM2" time="0.173" classname="testcases.B1Dev1015CheckExchangePricesMB"/>
  <testcase name="checkBuyNowExchangePriceCampaign2" time="0.138" classname="testcases.B1Dev1015CheckExchangePricesMB"/>
  <testcase name="findTuesdayInventoryForMedia1" time="24.553" classname="testcases.B1Dev1015CheckExchangePricesMB"/>
  <testcase name="checkBidExchangePriceM2" time="0.158" classname="testcases.B1Dev1015CheckExchangePricesMB"/>
  <testcase name="checkBidExchangePriceM2" time="0.158" classname="testcases.B1Dev1015CheckExchangePricesMB"/>
  <testcase name="checkLMExchangePrice" time="0.222" classname="testcases.B1Dev1015CheckExchangePricesMB"/>
  <testcase name="checkBuyNowExchangePriceWithCampaign1" time="0.128" classname="testcases.B1Dev1015CheckExchangePricesMB"/>
  <testcase name="checkBuyNowExchangePriceWithCampaign1" time="0.137" classname="testcases.B1Dev1015CheckExchangePricesMB"/>
  <testcase name="checkBuyNowExchangePriceM2Campaign2" time="0.139" classname="testcases.B1Dev1015CheckExchangePricesMB"/>
  <testcase name="checkBuyNowExchangePriceM2" time="0.153" classname="testcases.B1Dev1015CheckExchangePricesMB"/>
  <testcase name="checkBuyNowExchangePriceM2Campaign1" time="0.147" classname="testcases.B1Dev1015CheckExchangePricesMB"/>
  <testcase name="checkBuyNowExchangePriceWithCampaign1" time="0.143" classname="testcases.B1Dev1015CheckExchangePricesMB"/>
  <testcase name="findLMInventoryForMedia1" time="22.966" classname="testcases.B1Dev1015CheckExchangePricesMB"/>
  <testcase name="checkBidExchangePriceM2" time="0.240" classname="testcases.B1Dev1015CheckExchangePricesMB"/>
  <testcase name="checkLMExchangePrice" time="0.166" classname="testcases.B1Dev1015CheckExchangePricesMB"/>
  <testcase name="checkBuyNowExchangePriceM2Campaign2" time="0.143" classname="testcases.B1Dev1015CheckExchangePricesMB"/>
  <testcase name="checkBuyNowExchangePriceCampaign2" time="0.137" classname="testcases.B1Dev1015CheckExchangePricesMB"/>
  <testcase name="findBuyNowInventoryForMedia2" time="6.694" classname="testcases.B1Dev1015CheckExchangePricesMB"/>
  <testcase name="checkBuyNowExchangePriceM2" time="0.146" classname="testcases.B1Dev1015CheckExchangePricesMB"/>
  <testcase name="checkTuesdayExchangePriceM1" time="0.200" classname="testcases.B1Dev1015CheckExchangePricesMB"/>
  <testcase name="checkBidExchangePriceM2" time="0.177" classname="testcases.B1Dev1015CheckExchangePricesMB"/>
  <testcase name="checkLMExchangePriceM2" time="0.152" classname="testcases.B1Dev1015CheckExchangePricesMB"/>
  <testcase name="findBuyNowInventoryForMedia1WithCampaign1" time="19.297" classname="testcases.B1Dev1015CheckExchangePricesMB"/>
  <testcase name="checkBuyNowExchangePrice" time="0.134" classname="testcases.B1Dev1015CheckExchangePricesMB"/>
  <testcase name="checkBuyNowExchangePriceM2Campaign2" time="0.147" classname="testcases.B1Dev1015CheckExchangePricesMB"/>
  <testcase name="checkBuyNowExchangePriceM2Campaign1" time="0.149" classname="testcases.B1Dev1015CheckExchangePricesMB"/>
  <testcase name="checkBuyNowExchangePriceM2Campaign1" time="0.150" classname="testcases.B1Dev1015CheckExchangePricesMB"/>
  <testcase name="checkLMExchangePriceM2" time="0.184" classname="testcases.B1Dev1015CheckExchangePricesMB"/>
  <testcase name="checkLMExchangePriceM2" time="0.170" classname="testcases.B1Dev1015CheckExchangePricesMB"/>
  <testcase name="checkBuyNowExchangePriceWithCampaign1" time="0.139" classname="testcases.B1Dev1015CheckExchangePricesMB"/>
  <testcase name="checkBuyNowExchangePriceM2Campaign2" time="0.147" classname="testcases.B1Dev1015CheckExchangePricesMB"/>
  <testcase name="findBuyNowInventoryForMedia1" time="6.591" classname="testcases.B1Dev1015CheckExchangePricesMB"/>
  <testcase name="checkBuyNowExchangePriceM2Campaign2" time="0.155" classname="testcases.B1Dev1015CheckExchangePricesMB"/>
  <testcase name="checkBuyNowExchangePriceM2" time="0.158" classname="testcases.B1Dev1015CheckExchangePricesMB"/>
  <testcase name="checkLMExchangePriceM2" time="0.163" classname="testcases.B1Dev1015CheckExchangePricesMB"/>
  <testcase name="checkBuyNowExchangePriceM2" time="0.243" classname="testcases.B1Dev1015CheckExchangePricesMB"/>
  <testcase name="checkBuyNowExchangePriceM2Campaign1" time="0.159" classname="testcases.B1Dev1015CheckExchangePricesMB"/>
  <testcase name="findBidInventoryForMedia1" time="6.580" classname="testcases.B1Dev1015CheckExchangePricesMB"/>
  <testcase name="checkBuyNowExchangePrice" time="0.130" classname="testcases.B1Dev1015CheckExchangePricesMB"/>
  <testcase name="checkBuyNowExchangePriceM2" time="0.168" classname="testcases.B1Dev1015CheckExchangePricesMB"/>
  <testcase name="checkLMExchangePriceM2" time="0.163" classname="testcases.B1Dev1015CheckExchangePricesMB"/>
  <testcase name="checkBuyNowExchangePrice" time="0.167" classname="testcases.B1Dev1015CheckExchangePricesMB"/>
</testsuite> <!-- testcases.B1Dev1015CheckExchangePricesMB -->
