<?xml version="1.0" encoding="UTF-8"?>
<!-- Generated by org.testng.reporters.JUnitReportReporter -->
<testsuite hostname="mbpro-dejuan.local" name="testcases.A3Dev998CheckExchangePricesADV2" tests="60" failures="0" timestamp="4 Nov 2016 08:04:08 GMT" time="69.317" errors="0">
  <testcase name="checkLMExchangePrice" time="0.139" classname="testcases.A3Dev998CheckExchangePricesADV2"/>
  <testcase name="checkBidExchangePriceM2" time="0.153" classname="testcases.A3Dev998CheckExchangePricesADV2"/>
  <testcase name="findBidInventoryForMedia2" time="7.053" classname="testcases.A3Dev998CheckExchangePricesADV2"/>
  <testcase name="findBuyNowInventoryForMedia2" time="7.086" classname="testcases.A3Dev998CheckExchangePricesADV2"/>
  <testcase name="checkBuyNowExchangePriceM2" time="0.145" classname="testcases.A3Dev998CheckExchangePricesADV2"/>
  <testcase name="checkBidExchangePriceM2" time="0.169" classname="testcases.A3Dev998CheckExchangePricesADV2"/>
  <testcase name="checkLMExchangePriceM2" time="0.168" classname="testcases.A3Dev998CheckExchangePricesADV2"/>
  <testcase name="checkLMExchangePriceM2" time="0.158" classname="testcases.A3Dev998CheckExchangePricesADV2"/>
  <testcase name="findBidInventoryForMedia1" time="6.642" classname="testcases.A3Dev998CheckExchangePricesADV2"/>
  <testcase name="checkBuyNowExchangePriceM2" time="0.166" classname="testcases.A3Dev998CheckExchangePricesADV2"/>
  <testcase name="checkBidExchangePrice" time="0.156" classname="testcases.A3Dev998CheckExchangePricesADV2"/>
  <testcase name="checkBidExchangePriceM2" time="0.157" classname="testcases.A3Dev998CheckExchangePricesADV2"/>
  <testcase name="checkLMExchangePriceM2" time="0.173" classname="testcases.A3Dev998CheckExchangePricesADV2"/>
  <testcase name="checkLMExchangePrice" time="0.149" classname="testcases.A3Dev998CheckExchangePricesADV2"/>
  <testcase name="checkBidExchangePrice" time="0.174" classname="testcases.A3Dev998CheckExchangePricesADV2"/>
  <testcase name="checkLMExchangePrice" time="0.142" classname="testcases.A3Dev998CheckExchangePricesADV2"/>
  <testcase name="checkBidExchangePriceM2" time="0.165" classname="testcases.A3Dev998CheckExchangePricesADV2"/>
  <testcase name="checkBuyNowExchangePriceM2" time="0.149" classname="testcases.A3Dev998CheckExchangePricesADV2"/>
  <testcase name="checkBidExchangePrice" time="0.152" classname="testcases.A3Dev998CheckExchangePricesADV2"/>
  <testcase name="findLMInventoryForMedia1" time="17.679" classname="testcases.A3Dev998CheckExchangePricesADV2"/>
  <testcase name="checkBuyNowExchangePrice" time="0.128" classname="testcases.A3Dev998CheckExchangePricesADV2"/>
  <testcase name="checkBidExchangePriceM2" time="0.191" classname="testcases.A3Dev998CheckExchangePricesADV2"/>
  <testcase name="checkLMExchangePriceM2" time="0.284" classname="testcases.A3Dev998CheckExchangePricesADV2"/>
  <testcase name="checkLMExchangePrice" time="0.142" classname="testcases.A3Dev998CheckExchangePricesADV2"/>
  <testcase name="checkBuyNowExchangePriceM2" time="0.146" classname="testcases.A3Dev998CheckExchangePricesADV2"/>
  <testcase name="findBuyNowInventoryForMedia1" time="6.594" classname="testcases.A3Dev998CheckExchangePricesADV2"/>
  <testcase name="checkLMExchangePriceM2" time="0.167" classname="testcases.A3Dev998CheckExchangePricesADV2"/>
  <testcase name="checkLMExchangePriceM2" time="0.167" classname="testcases.A3Dev998CheckExchangePricesADV2"/>
  <testcase name="checkBuyNowExchangePrice" time="0.136" classname="testcases.A3Dev998CheckExchangePricesADV2"/>
  <testcase name="checkBuyNowExchangePrice" time="0.143" classname="testcases.A3Dev998CheckExchangePricesADV2"/>
  <testcase name="checkBidExchangePriceM2" time="0.155" classname="testcases.A3Dev998CheckExchangePricesADV2"/>
  <testcase name="checkBuyNowExchangePrice" time="0.151" classname="testcases.A3Dev998CheckExchangePricesADV2"/>
  <testcase name="checkBuyNowExchangePrice" time="0.133" classname="testcases.A3Dev998CheckExchangePricesADV2"/>
  <testcase name="checkBidExchangePrice" time="0.153" classname="testcases.A3Dev998CheckExchangePricesADV2"/>
  <testcase name="findLMInventoryForMedia2" time="15.606" classname="testcases.A3Dev998CheckExchangePricesADV2"/>
  <testcase name="checkBidExchangePriceM2" time="0.157" classname="testcases.A3Dev998CheckExchangePricesADV2"/>
  <testcase name="checkBidExchangePrice" time="0.146" classname="testcases.A3Dev998CheckExchangePricesADV2"/>
  <testcase name="checkLMExchangePrice" time="0.187" classname="testcases.A3Dev998CheckExchangePricesADV2"/>
  <testcase name="checkBidExchangePriceM2" time="0.169" classname="testcases.A3Dev998CheckExchangePricesADV2"/>
  <testcase name="checkBidExchangePriceM2" time="0.165" classname="testcases.A3Dev998CheckExchangePricesADV2"/>
  <testcase name="checkBuyNowExchangePriceM2" time="0.149" classname="testcases.A3Dev998CheckExchangePricesADV2"/>
  <testcase name="checkLMExchangePriceM2" time="0.208" classname="testcases.A3Dev998CheckExchangePricesADV2"/>
  <testcase name="checkBidExchangePriceM2" time="0.158" classname="testcases.A3Dev998CheckExchangePricesADV2"/>
  <testcase name="checkLMExchangePrice" time="0.142" classname="testcases.A3Dev998CheckExchangePricesADV2"/>
  <testcase name="checkBidExchangePrice" time="0.145" classname="testcases.A3Dev998CheckExchangePricesADV2"/>
  <testcase name="checkBuyNowExchangePrice" time="0.137" classname="testcases.A3Dev998CheckExchangePricesADV2"/>
  <testcase name="checkLMExchangePriceM2" time="0.169" classname="testcases.A3Dev998CheckExchangePricesADV2"/>
  <testcase name="checkBidExchangePriceM2" time="0.162" classname="testcases.A3Dev998CheckExchangePricesADV2"/>
  <testcase name="checkBuyNowExchangePriceM2" time="0.149" classname="testcases.A3Dev998CheckExchangePricesADV2"/>
  <testcase name="checkBuyNowExchangePriceM2" time="0.154" classname="testcases.A3Dev998CheckExchangePricesADV2"/>
  <testcase name="checkBidExchangePriceM2" time="0.171" classname="testcases.A3Dev998CheckExchangePricesADV2"/>
  <testcase name="checkLMExchangePriceM2" time="0.167" classname="testcases.A3Dev998CheckExchangePricesADV2"/>
  <testcase name="checkBuyNowExchangePriceM2" time="0.148" classname="testcases.A3Dev998CheckExchangePricesADV2"/>
  <testcase name="checkBuyNowExchangePriceM2" time="0.144" classname="testcases.A3Dev998CheckExchangePricesADV2"/>
  <testcase name="checkBuyNowExchangePriceM2" time="0.159" classname="testcases.A3Dev998CheckExchangePricesADV2"/>
  <testcase name="checkLMExchangePriceM2" time="0.163" classname="testcases.A3Dev998CheckExchangePricesADV2"/>
  <testcase name="checkLMExchangePriceM2" time="0.162" classname="testcases.A3Dev998CheckExchangePricesADV2"/>
  <testcase name="checkBuyNowExchangePriceM2" time="0.146" classname="testcases.A3Dev998CheckExchangePricesADV2"/>
  <testcase name="checkLMExchangePriceM2" time="0.240" classname="testcases.A3Dev998CheckExchangePricesADV2"/>
  <testcase name="checkBuyNowExchangePriceM2" time="0.149" classname="testcases.A3Dev998CheckExchangePricesADV2"/>
</testsuite> <!-- testcases.A3Dev998CheckExchangePricesADV2 -->
