<?xml version="1.0" encoding="UTF-8"?>
<!-- Generated by org.testng.reporters.JUnitReportReporter -->
<testsuite hostname="mbpro-dejuan.local" name="testcases.C1Dev1137BidAutoBid" tests="8" failures="0" timestamp="7 Nov 2016 10:24:03 GMT" time="258.148" errors="0">
  <testcase name="ADVautobid" time="40.617" classname="testcases.C1Dev1137BidAutoBid"/>
  <testcase name="ADV2IsOutBid" time="22.871" classname="testcases.C1Dev1137BidAutoBid"/>
  <testcase name="ADVLotStatusIsBid" time="18.490" classname="testcases.C1Dev1137BidAutoBid"/>
  <testcase name="AddToMyLots" time="34.804" classname="testcases.C1Dev1137BidAutoBid"/>
  <testcase name="ADV2bidBecomeOutbid" time="31.234" classname="testcases.C1Dev1137BidAutoBid"/>
  <testcase name="ADV2bidAgainAgainBecomeWinner" time="43.606" classname="testcases.C1Dev1137BidAutoBid"/>
  <testcase name="ADVIsOutBidADVBidAgain" time="31.001" classname="testcases.C1Dev1137BidAutoBid"/>
  <testcase name="AddToMyLots" time="35.525" classname="testcases.C1Dev1137BidAutoBid"/>
</testsuite> <!-- testcases.C1Dev1137BidAutoBid -->
