<?xml version="1.0" encoding="UTF-8"?>
<!-- Generated by org.testng.reporters.JUnitReportReporter -->
<testsuite hostname="mbpro-dejuan.local" name="testcases.A3Dev1000CheckExchangePricesForDiffCampaign" tests="35" failures="0" timestamp="13 Oct 2016 06:56:26 GMT" time="87.915" errors="0">
  <testcase name="findLMInventoryForMedia1" time="26.564" classname="testcases.A3Dev1000CheckExchangePricesForDiffCampaign"/>
  <testcase name="checkLMExchangePrice" time="0.178" classname="testcases.A3Dev1000CheckExchangePricesForDiffCampaign"/>
  <testcase name="checkBuyNowExchangePrice" time="0.126" classname="testcases.A3Dev1000CheckExchangePricesForDiffCampaign"/>
  <testcase name="checkBuyNowExchangePriceWithCampaign2" time="0.129" classname="testcases.A3Dev1000CheckExchangePricesForDiffCampaign"/>
  <testcase name="checkBuyNowExchangePriceWithCampaign1" time="0.127" classname="testcases.A3Dev1000CheckExchangePricesForDiffCampaign"/>
  <testcase name="checkBuyNowExchangePrice" time="0.126" classname="testcases.A3Dev1000CheckExchangePricesForDiffCampaign"/>
  <testcase name="findBuyNowInventoryForMedia1WithCampaign1" time="21.360" classname="testcases.A3Dev1000CheckExchangePricesForDiffCampaign"/>
  <testcase name="checkBidExchangePrice" time="0.139" classname="testcases.A3Dev1000CheckExchangePricesForDiffCampaign"/>
  <testcase name="checkBuyNowExchangePrice" time="0.127" classname="testcases.A3Dev1000CheckExchangePricesForDiffCampaign"/>
  <testcase name="checkBuyNowExchangePrice" time="0.130" classname="testcases.A3Dev1000CheckExchangePricesForDiffCampaign"/>
  <testcase name="checkBuyNowExchangePriceWithCampaign1" time="0.131" classname="testcases.A3Dev1000CheckExchangePricesForDiffCampaign"/>
  <testcase name="findBuyNowInventoryForMedia1" time="7.337" classname="testcases.A3Dev1000CheckExchangePricesForDiffCampaign"/>
  <testcase name="checkBuyNowExchangePriceWithCampaign2" time="0.157" classname="testcases.A3Dev1000CheckExchangePricesForDiffCampaign"/>
  <testcase name="checkBuyNowExchangePriceWithCampaign2" time="0.117" classname="testcases.A3Dev1000CheckExchangePricesForDiffCampaign"/>
  <testcase name="checkBuyNowExchangePriceWithCampaign1" time="0.157" classname="testcases.A3Dev1000CheckExchangePricesForDiffCampaign"/>
  <testcase name="checkBidExchangePrice" time="0.136" classname="testcases.A3Dev1000CheckExchangePricesForDiffCampaign"/>
  <testcase name="checkBuyNowExchangePriceWithCampaign2" time="0.127" classname="testcases.A3Dev1000CheckExchangePricesForDiffCampaign"/>
  <testcase name="checkBuyNowExchangePrice" time="0.125" classname="testcases.A3Dev1000CheckExchangePricesForDiffCampaign"/>
  <testcase name="checkBuyNowExchangePrice" time="0.122" classname="testcases.A3Dev1000CheckExchangePricesForDiffCampaign"/>
  <testcase name="checkBuyNowExchangePriceWithCampaign2" time="0.118" classname="testcases.A3Dev1000CheckExchangePricesForDiffCampaign"/>
  <testcase name="checkLMExchangePrice" time="0.145" classname="testcases.A3Dev1000CheckExchangePricesForDiffCampaign"/>
  <testcase name="checkLMExchangePrice" time="0.140" classname="testcases.A3Dev1000CheckExchangePricesForDiffCampaign"/>
  <testcase name="checkBuyNowExchangePriceWithCampaign1" time="0.126" classname="testcases.A3Dev1000CheckExchangePricesForDiffCampaign"/>
  <testcase name="checkBuyNowExchangePriceWithCampaign1" time="0.126" classname="testcases.A3Dev1000CheckExchangePricesForDiffCampaign"/>
  <testcase name="checkLMExchangePrice" time="0.150" classname="testcases.A3Dev1000CheckExchangePricesForDiffCampaign"/>
  <testcase name="checkBidExchangePrice" time="0.155" classname="testcases.A3Dev1000CheckExchangePricesForDiffCampaign"/>
  <testcase name="checkBuyNowExchangePriceWithCampaign1" time="0.128" classname="testcases.A3Dev1000CheckExchangePricesForDiffCampaign"/>
  <testcase name="checkBuyNowExchangePriceWithCampaign2" time="0.134" classname="testcases.A3Dev1000CheckExchangePricesForDiffCampaign"/>
  <testcase name="findBidInventoryForMedia1" time="7.393" classname="testcases.A3Dev1000CheckExchangePricesForDiffCampaign"/>
  <testcase name="checkBidExchangePrice" time="0.150" classname="testcases.A3Dev1000CheckExchangePricesForDiffCampaign"/>
  <testcase name="findBuyNowInventoryForMedia1WithCampaign2" time="21.185" classname="testcases.A3Dev1000CheckExchangePricesForDiffCampaign"/>
  <testcase name="checkLMExchangePrice" time="0.139" classname="testcases.A3Dev1000CheckExchangePricesForDiffCampaign"/>
  <testcase name="checkLMExchangePrice" time="0.139" classname="testcases.A3Dev1000CheckExchangePricesForDiffCampaign"/>
  <testcase name="checkBidExchangePrice" time="0.131" classname="testcases.A3Dev1000CheckExchangePricesForDiffCampaign"/>
  <testcase name="checkBidExchangePrice" time="0.141" classname="testcases.A3Dev1000CheckExchangePricesForDiffCampaign"/>
</testsuite> <!-- testcases.A3Dev1000CheckExchangePricesForDiffCampaign -->
