<?xml version="1.0" encoding="UTF-8"?>
<!-- Generated by org.testng.reporters.JUnitReportReporter -->
<testsuite hostname="mbpro-dejuan.local" name="testcases.A3Dev1015CheckExchangePricesMB" tests="107" failures="0" timestamp="23 Nov 2016 08:52:18 GMT" time="176.448" errors="0">
  <testcase name="checkBidExchangePrice" time="0.154" classname="testcases.A3Dev1015CheckExchangePricesMB"/>
  <testcase name="checkLMExchangePrice" time="0.147" classname="testcases.A3Dev1015CheckExchangePricesMB"/>
  <testcase name="checkBuyNowExchangePriceM2" time="0.140" classname="testcases.A3Dev1015CheckExchangePricesMB"/>
  <testcase name="checkBuyNowExchangePrice" time="0.191" classname="testcases.A3Dev1015CheckExchangePricesMB"/>
  <testcase name="checkBuyNowExchangePriceCampaign2" time="0.133" classname="testcases.A3Dev1015CheckExchangePricesMB"/>
  <testcase name="checkBuyNowExchangePriceWithCampaign1" time="0.137" classname="testcases.A3Dev1015CheckExchangePricesMB"/>
  <testcase name="checkBuyNowExchangePriceM2Campaign2" time="0.152" classname="testcases.A3Dev1015CheckExchangePricesMB"/>
  <testcase name="checkBuyNowExchangePriceM2Campaign1" time="0.143" classname="testcases.A3Dev1015CheckExchangePricesMB"/>
  <testcase name="checkBidExchangePriceM2" time="0.153" classname="testcases.A3Dev1015CheckExchangePricesMB"/>
  <testcase name="checkBuyNowExchangePriceM2Campaign1" time="0.142" classname="testcases.A3Dev1015CheckExchangePricesMB"/>
  <testcase name="checkBuyNowExchangePriceM2Campaign2" time="0.143" classname="testcases.A3Dev1015CheckExchangePricesMB"/>
  <testcase name="checkLMExchangePriceM2" time="0.166" classname="testcases.A3Dev1015CheckExchangePricesMB"/>
  <testcase name="checkBuyNowExchangePriceCampaign2" time="0.125" classname="testcases.A3Dev1015CheckExchangePricesMB"/>
  <testcase name="checkLMExchangePrice" time="0.161" classname="testcases.A3Dev1015CheckExchangePricesMB"/>
  <testcase name="findBuyNowInventoryForMedia1WithCampaign2" time="17.315" classname="testcases.A3Dev1015CheckExchangePricesMB"/>
  <testcase name="checkLMExchangePriceM2" time="0.164" classname="testcases.A3Dev1015CheckExchangePricesMB"/>
  <testcase name="checkBuyNowExchangePriceM2Campaign1" time="0.140" classname="testcases.A3Dev1015CheckExchangePricesMB"/>
  <testcase name="findBuyNowInventoryForMedia2Campaign2" time="18.071" classname="testcases.A3Dev1015CheckExchangePricesMB"/>
  <testcase name="checkBuyNowExchangePriceM2Campaign2" time="0.167" classname="testcases.A3Dev1015CheckExchangePricesMB"/>
  <testcase name="checkBuyNowExchangePriceM2Campaign2" time="0.182" classname="testcases.A3Dev1015CheckExchangePricesMB"/>
  <testcase name="checkBidExchangePriceM2" time="0.160" classname="testcases.A3Dev1015CheckExchangePricesMB"/>
  <testcase name="checkBuyNowExchangePriceCampaign2" time="0.129" classname="testcases.A3Dev1015CheckExchangePricesMB"/>
  <testcase name="checkBuyNowExchangePriceM2Campaign1" time="0.142" classname="testcases.A3Dev1015CheckExchangePricesMB"/>
  <testcase name="checkTuesdayExchangePriceM1" time="0.125" classname="testcases.A3Dev1015CheckExchangePricesMB"/>
  <testcase name="findLMInventoryForMedia2" time="22.721" classname="testcases.A3Dev1015CheckExchangePricesMB"/>
  <testcase name="checkBuyNowExchangePrice" time="0.142" classname="testcases.A3Dev1015CheckExchangePricesMB"/>
  <testcase name="checkTuesdayExchangePriceM1" time="0.124" classname="testcases.A3Dev1015CheckExchangePricesMB"/>
  <testcase name="checkBuyNowExchangePriceM2" time="0.153" classname="testcases.A3Dev1015CheckExchangePricesMB"/>
  <testcase name="checkTuesdayExchangePriceM1" time="0.126" classname="testcases.A3Dev1015CheckExchangePricesMB"/>
  <testcase name="checkBuyNowExchangePriceM2Campaign2" time="0.144" classname="testcases.A3Dev1015CheckExchangePricesMB"/>
  <testcase name="checkLMExchangePriceM2" time="0.158" classname="testcases.A3Dev1015CheckExchangePricesMB"/>
  <testcase name="checkLMExchangePriceM2" time="0.159" classname="testcases.A3Dev1015CheckExchangePricesMB"/>
  <testcase name="checkBidExchangePrice" time="0.144" classname="testcases.A3Dev1015CheckExchangePricesMB"/>
  <testcase name="checkLMExchangePriceM2" time="0.158" classname="testcases.A3Dev1015CheckExchangePricesMB"/>
  <testcase name="checkLMExchangePriceM2" time="0.169" classname="testcases.A3Dev1015CheckExchangePricesMB"/>
  <testcase name="checkBuyNowExchangePriceM2" time="0.154" classname="testcases.A3Dev1015CheckExchangePricesMB"/>
  <testcase name="checkBuyNowExchangePrice" time="0.133" classname="testcases.A3Dev1015CheckExchangePricesMB"/>
  <testcase name="checkLMExchangePriceM2" time="0.167" classname="testcases.A3Dev1015CheckExchangePricesMB"/>
  <testcase name="findBuyNowInventoryForMedia1WithCampaign1" time="17.537" classname="testcases.A3Dev1015CheckExchangePricesMB"/>
  <testcase name="checkBuyNowExchangePriceM2Campaign2" time="0.147" classname="testcases.A3Dev1015CheckExchangePricesMB"/>
  <testcase name="checkBidExchangePriceM2" time="0.167" classname="testcases.A3Dev1015CheckExchangePricesMB"/>
  <testcase name="checkBuyNowExchangePriceM2Campaign1" time="0.145" classname="testcases.A3Dev1015CheckExchangePricesMB"/>
  <testcase name="checkTuesdayExchangePriceM1" time="0.132" classname="testcases.A3Dev1015CheckExchangePricesMB"/>
  <testcase name="checkBuyNowExchangePriceWithCampaign1" time="0.150" classname="testcases.A3Dev1015CheckExchangePricesMB"/>
  <testcase name="checkBuyNowExchangePrice" time="0.131" classname="testcases.A3Dev1015CheckExchangePricesMB"/>
  <testcase name="checkBuyNowExchangePriceM2Campaign2" time="0.143" classname="testcases.A3Dev1015CheckExchangePricesMB"/>
  <testcase name="checkBuyNowExchangePriceCampaign2" time="0.134" classname="testcases.A3Dev1015CheckExchangePricesMB"/>
  <testcase name="findBuyNowInventoryForMedia1" time="6.375" classname="testcases.A3Dev1015CheckExchangePricesMB"/>
  <testcase name="checkBuyNowExchangePriceM2" time="0.145" classname="testcases.A3Dev1015CheckExchangePricesMB"/>
  <testcase name="checkBuyNowExchangePriceM2" time="0.147" classname="testcases.A3Dev1015CheckExchangePricesMB"/>
  <testcase name="checkBuyNowExchangePriceM2Campaign1" time="0.141" classname="testcases.A3Dev1015CheckExchangePricesMB"/>
  <testcase name="checkBidExchangePrice" time="0.150" classname="testcases.A3Dev1015CheckExchangePricesMB"/>
  <testcase name="checkBidExchangePriceM2" time="0.158" classname="testcases.A3Dev1015CheckExchangePricesMB"/>
  <testcase name="checkBuyNowExchangePriceM2Campaign1" time="0.188" classname="testcases.A3Dev1015CheckExchangePricesMB"/>
  <testcase name="checkBuyNowExchangePriceM2" time="0.140" classname="testcases.A3Dev1015CheckExchangePricesMB"/>
  <testcase name="checkBuyNowExchangePriceM2Campaign2" time="0.146" classname="testcases.A3Dev1015CheckExchangePricesMB"/>
  <testcase name="checkLMExchangePrice" time="0.149" classname="testcases.A3Dev1015CheckExchangePricesMB"/>
  <testcase name="checkLMExchangePriceM2" time="0.161" classname="testcases.A3Dev1015CheckExchangePricesMB"/>
  <testcase name="checkBuyNowExchangePriceM2Campaign1" time="0.155" classname="testcases.A3Dev1015CheckExchangePricesMB"/>
  <testcase name="checkBuyNowExchangePriceWithCampaign1" time="0.130" classname="testcases.A3Dev1015CheckExchangePricesMB"/>
  <testcase name="findBuyNowInventoryForMedia2Campaign1" time="17.748" classname="testcases.A3Dev1015CheckExchangePricesMB"/>
  <testcase name="checkBuyNowExchangePriceM2" time="0.145" classname="testcases.A3Dev1015CheckExchangePricesMB"/>
  <testcase name="checkLMExchangePrice" time="0.154" classname="testcases.A3Dev1015CheckExchangePricesMB"/>
  <testcase name="checkBuyNowExchangePriceM2" time="0.226" classname="testcases.A3Dev1015CheckExchangePricesMB"/>
  <testcase name="checkLMExchangePrice" time="0.150" classname="testcases.A3Dev1015CheckExchangePricesMB"/>
  <testcase name="checkLMExchangePrice" time="0.140" classname="testcases.A3Dev1015CheckExchangePricesMB"/>
  <testcase name="checkTuesdayExchangePriceM1" time="0.139" classname="testcases.A3Dev1015CheckExchangePricesMB"/>
  <testcase name="checkBidExchangePrice" time="0.142" classname="testcases.A3Dev1015CheckExchangePricesMB"/>
  <testcase name="checkBuyNowExchangePriceM2Campaign1" time="0.152" classname="testcases.A3Dev1015CheckExchangePricesMB"/>
  <testcase name="checkLMExchangePriceM2" time="0.155" classname="testcases.A3Dev1015CheckExchangePricesMB"/>
  <testcase name="checkBuyNowExchangePriceM2" time="0.156" classname="testcases.A3Dev1015CheckExchangePricesMB"/>
  <testcase name="checkBuyNowExchangePriceM2" time="0.159" classname="testcases.A3Dev1015CheckExchangePricesMB"/>
  <testcase name="findLMInventoryForMedia1" time="20.478" classname="testcases.A3Dev1015CheckExchangePricesMB"/>
  <testcase name="checkBuyNowExchangePrice" time="0.148" classname="testcases.A3Dev1015CheckExchangePricesMB"/>
  <testcase name="checkLMExchangePriceM2" time="0.155" classname="testcases.A3Dev1015CheckExchangePricesMB"/>
  <testcase name="findTuesdayInventoryForMedia1" time="22.162" classname="testcases.A3Dev1015CheckExchangePricesMB"/>
  <testcase name="checkBidExchangePriceM2" time="0.154" classname="testcases.A3Dev1015CheckExchangePricesMB"/>
  <testcase name="checkBuyNowExchangePrice" time="0.191" classname="testcases.A3Dev1015CheckExchangePricesMB"/>
  <testcase name="checkBuyNowExchangePriceCampaign2" time="0.159" classname="testcases.A3Dev1015CheckExchangePricesMB"/>
  <testcase name="checkBuyNowExchangePriceWithCampaign1" time="0.131" classname="testcases.A3Dev1015CheckExchangePricesMB"/>
  <testcase name="checkBuyNowExchangePriceCampaign2" time="0.134" classname="testcases.A3Dev1015CheckExchangePricesMB"/>
  <testcase name="checkBidExchangePrice" time="0.167" classname="testcases.A3Dev1015CheckExchangePricesMB"/>
  <testcase name="checkBuyNowExchangePriceM2Campaign1" time="0.157" classname="testcases.A3Dev1015CheckExchangePricesMB"/>
  <testcase name="checkBuyNowExchangePriceM2Campaign2" time="0.156" classname="testcases.A3Dev1015CheckExchangePricesMB"/>
  <testcase name="checkBuyNowExchangePriceM2Campaign2" time="0.147" classname="testcases.A3Dev1015CheckExchangePricesMB"/>
  <testcase name="checkBidExchangePriceM2" time="0.231" classname="testcases.A3Dev1015CheckExchangePricesMB"/>
  <testcase name="findBidInventoryForMedia1" time="6.468" classname="testcases.A3Dev1015CheckExchangePricesMB"/>
  <testcase name="checkBidExchangePriceM2" time="0.151" classname="testcases.A3Dev1015CheckExchangePricesMB"/>
  <testcase name="checkBuyNowExchangePriceWithCampaign1" time="0.122" classname="testcases.A3Dev1015CheckExchangePricesMB"/>
  <testcase name="checkBidExchangePriceM2" time="0.156" classname="testcases.A3Dev1015CheckExchangePricesMB"/>
  <testcase name="checkBuyNowExchangePriceM2Campaign2" time="0.141" classname="testcases.A3Dev1015CheckExchangePricesMB"/>
  <testcase name="checkBidExchangePriceM2" time="0.156" classname="testcases.A3Dev1015CheckExchangePricesMB"/>
  <testcase name="checkBuyNowExchangePriceM2" time="0.146" classname="testcases.A3Dev1015CheckExchangePricesMB"/>
  <testcase name="findBidInventoryForMedia2" time="6.630" classname="testcases.A3Dev1015CheckExchangePricesMB"/>
  <testcase name="checkLMExchangePriceM2" time="0.168" classname="testcases.A3Dev1015CheckExchangePricesMB"/>
  <testcase name="checkBuyNowExchangePriceM2" time="0.157" classname="testcases.A3Dev1015CheckExchangePricesMB"/>
  <testcase name="checkBuyNowExchangePriceWithCampaign1" time="0.131" classname="testcases.A3Dev1015CheckExchangePricesMB"/>
  <testcase name="checkBidExchangePriceM2" time="0.155" classname="testcases.A3Dev1015CheckExchangePricesMB"/>
  <testcase name="checkLMExchangePriceM2" time="0.178" classname="testcases.A3Dev1015CheckExchangePricesMB"/>
  <testcase name="checkBuyNowExchangePriceM2Campaign2" time="0.147" classname="testcases.A3Dev1015CheckExchangePricesMB"/>
  <testcase name="checkBuyNowExchangePriceM2Campaign1" time="0.146" classname="testcases.A3Dev1015CheckExchangePricesMB"/>
  <testcase name="checkBuyNowExchangePriceM2Campaign1" time="0.152" classname="testcases.A3Dev1015CheckExchangePricesMB"/>
  <testcase name="checkBidExchangePrice" time="0.151" classname="testcases.A3Dev1015CheckExchangePricesMB"/>
  <testcase name="checkTuesdayExchangePriceM1" time="0.128" classname="testcases.A3Dev1015CheckExchangePricesMB"/>
  <testcase name="checkBidExchangePriceM2" time="0.175" classname="testcases.A3Dev1015CheckExchangePricesMB"/>
  <testcase name="findBuyNowInventoryForMedia2" time="6.395" classname="testcases.A3Dev1015CheckExchangePricesMB"/>
  <testcase name="checkBidExchangePriceM2" time="0.154" classname="testcases.A3Dev1015CheckExchangePricesMB"/>
</testsuite> <!-- testcases.A3Dev1015CheckExchangePricesMB -->
