<?xml version="1.0" encoding="UTF-8"?>
<!-- Generated by org.testng.reporters.JUnitReportReporter -->
<testsuite hostname="mbpro-dejuan.local" name="testcases.Dev100" tests="2" failures="0" timestamp="19 Aug 2016 09:42:27 GMT" time="120.761" errors="0">
  <testcase name="steps1" time="61.361" classname="testcases.Dev100"/>
  <testcase name="steps1" time="59.400" classname="testcases.Dev100"/>
</testsuite> <!-- testcases.Dev100 -->
