<?xml version="1.0" encoding="UTF-8"?>
<!-- Generated by org.testng.reporters.JUnitReportReporter -->
<testsuite hostname="mbpro-dejuan.local" name="testcases.B2Dev1132OptionPushMB" tests="9" failures="0" timestamp="23 Nov 2016 09:21:52 GMT" time="378.327" errors="0">
  <testcase name="deletAnOffer" time="7.286" classname="testcases.B2Dev1132OptionPushMB"/>
  <testcase name="notificationNoCampaignDeselect" time="25.671" classname="testcases.B2Dev1132OptionPushMB"/>
  <testcase name="campaignAddAll" time="13.226" classname="testcases.B2Dev1132OptionPushMB"/>
  <testcase name="campaignAddOne" time="8.370" classname="testcases.B2Dev1132OptionPushMB"/>
  <testcase name="optionPush" time="69.917" classname="testcases.B2Dev1132OptionPushMB"/>
  <testcase name="optionPush" time="69.053" classname="testcases.B2Dev1132OptionPushMB"/>
  <testcase name="CheckStatusBuyTwoDeleteOne" time="41.645" classname="testcases.B2Dev1132OptionPushMB"/>
  <testcase name="optionPush" time="72.223" classname="testcases.B2Dev1132OptionPushMB"/>
  <testcase name="optionPush" time="70.936" classname="testcases.B2Dev1132OptionPushMB"/>
</testsuite> <!-- testcases.B2Dev1132OptionPushMB -->
