<?xml version="1.0" encoding="UTF-8"?>
<!-- Generated by org.testng.reporters.JUnitReportReporter -->
<testsuite hostname="mbpro-dejuan.local" name="testcases.E5Dev1526UnderBidMBADV2" tests="8" failures="0" timestamp="30 Nov 2016 10:36:09 GMT" time="276.193" errors="0">
  <testcase name="Res2RejectMBUnderBid" time="30.186" classname="testcases.E5Dev1526UnderBidMBADV2"/>
  <testcase name="MBLotStatusIsOutbid" time="25.132" classname="testcases.E5Dev1526UnderBidMBADV2"/>
  <testcase name="AddToMyLots" time="40.914" classname="testcases.E5Dev1526UnderBidMBADV2"/>
  <testcase name="MBunderBidautobid" time="46.574" classname="testcases.E5Dev1526UnderBidMBADV2"/>
  <testcase name="MBLotStatusIsUnderBid" time="21.268" classname="testcases.E5Dev1526UnderBidMBADV2"/>
  <testcase name="ADV2underBid" time="38.535" classname="testcases.E5Dev1526UnderBidMBADV2"/>
  <testcase name="Res2AcceptADV2UnderBid" time="29.032" classname="testcases.E5Dev1526UnderBidMBADV2"/>
  <testcase name="AddToMyLots" time="44.552" classname="testcases.E5Dev1526UnderBidMBADV2"/>
</testsuite> <!-- testcases.E5Dev1526UnderBidMBADV2 -->
