<?xml version="1.0" encoding="UTF-8"?>
<!-- Generated by org.testng.reporters.JUnitReportReporter -->
<testsuite hostname="mbpro-dejuan.local" name="testcases.B3Dev998CheckExchangePricesADV2" tests="60" failures="0" timestamp="30 Nov 2016 08:02:59 GMT" time="69.519" errors="0">
  <testcase name="checkBuyNowExchangePriceM2" time="0.161" classname="testcases.B3Dev998CheckExchangePricesADV2"/>
  <testcase name="checkBidExchangePrice" time="0.139" classname="testcases.B3Dev998CheckExchangePricesADV2"/>
  <testcase name="checkBuyNowExchangePrice" time="0.132" classname="testcases.B3Dev998CheckExchangePricesADV2"/>
  <testcase name="checkLMExchangePrice" time="0.138" classname="testcases.B3Dev998CheckExchangePricesADV2"/>
  <testcase name="checkBuyNowExchangePriceM2" time="0.146" classname="testcases.B3Dev998CheckExchangePricesADV2"/>
  <testcase name="findBidInventoryForMedia1" time="6.572" classname="testcases.B3Dev998CheckExchangePricesADV2"/>
  <testcase name="checkLMExchangePriceM2" time="0.154" classname="testcases.B3Dev998CheckExchangePricesADV2"/>
  <testcase name="checkBidExchangePriceM2" time="0.153" classname="testcases.B3Dev998CheckExchangePricesADV2"/>
  <testcase name="checkLMExchangePriceM2" time="0.165" classname="testcases.B3Dev998CheckExchangePricesADV2"/>
  <testcase name="checkBuyNowExchangePriceM2" time="0.144" classname="testcases.B3Dev998CheckExchangePricesADV2"/>
  <testcase name="checkBuyNowExchangePriceM2" time="0.139" classname="testcases.B3Dev998CheckExchangePricesADV2"/>
  <testcase name="checkBuyNowExchangePrice" time="0.128" classname="testcases.B3Dev998CheckExchangePricesADV2"/>
  <testcase name="checkBidExchangePrice" time="0.136" classname="testcases.B3Dev998CheckExchangePricesADV2"/>
  <testcase name="checkLMExchangePriceM2" time="0.167" classname="testcases.B3Dev998CheckExchangePricesADV2"/>
  <testcase name="checkBidExchangePrice" time="0.166" classname="testcases.B3Dev998CheckExchangePricesADV2"/>
  <testcase name="checkBidExchangePrice" time="0.132" classname="testcases.B3Dev998CheckExchangePricesADV2"/>
  <testcase name="checkLMExchangePriceM2" time="0.182" classname="testcases.B3Dev998CheckExchangePricesADV2"/>
  <testcase name="checkBuyNowExchangePriceM2" time="0.155" classname="testcases.B3Dev998CheckExchangePricesADV2"/>
  <testcase name="checkBuyNowExchangePrice" time="0.147" classname="testcases.B3Dev998CheckExchangePricesADV2"/>
  <testcase name="checkBidExchangePriceM2" time="0.161" classname="testcases.B3Dev998CheckExchangePricesADV2"/>
  <testcase name="checkLMExchangePrice" time="0.150" classname="testcases.B3Dev998CheckExchangePricesADV2"/>
  <testcase name="checkBidExchangePriceM2" time="0.183" classname="testcases.B3Dev998CheckExchangePricesADV2"/>
  <testcase name="checkBidExchangePriceM2" time="0.158" classname="testcases.B3Dev998CheckExchangePricesADV2"/>
  <testcase name="checkBidExchangePrice" time="0.134" classname="testcases.B3Dev998CheckExchangePricesADV2"/>
  <testcase name="findLMInventoryForMedia1" time="17.856" classname="testcases.B3Dev998CheckExchangePricesADV2"/>
  <testcase name="checkLMExchangePriceM2" time="0.183" classname="testcases.B3Dev998CheckExchangePricesADV2"/>
  <testcase name="checkBidExchangePriceM2" time="0.208" classname="testcases.B3Dev998CheckExchangePricesADV2"/>
  <testcase name="checkLMExchangePrice" time="0.136" classname="testcases.B3Dev998CheckExchangePricesADV2"/>
  <testcase name="findBuyNowInventoryForMedia2" time="6.817" classname="testcases.B3Dev998CheckExchangePricesADV2"/>
  <testcase name="checkLMExchangePriceM2" time="0.197" classname="testcases.B3Dev998CheckExchangePricesADV2"/>
  <testcase name="checkBuyNowExchangePrice" time="0.135" classname="testcases.B3Dev998CheckExchangePricesADV2"/>
  <testcase name="checkBidExchangePriceM2" time="0.163" classname="testcases.B3Dev998CheckExchangePricesADV2"/>
  <testcase name="checkLMExchangePrice" time="0.176" classname="testcases.B3Dev998CheckExchangePricesADV2"/>
  <testcase name="checkLMExchangePrice" time="0.137" classname="testcases.B3Dev998CheckExchangePricesADV2"/>
  <testcase name="checkBuyNowExchangePriceM2" time="0.156" classname="testcases.B3Dev998CheckExchangePricesADV2"/>
  <testcase name="checkBuyNowExchangePriceM2" time="0.170" classname="testcases.B3Dev998CheckExchangePricesADV2"/>
  <testcase name="checkLMExchangePriceM2" time="0.154" classname="testcases.B3Dev998CheckExchangePricesADV2"/>
  <testcase name="checkBidExchangePriceM2" time="0.160" classname="testcases.B3Dev998CheckExchangePricesADV2"/>
  <testcase name="checkLMExchangePriceM2" time="0.156" classname="testcases.B3Dev998CheckExchangePricesADV2"/>
  <testcase name="checkBidExchangePriceM2" time="0.153" classname="testcases.B3Dev998CheckExchangePricesADV2"/>
  <testcase name="checkLMExchangePriceM2" time="0.151" classname="testcases.B3Dev998CheckExchangePricesADV2"/>
  <testcase name="checkBuyNowExchangePrice" time="0.124" classname="testcases.B3Dev998CheckExchangePricesADV2"/>
  <testcase name="checkBuyNowExchangePrice" time="0.126" classname="testcases.B3Dev998CheckExchangePricesADV2"/>
  <testcase name="findBidInventoryForMedia2" time="7.074" classname="testcases.B3Dev998CheckExchangePricesADV2"/>
  <testcase name="checkBidExchangePriceM2" time="0.163" classname="testcases.B3Dev998CheckExchangePricesADV2"/>
  <testcase name="checkBidExchangePrice" time="0.144" classname="testcases.B3Dev998CheckExchangePricesADV2"/>
  <testcase name="checkBuyNowExchangePriceM2" time="0.147" classname="testcases.B3Dev998CheckExchangePricesADV2"/>
  <testcase name="checkBuyNowExchangePriceM2" time="0.151" classname="testcases.B3Dev998CheckExchangePricesADV2"/>
  <testcase name="checkLMExchangePriceM2" time="0.149" classname="testcases.B3Dev998CheckExchangePricesADV2"/>
  <testcase name="checkBuyNowExchangePriceM2" time="0.140" classname="testcases.B3Dev998CheckExchangePricesADV2"/>
  <testcase name="checkBidExchangePriceM2" time="0.154" classname="testcases.B3Dev998CheckExchangePricesADV2"/>
  <testcase name="findBuyNowInventoryForMedia1" time="6.474" classname="testcases.B3Dev998CheckExchangePricesADV2"/>
  <testcase name="checkBuyNowExchangePriceM2" time="0.154" classname="testcases.B3Dev998CheckExchangePricesADV2"/>
  <testcase name="checkBidExchangePriceM2" time="0.156" classname="testcases.B3Dev998CheckExchangePricesADV2"/>
  <testcase name="checkLMExchangePrice" time="0.138" classname="testcases.B3Dev998CheckExchangePricesADV2"/>
  <testcase name="checkLMExchangePriceM2" time="0.260" classname="testcases.B3Dev998CheckExchangePricesADV2"/>
  <testcase name="checkBuyNowExchangePriceM2" time="0.142" classname="testcases.B3Dev998CheckExchangePricesADV2"/>
  <testcase name="findLMInventoryForMedia2" time="16.310" classname="testcases.B3Dev998CheckExchangePricesADV2"/>
  <testcase name="checkLMExchangePriceM2" time="0.207" classname="testcases.B3Dev998CheckExchangePricesADV2"/>
  <testcase name="checkBidExchangePriceM2" time="0.156" classname="testcases.B3Dev998CheckExchangePricesADV2"/>
</testsuite> <!-- testcases.B3Dev998CheckExchangePricesADV2 -->
