<?xml version="1.0" encoding="UTF-8"?>
<!-- Generated by org.testng.reporters.JUnitReportReporter -->
<testsuite hostname="mbpro-dejuan.local" name="testcases.C1Dev1002OptionRequestAcceptRejectADV" tests="1" failures="0" timestamp="30 Nov 2016 09:53:13 GMT" time="131.275" errors="0">
  <testcase name="optionRequestAcceptReject" time="131.275" classname="testcases.C1Dev1002OptionRequestAcceptRejectADV"/>
</testsuite> <!-- testcases.C1Dev1002OptionRequestAcceptRejectADV -->
