<?xml version="1.0" encoding="UTF-8"?>
<!-- Generated by org.testng.reporters.JUnitReportReporter -->
<testsuite hostname="mbpro-dejuan.local" name="testcases.A3Dev1079CheckPricesForADV2" tests="6" failures="0" timestamp="23 Nov 2016 08:52:18 GMT" time="96.800" errors="0">
  <testcase name="deleteLots" time="7.902" classname="testcases.A3Dev1079CheckPricesForADV2"/>
  <testcase name="checkPrices" time="10.042" classname="testcases.A3Dev1079CheckPricesForADV2"/>
  <testcase name="checkPrices" time="14.739" classname="testcases.A3Dev1079CheckPricesForADV2"/>
  <testcase name="checkPrices" time="13.703" classname="testcases.A3Dev1079CheckPricesForADV2"/>
  <testcase name="addToMyLots" time="40.360" classname="testcases.A3Dev1079CheckPricesForADV2"/>
  <testcase name="checkPrices" time="10.054" classname="testcases.A3Dev1079CheckPricesForADV2"/>
</testsuite> <!-- testcases.A3Dev1079CheckPricesForADV2 -->
