<?xml version="1.0" encoding="UTF-8"?>
<!-- Generated by org.testng.reporters.JUnitReportReporter -->
<testsuite hostname="mbpro-dejuan.local" name="testcases.A0Dev1000SendDailyOverview" tests="1" failures="0" timestamp="16 Nov 2016 13:21:39 GMT" time="46.813" errors="0">
  <testcase name="CreateData" time="46.813" classname="testcases.A0Dev1000SendDailyOverview"/>
</testsuite> <!-- testcases.A0Dev1000SendDailyOverview -->
