<?xml version="1.0" encoding="UTF-8"?>
<!-- Generated by org.testng.reporters.JUnitReportReporter -->
<testsuite hostname="mbpro-dejuan.local" name="testcases.E3Dev1000ADVBulkBid" tests="1" failures="0" timestamp="25 Nov 2016 15:15:44 GMT" time="57.310" errors="0">
  <testcase name="AddToMyLotsAndBid" time="57.310" classname="testcases.E3Dev1000ADVBulkBid"/>
</testsuite> <!-- testcases.E3Dev1000ADVBulkBid -->
