<?xml version="1.0" encoding="UTF-8"?>
<!-- Generated by org.testng.reporters.JUnitReportReporter -->
<testsuite hostname="mbpro-dejuan.local" name="testcases.A2Dev1072LoginFirstTime" tests="7" failures="0" timestamp="30 Nov 2016 09:36:26 GMT" time="157.226" errors="0">
  <testcase name="logInChangePass" time="21.777" classname="testcases.A2Dev1072LoginFirstTime"/>
  <testcase name="logInChangePass" time="24.141" classname="testcases.A2Dev1072LoginFirstTime"/>
  <testcase name="logInChangePass" time="22.558" classname="testcases.A2Dev1072LoginFirstTime"/>
  <testcase name="logInChangePass" time="21.892" classname="testcases.A2Dev1072LoginFirstTime"/>
  <testcase name="logInChangePass" time="22.627" classname="testcases.A2Dev1072LoginFirstTime"/>
  <testcase name="logInChangePass" time="22.357" classname="testcases.A2Dev1072LoginFirstTime"/>
  <testcase name="logInChangePass" time="21.874" classname="testcases.A2Dev1072LoginFirstTime"/>
</testsuite> <!-- testcases.A2Dev1072LoginFirstTime -->
