<?xml version="1.0" encoding="UTF-8"?>
<!-- Generated by org.testng.reporters.JUnitReportReporter -->
<testsuite hostname="mbpro-dejuan.local" name="testcases.A3Dev1080CheckLastMinutePrices" tests="2" failures="0" timestamp="7 Sep 2016 08:54:38 GMT" time="74.948" errors="0">
  <testcase name="checkLMPrices" time="37.637" classname="testcases.A3Dev1080CheckLastMinutePrices"/>
  <testcase name="checkLMPrices" time="37.311" classname="testcases.A3Dev1080CheckLastMinutePrices"/>
</testsuite> <!-- testcases.A3Dev1080CheckLastMinutePrices -->
