<?xml version="1.0" encoding="UTF-8"?>
<!-- Generated by org.testng.reporters.JUnitReportReporter -->
<testsuite hostname="mbpro-dejuan.local" name="testcases.A3Dev998CheckExchangePricesADV2" tests="60" failures="0" timestamp="23 Nov 2016 08:52:18 GMT" time="67.665" errors="0">
  <testcase name="checkBuyNowExchangePriceM2" time="0.146" classname="testcases.A3Dev998CheckExchangePricesADV2"/>
  <testcase name="checkBidExchangePrice" time="0.134" classname="testcases.A3Dev998CheckExchangePricesADV2"/>
  <testcase name="checkLMExchangePriceM2" time="0.155" classname="testcases.A3Dev998CheckExchangePricesADV2"/>
  <testcase name="checkLMExchangePriceM2" time="0.157" classname="testcases.A3Dev998CheckExchangePricesADV2"/>
  <testcase name="checkLMExchangePrice" time="0.143" classname="testcases.A3Dev998CheckExchangePricesADV2"/>
  <testcase name="checkBuyNowExchangePriceM2" time="0.145" classname="testcases.A3Dev998CheckExchangePricesADV2"/>
  <testcase name="checkLMExchangePriceM2" time="0.186" classname="testcases.A3Dev998CheckExchangePricesADV2"/>
  <testcase name="checkBidExchangePriceM2" time="0.169" classname="testcases.A3Dev998CheckExchangePricesADV2"/>
  <testcase name="checkBidExchangePrice" time="0.148" classname="testcases.A3Dev998CheckExchangePricesADV2"/>
  <testcase name="checkLMExchangePriceM2" time="0.160" classname="testcases.A3Dev998CheckExchangePricesADV2"/>
  <testcase name="checkBidExchangePriceM2" time="0.156" classname="testcases.A3Dev998CheckExchangePricesADV2"/>
  <testcase name="findBuyNowInventoryForMedia2" time="6.530" classname="testcases.A3Dev998CheckExchangePricesADV2"/>
  <testcase name="checkBidExchangePrice" time="0.142" classname="testcases.A3Dev998CheckExchangePricesADV2"/>
  <testcase name="checkLMExchangePrice" time="0.132" classname="testcases.A3Dev998CheckExchangePricesADV2"/>
  <testcase name="checkLMExchangePriceM2" time="0.166" classname="testcases.A3Dev998CheckExchangePricesADV2"/>
  <testcase name="checkBuyNowExchangePrice" time="0.131" classname="testcases.A3Dev998CheckExchangePricesADV2"/>
  <testcase name="checkLMExchangePriceM2" time="0.165" classname="testcases.A3Dev998CheckExchangePricesADV2"/>
  <testcase name="checkLMExchangePriceM2" time="0.167" classname="testcases.A3Dev998CheckExchangePricesADV2"/>
  <testcase name="checkBidExchangePriceM2" time="0.156" classname="testcases.A3Dev998CheckExchangePricesADV2"/>
  <testcase name="checkLMExchangePriceM2" time="0.240" classname="testcases.A3Dev998CheckExchangePricesADV2"/>
  <testcase name="checkBidExchangePrice" time="0.138" classname="testcases.A3Dev998CheckExchangePricesADV2"/>
  <testcase name="checkBuyNowExchangePrice" time="0.133" classname="testcases.A3Dev998CheckExchangePricesADV2"/>
  <testcase name="checkBidExchangePriceM2" time="0.152" classname="testcases.A3Dev998CheckExchangePricesADV2"/>
  <testcase name="checkLMExchangePrice" time="0.137" classname="testcases.A3Dev998CheckExchangePricesADV2"/>
  <testcase name="checkLMExchangePrice" time="0.210" classname="testcases.A3Dev998CheckExchangePricesADV2"/>
  <testcase name="findBidInventoryForMedia2" time="6.893" classname="testcases.A3Dev998CheckExchangePricesADV2"/>
  <testcase name="checkLMExchangePriceM2" time="0.157" classname="testcases.A3Dev998CheckExchangePricesADV2"/>
  <testcase name="checkBuyNowExchangePriceM2" time="0.143" classname="testcases.A3Dev998CheckExchangePricesADV2"/>
  <testcase name="checkBuyNowExchangePriceM2" time="0.146" classname="testcases.A3Dev998CheckExchangePricesADV2"/>
  <testcase name="checkBuyNowExchangePrice" time="0.161" classname="testcases.A3Dev998CheckExchangePricesADV2"/>
  <testcase name="checkBidExchangePriceM2" time="0.161" classname="testcases.A3Dev998CheckExchangePricesADV2"/>
  <testcase name="checkBuyNowExchangePriceM2" time="0.172" classname="testcases.A3Dev998CheckExchangePricesADV2"/>
  <testcase name="checkLMExchangePrice" time="0.169" classname="testcases.A3Dev998CheckExchangePricesADV2"/>
  <testcase name="checkBidExchangePriceM2" time="0.168" classname="testcases.A3Dev998CheckExchangePricesADV2"/>
  <testcase name="checkBidExchangePriceM2" time="0.195" classname="testcases.A3Dev998CheckExchangePricesADV2"/>
  <testcase name="checkBidExchangePriceM2" time="0.163" classname="testcases.A3Dev998CheckExchangePricesADV2"/>
  <testcase name="checkBuyNowExchangePriceM2" time="0.144" classname="testcases.A3Dev998CheckExchangePricesADV2"/>
  <testcase name="findBuyNowInventoryForMedia1" time="6.352" classname="testcases.A3Dev998CheckExchangePricesADV2"/>
  <testcase name="checkBuyNowExchangePriceM2" time="0.152" classname="testcases.A3Dev998CheckExchangePricesADV2"/>
  <testcase name="checkBuyNowExchangePriceM2" time="0.142" classname="testcases.A3Dev998CheckExchangePricesADV2"/>
  <testcase name="checkBidExchangePriceM2" time="0.177" classname="testcases.A3Dev998CheckExchangePricesADV2"/>
  <testcase name="checkBuyNowExchangePriceM2" time="0.146" classname="testcases.A3Dev998CheckExchangePricesADV2"/>
  <testcase name="checkLMExchangePriceM2" time="0.158" classname="testcases.A3Dev998CheckExchangePricesADV2"/>
  <testcase name="findLMInventoryForMedia1" time="17.122" classname="testcases.A3Dev998CheckExchangePricesADV2"/>
  <testcase name="checkBuyNowExchangePriceM2" time="0.147" classname="testcases.A3Dev998CheckExchangePricesADV2"/>
  <testcase name="checkLMExchangePriceM2" time="0.157" classname="testcases.A3Dev998CheckExchangePricesADV2"/>
  <testcase name="checkBuyNowExchangePriceM2" time="0.142" classname="testcases.A3Dev998CheckExchangePricesADV2"/>
  <testcase name="checkBidExchangePrice" time="0.131" classname="testcases.A3Dev998CheckExchangePricesADV2"/>
  <testcase name="checkBidExchangePrice" time="0.168" classname="testcases.A3Dev998CheckExchangePricesADV2"/>
  <testcase name="checkLMExchangePriceM2" time="0.157" classname="testcases.A3Dev998CheckExchangePricesADV2"/>
  <testcase name="checkBidExchangePriceM2" time="0.164" classname="testcases.A3Dev998CheckExchangePricesADV2"/>
  <testcase name="checkBidExchangePriceM2" time="0.159" classname="testcases.A3Dev998CheckExchangePricesADV2"/>
  <testcase name="checkBidExchangePriceM2" time="0.156" classname="testcases.A3Dev998CheckExchangePricesADV2"/>
  <testcase name="checkLMExchangePrice" time="0.144" classname="testcases.A3Dev998CheckExchangePricesADV2"/>
  <testcase name="checkBuyNowExchangePrice" time="0.131" classname="testcases.A3Dev998CheckExchangePricesADV2"/>
  <testcase name="findBidInventoryForMedia1" time="6.463" classname="testcases.A3Dev998CheckExchangePricesADV2"/>
  <testcase name="checkBuyNowExchangePrice" time="0.123" classname="testcases.A3Dev998CheckExchangePricesADV2"/>
  <testcase name="findLMInventoryForMedia2" time="15.929" classname="testcases.A3Dev998CheckExchangePricesADV2"/>
  <testcase name="checkBuyNowExchangePriceM2" time="0.146" classname="testcases.A3Dev998CheckExchangePricesADV2"/>
  <testcase name="checkBuyNowExchangePrice" time="0.129" classname="testcases.A3Dev998CheckExchangePricesADV2"/>
</testsuite> <!-- testcases.A3Dev998CheckExchangePricesADV2 -->
