<?xml version="1.0" encoding="UTF-8"?>
<!-- Generated by org.testng.reporters.JUnitReportReporter -->
<testsuite hostname="mbpro-dejuan.local" name="testcases.A6Dev1007PublisherSetPrivatePrices" tests="1" failures="0" timestamp="10 Nov 2016 12:12:21 GMT" time="54.356" errors="0">
  <testcase name="setPrices" time="54.356" classname="testcases.A6Dev1007PublisherSetPrivatePrices"/>
</testsuite> <!-- testcases.A6Dev1007PublisherSetPrivatePrices -->
