<?xml version="1.0" encoding="UTF-8"?>
<!-- Generated by org.testng.reporters.JUnitReportReporter -->
<testsuite hostname="mbpro-dejuan.local" name="testcases.Testing1" tests="1" failures="0" timestamp="12 Oct 2016 13:53:31 GMT" time="21.313" errors="0">
  <testcase name="findLMInventoryForMedia1" time="21.313" classname="testcases.Testing1"/>
</testsuite> <!-- testcases.Testing1 -->
