<?xml version="1.0" encoding="UTF-8"?>
<!-- Generated by org.testng.reporters.JUnitReportReporter -->
<testsuite hostname="mbpro-dejuan.local" name="testcases.E6Dev1139UnderBidADVMB" tests="8" failures="0" timestamp="30 Nov 2016 10:53:44 GMT" time="296.809" errors="0">
  <testcase name="ADVunderBidautobid" time="56.065" classname="testcases.E6Dev1139UnderBidADVMB"/>
  <testcase name="ResRejectADVUnderBid" time="30.158" classname="testcases.E6Dev1139UnderBidADVMB"/>
  <testcase name="ADVLotStatusIsUnderBid" time="24.108" classname="testcases.E6Dev1139UnderBidADVMB"/>
  <testcase name="ADVLotStatusIsOutbid" time="28.346" classname="testcases.E6Dev1139UnderBidADVMB"/>
  <testcase name="ResAcceptMBUnderBid" time="27.403" classname="testcases.E6Dev1139UnderBidADVMB"/>
  <testcase name="AddToMyLots" time="40.945" classname="testcases.E6Dev1139UnderBidADVMB"/>
  <testcase name="AddToMyLots" time="47.297" classname="testcases.E6Dev1139UnderBidADVMB"/>
  <testcase name="MBunderBid" time="42.487" classname="testcases.E6Dev1139UnderBidADVMB"/>
</testsuite> <!-- testcases.E6Dev1139UnderBidADVMB -->
