<?xml version="1.0" encoding="UTF-8"?>
<!-- Generated by org.testng.reporters.JUnitReportReporter -->
<testsuite hostname="mbpro-dejuan.local" name="testcases.DEV1073UnitDelete" tests="1" failures="0" timestamp="20 Sep 2016 08:12:20 GMT" time="158.805" errors="0">
  <testcase name="steps1" time="158.805" classname="testcases.DEV1073UnitDelete"/>
</testsuite> <!-- testcases.DEV1073UnitDelete -->
