<?xml version="1.0" encoding="UTF-8"?>
<!-- Generated by org.testng.reporters.JUnitReportReporter -->
<testsuite hostname="mbpro-dejuan.local" name="testcases.Temp" tests="1" failures="0" timestamp="1 Nov 2016 09:43:54 GMT" time="7.103" errors="0">
  <testcase name="email" time="7.103" classname="testcases.Temp"/>
</testsuite> <!-- testcases.Temp -->
