<?xml version="1.0" encoding="UTF-8"?>
<!-- Generated by org.testng.reporters.JUnitReportReporter -->
<testsuite hostname="mbpro-dejuan.local" name="testcases.A6Dev1194CampaignBuyMultiple" tests="4" failures="0" timestamp="28 Oct 2016 07:08:40 GMT" time="91.797" errors="0">
  <testcase name="checkOrderResults" time="0.000" classname="testcases.A6Dev1194CampaignBuyMultiple"/>
  <testcase name="checkOrderResults" time="0.000" classname="testcases.A6Dev1194CampaignBuyMultiple"/>
  <testcase name="campaignMultipleBuyGetOrderOverview" time="91.796" classname="testcases.A6Dev1194CampaignBuyMultiple"/>
  <testcase name="checkOrderResults" time="0.001" classname="testcases.A6Dev1194CampaignBuyMultiple"/>
</testsuite> <!-- testcases.A6Dev1194CampaignBuyMultiple -->
