<?xml version="1.0" encoding="UTF-8"?>
<!-- Generated by org.testng.reporters.JUnitReportReporter -->
<testsuite hostname="mbpro-dejuan.local" name="testcases.A4Dev1000CampaignBuyMultiple" tests="4" failures="0" timestamp="29 Sep 2016 08:48:41 GMT" time="24.376" errors="0">
  <testcase name="checkOrderResults" time="0.000" classname="testcases.A4Dev1000CampaignBuyMultiple"/>
  <testcase name="getOrderOverview" time="24.371" classname="testcases.A4Dev1000CampaignBuyMultiple"/>
  <testcase name="checkOrderResults" time="0.000" classname="testcases.A4Dev1000CampaignBuyMultiple"/>
  <testcase name="checkOrderResults" time="0.005" classname="testcases.A4Dev1000CampaignBuyMultiple"/>
</testsuite> <!-- testcases.A4Dev1000CampaignBuyMultiple -->
