<?xml version="1.0" encoding="UTF-8"?>
<!-- Generated by org.testng.reporters.JUnitReportReporter -->
<testsuite hostname="mbpro-dejuan.local" name="testcases.A0GuiCheckMB" tests="9" failures="0" timestamp="14 Oct 2016 11:46:57 GMT" time="62.158" errors="0">
  <testcase name="MainPageCheck" time="10.812" classname="testcases.A0GuiCheckMB"/>
  <testcase name="MainPageCheck" time="9.883" classname="testcases.A0GuiCheckMB"/>
  <testcase name="MainPageCheck" time="6.362" classname="testcases.A0GuiCheckMB"/>
  <testcase name="MainPageCheck" time="5.809" classname="testcases.A0GuiCheckMB"/>
  <testcase name="MainPageCheck" time="5.280" classname="testcases.A0GuiCheckMB"/>
  <testcase name="MainPageCheck" time="5.587" classname="testcases.A0GuiCheckMB"/>
  <testcase name="MainPageCheck" time="5.573" classname="testcases.A0GuiCheckMB"/>
  <testcase name="MainPageCheck" time="7.322" classname="testcases.A0GuiCheckMB"/>
  <testcase name="MainPageCheck" time="5.530" classname="testcases.A0GuiCheckMB"/>
</testsuite> <!-- testcases.A0GuiCheckMB -->
