<?xml version="1.0" encoding="UTF-8"?>
<!-- Generated by org.testng.reporters.JUnitReportReporter -->
<testsuite hostname="mbpro-dejuan.local" name="testcases.A4_2Dev986ADVBuy" tests="3" failures="0" timestamp="23 Nov 2016 08:59:41 GMT" time="71.868" errors="0">
  <testcase name="ADBuyOne" time="11.818" classname="testcases.A4_2Dev986ADVBuy"/>
  <testcase name="ADBuyMultiple" time="22.012" classname="testcases.A4_2Dev986ADVBuy"/>
  <testcase name="AddToMyLots" time="38.038" classname="testcases.A4_2Dev986ADVBuy"/>
</testsuite> <!-- testcases.A4_2Dev986ADVBuy -->
