<?xml version="1.0" encoding="UTF-8"?>
<!-- Generated by org.testng.reporters.JUnitReportReporter -->
<testsuite hostname="mbpro-dejuan.local" name="testcases.D2Dev986ADVBuy" tests="3" failures="0" timestamp="25 Nov 2016 14:44:46 GMT" time="70.521" errors="0">
  <testcase name="AddToMyLots" time="37.457" classname="testcases.D2Dev986ADVBuy"/>
  <testcase name="ADBuyMultiple" time="20.962" classname="testcases.D2Dev986ADVBuy"/>
  <testcase name="ADBuyOne" time="12.102" classname="testcases.D2Dev986ADVBuy"/>
</testsuite> <!-- testcases.D2Dev986ADVBuy -->
