<?xml version="1.0" encoding="UTF-8"?>
<!-- Generated by org.testng.reporters.JUnitReportReporter -->
<testsuite hostname="mbpro-dejuan.lan" name="testcases.Dev1028UnitCreate" tests="1" failures="0" timestamp="21 Aug 2016 07:15:32 GMT" time="327.779" errors="0">
  <testcase name="steps1" time="327.779" classname="testcases.Dev1028UnitCreate"/>
</testsuite> <!-- testcases.Dev1028UnitCreate -->
