<?xml version="1.0" encoding="UTF-8"?>
<!-- Generated by org.testng.reporters.JUnitReportReporter -->
<testsuite hostname="mbpro-dejuan.local" name="testcases.B2Dev1132OptionPush" tests="9" failures="0" timestamp="7 Nov 2016 10:19:22 GMT" time="369.358" errors="0">
  <testcase name="optionPush" time="65.881" classname="testcases.B2Dev1132OptionPush"/>
  <testcase name="notificationNoCampaignDeselect" time="24.479" classname="testcases.B2Dev1132OptionPush"/>
  <testcase name="campaignAddAll" time="13.110" classname="testcases.B2Dev1132OptionPush"/>
  <testcase name="campaignAddOne" time="8.247" classname="testcases.B2Dev1132OptionPush"/>
  <testcase name="optionPush" time="64.205" classname="testcases.B2Dev1132OptionPush"/>
  <testcase name="optionPush" time="67.793" classname="testcases.B2Dev1132OptionPush"/>
  <testcase name="deletAnOffer" time="14.374" classname="testcases.B2Dev1132OptionPush"/>
  <testcase name="CheckStatusBuyTwoDeleteOne" time="46.660" classname="testcases.B2Dev1132OptionPush"/>
  <testcase name="optionPush" time="64.609" classname="testcases.B2Dev1132OptionPush"/>
</testsuite> <!-- testcases.B2Dev1132OptionPush -->
