<?xml version="1.0" encoding="UTF-8"?>
<!-- Generated by org.testng.reporters.JUnitReportReporter -->
<testsuite hostname="mbpro-dejuan.local" name="testcases.C7Dev1102ADV2BuyDealIDAndBulkDealID" tests="3" failures="0" timestamp="24 Nov 2016 08:53:11 GMT" time="106.485" errors="0">
  <testcase name="SetSingleDealIdAndBuy" time="21.051" classname="testcases.C7Dev1102ADV2BuyDealIDAndBulkDealID"/>
  <testcase name="AddInventoriesToMyLots" time="48.689" classname="testcases.C7Dev1102ADV2BuyDealIDAndBulkDealID"/>
  <testcase name="SetBulkDealIdAndBuy" time="36.745" classname="testcases.C7Dev1102ADV2BuyDealIDAndBulkDealID"/>
</testsuite> <!-- testcases.C7Dev1102ADV2BuyDealIDAndBulkDealID -->
