<?xml version="1.0" encoding="UTF-8"?>
<!-- Generated by org.testng.reporters.JUnitReportReporter -->
<testsuite hostname="mbpro-dejuan.local" name="testcases.A3Dev1000CheckExchangePricesMB" tests="100" failures="0" timestamp="13 Oct 2016 07:53:16 GMT" time="174.248" errors="0">
  <testcase name="checkBuyNowExchangePriceWithCampaign1" time="0.124" classname="testcases.A3Dev1000CheckExchangePricesMB"/>
  <testcase name="findLMInventoryForMedia1" time="21.804" classname="testcases.A3Dev1000CheckExchangePricesMB"/>
  <testcase name="checkBuyNowExchangePrice" time="0.136" classname="testcases.A3Dev1000CheckExchangePricesMB"/>
  <testcase name="checkBuyNowExchangePriceM2Campaign1" time="0.148" classname="testcases.A3Dev1000CheckExchangePricesMB"/>
  <testcase name="checkBuyNowExchangePriceM2" time="0.152" classname="testcases.A3Dev1000CheckExchangePricesMB"/>
  <testcase name="checkBidExchangePriceM2" time="0.247" classname="testcases.A3Dev1000CheckExchangePricesMB"/>
  <testcase name="checkBuyNowExchangePriceCampaign2" time="0.128" classname="testcases.A3Dev1000CheckExchangePricesMB"/>
  <testcase name="checkBuyNowExchangePriceCampaign2" time="0.128" classname="testcases.A3Dev1000CheckExchangePricesMB"/>
  <testcase name="checkBuyNowExchangePriceM2Campaign1" time="0.147" classname="testcases.A3Dev1000CheckExchangePricesMB"/>
  <testcase name="checkBuyNowExchangePriceM2Campaign2" time="0.138" classname="testcases.A3Dev1000CheckExchangePricesMB"/>
  <testcase name="checkBidExchangePriceM2" time="0.168" classname="testcases.A3Dev1000CheckExchangePricesMB"/>
  <testcase name="findBuyNowInventoryForMedia1WithCampaign2" time="21.343" classname="testcases.A3Dev1000CheckExchangePricesMB"/>
  <testcase name="checkBuyNowExchangePriceM2" time="0.152" classname="testcases.A3Dev1000CheckExchangePricesMB"/>
  <testcase name="checkBuyNowExchangePriceM2" time="0.140" classname="testcases.A3Dev1000CheckExchangePricesMB"/>
  <testcase name="checkBuyNowExchangePriceWithCampaign1" time="0.134" classname="testcases.A3Dev1000CheckExchangePricesMB"/>
  <testcase name="checkBuyNowExchangePriceCampaign2" time="0.131" classname="testcases.A3Dev1000CheckExchangePricesMB"/>
  <testcase name="checkBidExchangePriceM2" time="0.152" classname="testcases.A3Dev1000CheckExchangePricesMB"/>
  <testcase name="checkLMExchangePrice" time="0.136" classname="testcases.A3Dev1000CheckExchangePricesMB"/>
  <testcase name="checkLMExchangePriceM2" time="0.161" classname="testcases.A3Dev1000CheckExchangePricesMB"/>
  <testcase name="checkBidExchangePriceM2" time="0.153" classname="testcases.A3Dev1000CheckExchangePricesMB"/>
  <testcase name="checkBuyNowExchangePriceM2Campaign1" time="0.140" classname="testcases.A3Dev1000CheckExchangePricesMB"/>
  <testcase name="checkBuyNowExchangePrice" time="0.130" classname="testcases.A3Dev1000CheckExchangePricesMB"/>
  <testcase name="checkBidExchangePrice" time="0.142" classname="testcases.A3Dev1000CheckExchangePricesMB"/>
  <testcase name="checkBuyNowExchangePriceM2Campaign1" time="0.148" classname="testcases.A3Dev1000CheckExchangePricesMB"/>
  <testcase name="checkBidExchangePriceM2" time="0.159" classname="testcases.A3Dev1000CheckExchangePricesMB"/>
  <testcase name="checkLMExchangePriceM2" time="0.157" classname="testcases.A3Dev1000CheckExchangePricesMB"/>
  <testcase name="checkBuyNowExchangePriceM2" time="0.153" classname="testcases.A3Dev1000CheckExchangePricesMB"/>
  <testcase name="checkBidExchangePrice" time="0.142" classname="testcases.A3Dev1000CheckExchangePricesMB"/>
  <testcase name="checkBuyNowExchangePrice" time="0.163" classname="testcases.A3Dev1000CheckExchangePricesMB"/>
  <testcase name="checkBidExchangePriceM2" time="0.178" classname="testcases.A3Dev1000CheckExchangePricesMB"/>
  <testcase name="checkBuyNowExchangePriceM2Campaign2" time="0.146" classname="testcases.A3Dev1000CheckExchangePricesMB"/>
  <testcase name="checkBuyNowExchangePrice" time="0.128" classname="testcases.A3Dev1000CheckExchangePricesMB"/>
  <testcase name="checkBidExchangePrice" time="0.152" classname="testcases.A3Dev1000CheckExchangePricesMB"/>
  <testcase name="checkLMExchangePriceM2" time="0.160" classname="testcases.A3Dev1000CheckExchangePricesMB"/>
  <testcase name="checkBuyNowExchangePriceM2" time="0.148" classname="testcases.A3Dev1000CheckExchangePricesMB"/>
  <testcase name="checkBuyNowExchangePriceM2Campaign2" time="0.171" classname="testcases.A3Dev1000CheckExchangePricesMB"/>
  <testcase name="checkBidExchangePrice" time="0.139" classname="testcases.A3Dev1000CheckExchangePricesMB"/>
  <testcase name="findBuyNowInventoryForMedia2" time="7.733" classname="testcases.A3Dev1000CheckExchangePricesMB"/>
  <testcase name="checkBuyNowExchangePriceM2Campaign1" time="0.162" classname="testcases.A3Dev1000CheckExchangePricesMB"/>
  <testcase name="checkBuyNowExchangePriceM2Campaign1" time="0.147" classname="testcases.A3Dev1000CheckExchangePricesMB"/>
  <testcase name="checkBuyNowExchangePriceM2Campaign1" time="0.181" classname="testcases.A3Dev1000CheckExchangePricesMB"/>
  <testcase name="checkBidExchangePriceM2" time="0.153" classname="testcases.A3Dev1000CheckExchangePricesMB"/>
  <testcase name="checkLMExchangePriceM2" time="0.164" classname="testcases.A3Dev1000CheckExchangePricesMB"/>
  <testcase name="checkLMExchangePriceM2" time="0.154" classname="testcases.A3Dev1000CheckExchangePricesMB"/>
  <testcase name="checkBidExchangePriceM2" time="0.160" classname="testcases.A3Dev1000CheckExchangePricesMB"/>
  <testcase name="checkLMExchangePriceM2" time="0.158" classname="testcases.A3Dev1000CheckExchangePricesMB"/>
  <testcase name="checkBuyNowExchangePriceM2Campaign1" time="0.142" classname="testcases.A3Dev1000CheckExchangePricesMB"/>
  <testcase name="checkLMExchangePriceM2" time="0.153" classname="testcases.A3Dev1000CheckExchangePricesMB"/>
  <testcase name="findBuyNowInventoryForMedia2Campaign1" time="19.567" classname="testcases.A3Dev1000CheckExchangePricesMB"/>
  <testcase name="checkBuyNowExchangePriceM2Campaign2" time="0.140" classname="testcases.A3Dev1000CheckExchangePricesMB"/>
  <testcase name="checkLMExchangePrice" time="0.139" classname="testcases.A3Dev1000CheckExchangePricesMB"/>
  <testcase name="checkBuyNowExchangePriceM2Campaign2" time="0.142" classname="testcases.A3Dev1000CheckExchangePricesMB"/>
  <testcase name="checkBidExchangePriceM2" time="0.164" classname="testcases.A3Dev1000CheckExchangePricesMB"/>
  <testcase name="checkLMExchangePriceM2" time="0.154" classname="testcases.A3Dev1000CheckExchangePricesMB"/>
  <testcase name="checkBidExchangePrice" time="0.135" classname="testcases.A3Dev1000CheckExchangePricesMB"/>
  <testcase name="checkBuyNowExchangePriceM2Campaign1" time="0.141" classname="testcases.A3Dev1000CheckExchangePricesMB"/>
  <testcase name="findBuyNowInventoryForMedia2Campaign2" time="19.533" classname="testcases.A3Dev1000CheckExchangePricesMB"/>
  <testcase name="checkLMExchangePriceM2" time="0.241" classname="testcases.A3Dev1000CheckExchangePricesMB"/>
  <testcase name="checkBuyNowExchangePriceWithCampaign1" time="0.154" classname="testcases.A3Dev1000CheckExchangePricesMB"/>
  <testcase name="checkBuyNowExchangePriceM2" time="0.142" classname="testcases.A3Dev1000CheckExchangePricesMB"/>
  <testcase name="checkBidExchangePrice" time="0.175" classname="testcases.A3Dev1000CheckExchangePricesMB"/>
  <testcase name="checkBidExchangePriceM2" time="0.170" classname="testcases.A3Dev1000CheckExchangePricesMB"/>
  <testcase name="checkBuyNowExchangePriceM2" time="0.138" classname="testcases.A3Dev1000CheckExchangePricesMB"/>
  <testcase name="checkLMExchangePriceM2" time="0.182" classname="testcases.A3Dev1000CheckExchangePricesMB"/>
  <testcase name="findBuyNowInventoryForMedia1WithCampaign1" time="20.484" classname="testcases.A3Dev1000CheckExchangePricesMB"/>
  <testcase name="checkLMExchangePrice" time="0.169" classname="testcases.A3Dev1000CheckExchangePricesMB"/>
  <testcase name="checkBuyNowExchangePriceM2Campaign1" time="0.145" classname="testcases.A3Dev1000CheckExchangePricesMB"/>
  <testcase name="checkBuyNowExchangePriceM2Campaign2" time="0.150" classname="testcases.A3Dev1000CheckExchangePricesMB"/>
  <testcase name="checkLMExchangePriceM2" time="0.178" classname="testcases.A3Dev1000CheckExchangePricesMB"/>
  <testcase name="checkBuyNowExchangePriceM2Campaign1" time="0.144" classname="testcases.A3Dev1000CheckExchangePricesMB"/>
  <testcase name="checkBuyNowExchangePriceM2Campaign2" time="0.150" classname="testcases.A3Dev1000CheckExchangePricesMB"/>
  <testcase name="checkBuyNowExchangePrice" time="0.125" classname="testcases.A3Dev1000CheckExchangePricesMB"/>
  <testcase name="checkBuyNowExchangePriceWithCampaign1" time="0.120" classname="testcases.A3Dev1000CheckExchangePricesMB"/>
  <testcase name="checkBuyNowExchangePriceM2Campaign2" time="0.145" classname="testcases.A3Dev1000CheckExchangePricesMB"/>
  <testcase name="checkBuyNowExchangePriceCampaign2" time="0.126" classname="testcases.A3Dev1000CheckExchangePricesMB"/>
  <testcase name="checkBuyNowExchangePriceM2" time="0.142" classname="testcases.A3Dev1000CheckExchangePricesMB"/>
  <testcase name="checkBuyNowExchangePriceCampaign2" time="0.128" classname="testcases.A3Dev1000CheckExchangePricesMB"/>
  <testcase name="checkLMExchangePrice" time="0.142" classname="testcases.A3Dev1000CheckExchangePricesMB"/>
  <testcase name="checkLMExchangePrice" time="0.145" classname="testcases.A3Dev1000CheckExchangePricesMB"/>
  <testcase name="findBidInventoryForMedia2" time="8.185" classname="testcases.A3Dev1000CheckExchangePricesMB"/>
  <testcase name="checkBuyNowExchangePriceM2" time="0.148" classname="testcases.A3Dev1000CheckExchangePricesMB"/>
  <testcase name="checkBuyNowExchangePrice" time="0.131" classname="testcases.A3Dev1000CheckExchangePricesMB"/>
  <testcase name="checkBuyNowExchangePriceM2Campaign2" time="0.146" classname="testcases.A3Dev1000CheckExchangePricesMB"/>
  <testcase name="findBidInventoryForMedia1" time="7.689" classname="testcases.A3Dev1000CheckExchangePricesMB"/>
  <testcase name="checkBuyNowExchangePriceM2" time="0.148" classname="testcases.A3Dev1000CheckExchangePricesMB"/>
  <testcase name="checkBuyNowExchangePriceM2Campaign2" time="0.154" classname="testcases.A3Dev1000CheckExchangePricesMB"/>
  <testcase name="checkBuyNowExchangePriceM2Campaign2" time="0.139" classname="testcases.A3Dev1000CheckExchangePricesMB"/>
  <testcase name="checkBuyNowExchangePriceM2" time="0.155" classname="testcases.A3Dev1000CheckExchangePricesMB"/>
  <testcase name="checkBuyNowExchangePriceWithCampaign1" time="0.134" classname="testcases.A3Dev1000CheckExchangePricesMB"/>
  <testcase name="checkLMExchangePriceM2" time="0.165" classname="testcases.A3Dev1000CheckExchangePricesMB"/>
  <testcase name="checkBuyNowExchangePriceM2" time="0.144" classname="testcases.A3Dev1000CheckExchangePricesMB"/>
  <testcase name="checkBuyNowExchangePriceM2Campaign2" time="0.139" classname="testcases.A3Dev1000CheckExchangePricesMB"/>
  <testcase name="findBuyNowInventoryForMedia1" time="7.450" classname="testcases.A3Dev1000CheckExchangePricesMB"/>
  <testcase name="checkBuyNowExchangePriceM2Campaign1" time="0.141" classname="testcases.A3Dev1000CheckExchangePricesMB"/>
  <testcase name="checkLMExchangePrice" time="0.147" classname="testcases.A3Dev1000CheckExchangePricesMB"/>
  <testcase name="checkBidExchangePriceM2" time="0.156" classname="testcases.A3Dev1000CheckExchangePricesMB"/>
  <testcase name="checkBuyNowExchangePriceWithCampaign1" time="0.124" classname="testcases.A3Dev1000CheckExchangePricesMB"/>
  <testcase name="checkBuyNowExchangePriceCampaign2" time="0.145" classname="testcases.A3Dev1000CheckExchangePricesMB"/>
  <testcase name="findLMInventoryForMedia2" time="26.918" classname="testcases.A3Dev1000CheckExchangePricesMB"/>
  <testcase name="checkBidExchangePriceM2" time="0.195" classname="testcases.A3Dev1000CheckExchangePricesMB"/>
</testsuite> <!-- testcases.A3Dev1000CheckExchangePricesMB -->
