<?xml version="1.0" encoding="UTF-8"?>
<!-- Generated by org.testng.reporters.JUnitReportReporter -->
<testsuite hostname="mbpro-dejuan.local" name="testcases.C1Dev1000MBBulkBid" tests="1" failures="0" timestamp="23 Nov 2016 09:51:10 GMT" time="64.931" errors="0">
  <testcase name="AddToMyLotsAndBid" time="64.931" classname="testcases.C1Dev1000MBBulkBid"/>
</testsuite> <!-- testcases.C1Dev1000MBBulkBid -->
